{"C:\\Users\\manga\\OneDrive\\Desktop\\My Little Poli\\Softeng 2\\ThesisManagement\\server\\db.js": {"path":"C:\\Users\\manga\\OneDrive\\Desktop\\My Little Poli\\Softeng 2\\ThesisManagement\\server\\db.js","statementMap":{"0":{"start":{"line":3,"column":15},"end":{"line":3,"column":33}},"1":{"start":{"line":4,"column":15},"end":{"line":4,"column":32}},"2":{"start":{"line":5,"column":20},"end":{"line":5,"column":38}},"3":{"start":{"line":8,"column":9},"end":{"line":10,"column":2}},"4":{"start":{"line":9,"column":2},"end":{"line":9,"column":21}},"5":{"start":{"line":9,"column":11},"end":{"line":9,"column":21}},"6":{"start":{"line":12,"column":0},"end":{"line":14,"column":1}},"7":{"start":{"line":13,"column":2},"end":{"line":13,"column":16}},"8":{"start":{"line":16,"column":0},"end":{"line":33,"column":2}},"9":{"start":{"line":17,"column":2},"end":{"line":32,"column":5}},"10":{"start":{"line":18,"column":16},"end":{"line":18,"column":54}},"11":{"start":{"line":19,"column":4},"end":{"line":31,"column":7}},"12":{"start":{"line":20,"column":6},"end":{"line":30,"column":7}},"13":{"start":{"line":21,"column":8},"end":{"line":21,"column":20}},"14":{"start":{"line":22,"column":8},"end":{"line":22,"column":15}},"15":{"start":{"line":25,"column":23},"end":{"line":25,"column":25}},"16":{"start":{"line":26,"column":8},"end":{"line":28,"column":11}},"17":{"start":{"line":27,"column":10},"end":{"line":27,"column":37}},"18":{"start":{"line":29,"column":8},"end":{"line":29,"column":26}},"19":{"start":{"line":35,"column":0},"end":{"line":52,"column":2}},"20":{"start":{"line":36,"column":2},"end":{"line":51,"column":5}},"21":{"start":{"line":37,"column":16},"end":{"line":37,"column":60}},"22":{"start":{"line":38,"column":4},"end":{"line":50,"column":7}},"23":{"start":{"line":39,"column":6},"end":{"line":49,"column":7}},"24":{"start":{"line":40,"column":8},"end":{"line":40,"column":20}},"25":{"start":{"line":41,"column":8},"end":{"line":41,"column":15}},"26":{"start":{"line":44,"column":23},"end":{"line":44,"column":25}},"27":{"start":{"line":45,"column":8},"end":{"line":47,"column":11}},"28":{"start":{"line":46,"column":10},"end":{"line":46,"column":37}},"29":{"start":{"line":48,"column":8},"end":{"line":48,"column":26}},"30":{"start":{"line":55,"column":0},"end":{"line":72,"column":2}},"31":{"start":{"line":56,"column":2},"end":{"line":71,"column":5}},"32":{"start":{"line":57,"column":16},"end":{"line":57,"column":48}},"33":{"start":{"line":58,"column":4},"end":{"line":70,"column":7}},"34":{"start":{"line":59,"column":6},"end":{"line":69,"column":7}},"35":{"start":{"line":60,"column":8},"end":{"line":60,"column":20}},"36":{"start":{"line":61,"column":8},"end":{"line":61,"column":15}},"37":{"start":{"line":64,"column":20},"end":{"line":64,"column":22}},"38":{"start":{"line":65,"column":8},"end":{"line":67,"column":9}},"39":{"start":{"line":66,"column":10},"end":{"line":66,"column":31}},"40":{"start":{"line":68,"column":8},"end":{"line":68,"column":22}},"41":{"start":{"line":74,"column":0},"end":{"line":91,"column":2}},"42":{"start":{"line":75,"column":2},"end":{"line":90,"column":5}},"43":{"start":{"line":76,"column":16},"end":{"line":76,"column":54}},"44":{"start":{"line":77,"column":4},"end":{"line":89,"column":7}},"45":{"start":{"line":78,"column":6},"end":{"line":88,"column":7}},"46":{"start":{"line":79,"column":8},"end":{"line":79,"column":20}},"47":{"start":{"line":80,"column":8},"end":{"line":80,"column":15}},"48":{"start":{"line":83,"column":20},"end":{"line":83,"column":22}},"49":{"start":{"line":84,"column":8},"end":{"line":86,"column":9}},"50":{"start":{"line":85,"column":10},"end":{"line":85,"column":31}},"51":{"start":{"line":87,"column":8},"end":{"line":87,"column":22}},"52":{"start":{"line":93,"column":0},"end":{"line":113,"column":2}},"53":{"start":{"line":94,"column":2},"end":{"line":112,"column":5}},"54":{"start":{"line":95,"column":16},"end":{"line":95,"column":60}},"55":{"start":{"line":96,"column":4},"end":{"line":111,"column":7}},"56":{"start":{"line":97,"column":6},"end":{"line":110,"column":7}},"57":{"start":{"line":98,"column":8},"end":{"line":98,"column":20}},"58":{"start":{"line":99,"column":8},"end":{"line":99,"column":15}},"59":{"start":{"line":102,"column":25},"end":{"line":107,"column":11}},"60":{"start":{"line":102,"column":45},"end":{"line":107,"column":9}},"61":{"start":{"line":109,"column":8},"end":{"line":109,"column":25}},"62":{"start":{"line":115,"column":0},"end":{"line":133,"column":2}},"63":{"start":{"line":116,"column":2},"end":{"line":132,"column":5}},"64":{"start":{"line":117,"column":16},"end":{"line":117,"column":61}},"65":{"start":{"line":118,"column":4},"end":{"line":131,"column":7}},"66":{"start":{"line":119,"column":6},"end":{"line":130,"column":7}},"67":{"start":{"line":120,"column":8},"end":{"line":120,"column":20}},"68":{"start":{"line":121,"column":8},"end":{"line":121,"column":15}},"69":{"start":{"line":124,"column":22},"end":{"line":127,"column":9}},"70":{"start":{"line":129,"column":8},"end":{"line":129,"column":24}},"71":{"start":{"line":135,"column":0},"end":{"line":154,"column":2}},"72":{"start":{"line":136,"column":2},"end":{"line":153,"column":5}},"73":{"start":{"line":137,"column":16},"end":{"line":137,"column":79}},"74":{"start":{"line":138,"column":4},"end":{"line":152,"column":7}},"75":{"start":{"line":139,"column":6},"end":{"line":151,"column":7}},"76":{"start":{"line":140,"column":8},"end":{"line":140,"column":20}},"77":{"start":{"line":141,"column":8},"end":{"line":141,"column":15}},"78":{"start":{"line":144,"column":30},"end":{"line":148,"column":11}},"79":{"start":{"line":144,"column":50},"end":{"line":148,"column":9}},"80":{"start":{"line":150,"column":8},"end":{"line":150,"column":30}},"81":{"start":{"line":156,"column":0},"end":{"line":174,"column":2}},"82":{"start":{"line":157,"column":2},"end":{"line":173,"column":5}},"83":{"start":{"line":158,"column":16},"end":{"line":158,"column":64}},"84":{"start":{"line":159,"column":4},"end":{"line":172,"column":7}},"85":{"start":{"line":160,"column":6},"end":{"line":171,"column":7}},"86":{"start":{"line":161,"column":8},"end":{"line":161,"column":20}},"87":{"start":{"line":162,"column":8},"end":{"line":162,"column":15}},"88":{"start":{"line":165,"column":28},"end":{"line":165,"column":30}},"89":{"start":{"line":166,"column":8},"end":{"line":168,"column":11}},"90":{"start":{"line":167,"column":10},"end":{"line":167,"column":40}},"91":{"start":{"line":170,"column":8},"end":{"line":170,"column":30}},"92":{"start":{"line":176,"column":0},"end":{"line":193,"column":2}},"93":{"start":{"line":177,"column":2},"end":{"line":192,"column":5}},"94":{"start":{"line":178,"column":16},"end":{"line":178,"column":38}},"95":{"start":{"line":179,"column":4},"end":{"line":191,"column":7}},"96":{"start":{"line":180,"column":6},"end":{"line":190,"column":7}},"97":{"start":{"line":181,"column":8},"end":{"line":181,"column":20}},"98":{"start":{"line":182,"column":8},"end":{"line":182,"column":15}},"99":{"start":{"line":185,"column":20},"end":{"line":188,"column":11}},"100":{"start":{"line":185,"column":40},"end":{"line":188,"column":9}},"101":{"start":{"line":189,"column":8},"end":{"line":189,"column":20}},"102":{"start":{"line":195,"column":0},"end":{"line":208,"column":2}},"103":{"start":{"line":196,"column":2},"end":{"line":207,"column":5}},"104":{"start":{"line":197,"column":16},"end":{"line":197,"column":71}},"105":{"start":{"line":198,"column":4},"end":{"line":206,"column":7}},"106":{"start":{"line":199,"column":6},"end":{"line":205,"column":7}},"107":{"start":{"line":200,"column":8},"end":{"line":200,"column":20}},"108":{"start":{"line":201,"column":8},"end":{"line":201,"column":15}},"109":{"start":{"line":204,"column":8},"end":{"line":204,"column":36}},"110":{"start":{"line":210,"column":0},"end":{"line":226,"column":2}},"111":{"start":{"line":211,"column":2},"end":{"line":225,"column":5}},"112":{"start":{"line":212,"column":16},"end":{"line":212,"column":40}},"113":{"start":{"line":213,"column":4},"end":{"line":224,"column":7}},"114":{"start":{"line":214,"column":6},"end":{"line":223,"column":7}},"115":{"start":{"line":215,"column":8},"end":{"line":215,"column":20}},"116":{"start":{"line":216,"column":8},"end":{"line":216,"column":15}},"117":{"start":{"line":218,"column":23},"end":{"line":221,"column":11}},"118":{"start":{"line":218,"column":43},"end":{"line":221,"column":9}},"119":{"start":{"line":222,"column":8},"end":{"line":222,"column":24}},"120":{"start":{"line":228,"column":0},"end":{"line":241,"column":2}},"121":{"start":{"line":229,"column":2},"end":{"line":240,"column":5}},"122":{"start":{"line":230,"column":16},"end":{"line":230,"column":66}},"123":{"start":{"line":231,"column":4},"end":{"line":239,"column":7}},"124":{"start":{"line":232,"column":6},"end":{"line":238,"column":7}},"125":{"start":{"line":233,"column":8},"end":{"line":233,"column":20}},"126":{"start":{"line":234,"column":8},"end":{"line":234,"column":15}},"127":{"start":{"line":237,"column":8},"end":{"line":237,"column":31}},"128":{"start":{"line":243,"column":0},"end":{"line":256,"column":1}},"129":{"start":{"line":244,"column":2},"end":{"line":255,"column":5}},"130":{"start":{"line":245,"column":16},"end":{"line":245,"column":68}},"131":{"start":{"line":246,"column":4},"end":{"line":254,"column":7}},"132":{"start":{"line":247,"column":6},"end":{"line":253,"column":7}},"133":{"start":{"line":248,"column":8},"end":{"line":248,"column":20}},"134":{"start":{"line":249,"column":8},"end":{"line":249,"column":15}},"135":{"start":{"line":252,"column":8},"end":{"line":252,"column":33}},"136":{"start":{"line":258,"column":0},"end":{"line":275,"column":2}},"137":{"start":{"line":259,"column":2},"end":{"line":274,"column":5}},"138":{"start":{"line":260,"column":16},"end":{"line":260,"column":376}},"139":{"start":{"line":261,"column":4},"end":{"line":273,"column":7}},"140":{"start":{"line":262,"column":6},"end":{"line":272,"column":7}},"141":{"start":{"line":263,"column":8},"end":{"line":263,"column":20}},"142":{"start":{"line":264,"column":8},"end":{"line":264,"column":15}},"143":{"start":{"line":267,"column":23},"end":{"line":270,"column":11}},"144":{"start":{"line":267,"column":43},"end":{"line":270,"column":9}},"145":{"start":{"line":271,"column":8},"end":{"line":271,"column":23}},"146":{"start":{"line":277,"column":0},"end":{"line":294,"column":2}},"147":{"start":{"line":278,"column":2},"end":{"line":293,"column":5}},"148":{"start":{"line":279,"column":16},"end":{"line":279,"column":332}},"149":{"start":{"line":280,"column":4},"end":{"line":292,"column":7}},"150":{"start":{"line":281,"column":6},"end":{"line":291,"column":7}},"151":{"start":{"line":282,"column":8},"end":{"line":282,"column":20}},"152":{"start":{"line":283,"column":8},"end":{"line":283,"column":15}},"153":{"start":{"line":286,"column":21},"end":{"line":286,"column":23}},"154":{"start":{"line":287,"column":8},"end":{"line":289,"column":10}},"155":{"start":{"line":288,"column":10},"end":{"line":288,"column":37}},"156":{"start":{"line":290,"column":8},"end":{"line":290,"column":23}},"157":{"start":{"line":296,"column":0},"end":{"line":353,"column":2}},"158":{"start":{"line":297,"column":2},"end":{"line":352,"column":5}},"159":{"start":{"line":298,"column":29},"end":{"line":298,"column":174}},"160":{"start":{"line":299,"column":29},"end":{"line":299,"column":176}},"161":{"start":{"line":301,"column":37},"end":{"line":317,"column":5}},"162":{"start":{"line":302,"column":6},"end":{"line":316,"column":7}},"163":{"start":{"line":303,"column":8},"end":{"line":303,"column":20}},"164":{"start":{"line":305,"column":8},"end":{"line":315,"column":9}},"165":{"start":{"line":306,"column":10},"end":{"line":312,"column":13}},"166":{"start":{"line":314,"column":10},"end":{"line":314,"column":24}},"167":{"start":{"line":319,"column":37},"end":{"line":335,"column":5}},"168":{"start":{"line":320,"column":6},"end":{"line":334,"column":7}},"169":{"start":{"line":321,"column":8},"end":{"line":321,"column":20}},"170":{"start":{"line":323,"column":8},"end":{"line":333,"column":9}},"171":{"start":{"line":324,"column":10},"end":{"line":330,"column":13}},"172":{"start":{"line":332,"column":10},"end":{"line":332,"column":22}},"173":{"start":{"line":337,"column":24},"end":{"line":341,"column":5}},"174":{"start":{"line":338,"column":6},"end":{"line":340,"column":9}},"175":{"start":{"line":339,"column":8},"end":{"line":339,"column":44}},"176":{"start":{"line":343,"column":24},"end":{"line":347,"column":5}},"177":{"start":{"line":344,"column":6},"end":{"line":346,"column":9}},"178":{"start":{"line":345,"column":8},"end":{"line":345,"column":44}},"179":{"start":{"line":351,"column":4},"end":{"line":351,"column":18}},"180":{"start":{"line":354,"column":0},"end":{"line":385,"column":1}},"181":{"start":{"line":355,"column":2},"end":{"line":384,"column":5}},"182":{"start":{"line":356,"column":16},"end":{"line":356,"column":370}},"183":{"start":{"line":357,"column":4},"end":{"line":383,"column":7}},"184":{"start":{"line":358,"column":6},"end":{"line":382,"column":7}},"185":{"start":{"line":359,"column":8},"end":{"line":359,"column":20}},"186":{"start":{"line":360,"column":8},"end":{"line":360,"column":15}},"187":{"start":{"line":363,"column":8},"end":{"line":381,"column":9}},"188":{"start":{"line":364,"column":25},"end":{"line":377,"column":13}},"189":{"start":{"line":364,"column":45},"end":{"line":377,"column":11}},"190":{"start":{"line":378,"column":10},"end":{"line":378,"column":25}},"191":{"start":{"line":380,"column":10},"end":{"line":380,"column":21}},"192":{"start":{"line":387,"column":0},"end":{"line":417,"column":1}},"193":{"start":{"line":388,"column":2},"end":{"line":416,"column":5}},"194":{"start":{"line":389,"column":16},"end":{"line":389,"column":419}},"195":{"start":{"line":390,"column":4},"end":{"line":415,"column":7}},"196":{"start":{"line":391,"column":6},"end":{"line":414,"column":7}},"197":{"start":{"line":392,"column":8},"end":{"line":392,"column":20}},"198":{"start":{"line":393,"column":8},"end":{"line":393,"column":15}},"199":{"start":{"line":396,"column":8},"end":{"line":413,"column":9}},"200":{"start":{"line":397,"column":25},"end":{"line":408,"column":13}},"201":{"start":{"line":397,"column":45},"end":{"line":408,"column":11}},"202":{"start":{"line":410,"column":10},"end":{"line":410,"column":25}},"203":{"start":{"line":412,"column":10},"end":{"line":412,"column":21}},"204":{"start":{"line":420,"column":0},"end":{"line":431,"column":2}},"205":{"start":{"line":421,"column":2},"end":{"line":430,"column":5}},"206":{"start":{"line":422,"column":16},"end":{"line":422,"column":159}},"207":{"start":{"line":423,"column":4},"end":{"line":429,"column":7}},"208":{"start":{"line":424,"column":6},"end":{"line":427,"column":7}},"209":{"start":{"line":425,"column":8},"end":{"line":425,"column":20}},"210":{"start":{"line":426,"column":8},"end":{"line":426,"column":15}},"211":{"start":{"line":428,"column":6},"end":{"line":428,"column":27}},"212":{"start":{"line":433,"column":0},"end":{"line":444,"column":2}},"213":{"start":{"line":434,"column":2},"end":{"line":443,"column":5}},"214":{"start":{"line":435,"column":16},"end":{"line":435,"column":93}},"215":{"start":{"line":436,"column":4},"end":{"line":442,"column":7}},"216":{"start":{"line":437,"column":6},"end":{"line":440,"column":7}},"217":{"start":{"line":438,"column":8},"end":{"line":438,"column":20}},"218":{"start":{"line":439,"column":8},"end":{"line":439,"column":15}},"219":{"start":{"line":441,"column":6},"end":{"line":441,"column":27}},"220":{"start":{"line":446,"column":0},"end":{"line":457,"column":2}},"221":{"start":{"line":447,"column":2},"end":{"line":456,"column":5}},"222":{"start":{"line":448,"column":16},"end":{"line":448,"column":68}},"223":{"start":{"line":449,"column":4},"end":{"line":455,"column":7}},"224":{"start":{"line":450,"column":6},"end":{"line":453,"column":7}},"225":{"start":{"line":451,"column":8},"end":{"line":451,"column":20}},"226":{"start":{"line":452,"column":8},"end":{"line":452,"column":15}},"227":{"start":{"line":454,"column":6},"end":{"line":454,"column":27}},"228":{"start":{"line":459,"column":0},"end":{"line":470,"column":1}},"229":{"start":{"line":460,"column":2},"end":{"line":469,"column":5}},"230":{"start":{"line":461,"column":16},"end":{"line":461,"column":72}},"231":{"start":{"line":462,"column":4},"end":{"line":468,"column":7}},"232":{"start":{"line":463,"column":6},"end":{"line":466,"column":7}},"233":{"start":{"line":464,"column":8},"end":{"line":464,"column":20}},"234":{"start":{"line":465,"column":8},"end":{"line":465,"column":15}},"235":{"start":{"line":467,"column":6},"end":{"line":467,"column":27}},"236":{"start":{"line":472,"column":0},"end":{"line":483,"column":1}},"237":{"start":{"line":473,"column":2},"end":{"line":482,"column":5}},"238":{"start":{"line":474,"column":16},"end":{"line":474,"column":62}},"239":{"start":{"line":475,"column":4},"end":{"line":481,"column":7}},"240":{"start":{"line":476,"column":6},"end":{"line":479,"column":7}},"241":{"start":{"line":477,"column":8},"end":{"line":477,"column":20}},"242":{"start":{"line":478,"column":8},"end":{"line":478,"column":15}},"243":{"start":{"line":480,"column":6},"end":{"line":480,"column":27}},"244":{"start":{"line":487,"column":0},"end":{"line":512,"column":2}},"245":{"start":{"line":488,"column":2},"end":{"line":511,"column":5}},"246":{"start":{"line":489,"column":16},"end":{"line":489,"column":56}},"247":{"start":{"line":490,"column":4},"end":{"line":510,"column":7}},"248":{"start":{"line":491,"column":6},"end":{"line":494,"column":7}},"249":{"start":{"line":492,"column":8},"end":{"line":492,"column":20}},"250":{"start":{"line":493,"column":8},"end":{"line":493,"column":15}},"251":{"start":{"line":495,"column":6},"end":{"line":509,"column":7}},"252":{"start":{"line":496,"column":8},"end":{"line":496,"column":47}},"253":{"start":{"line":498,"column":21},"end":{"line":507,"column":9}},"254":{"start":{"line":508,"column":8},"end":{"line":508,"column":24}},"255":{"start":{"line":514,"column":0},"end":{"line":529,"column":2}},"256":{"start":{"line":515,"column":2},"end":{"line":528,"column":5}},"257":{"start":{"line":516,"column":16},"end":{"line":516,"column":124}},"258":{"start":{"line":517,"column":4},"end":{"line":527,"column":7}},"259":{"start":{"line":518,"column":6},"end":{"line":521,"column":7}},"260":{"start":{"line":519,"column":8},"end":{"line":519,"column":20}},"261":{"start":{"line":520,"column":8},"end":{"line":520,"column":15}},"262":{"start":{"line":522,"column":6},"end":{"line":526,"column":7}},"263":{"start":{"line":523,"column":8},"end":{"line":523,"column":47}},"264":{"start":{"line":525,"column":8},"end":{"line":525,"column":72}},"265":{"start":{"line":532,"column":0},"end":{"line":543,"column":1}},"266":{"start":{"line":533,"column":2},"end":{"line":542,"column":5}},"267":{"start":{"line":534,"column":16},"end":{"line":534,"column":110}},"268":{"start":{"line":535,"column":4},"end":{"line":541,"column":7}},"269":{"start":{"line":536,"column":6},"end":{"line":539,"column":7}},"270":{"start":{"line":537,"column":8},"end":{"line":537,"column":20}},"271":{"start":{"line":538,"column":8},"end":{"line":538,"column":15}},"272":{"start":{"line":540,"column":6},"end":{"line":540,"column":27}},"273":{"start":{"line":545,"column":0},"end":{"line":573,"column":1}},"274":{"start":{"line":546,"column":2},"end":{"line":572,"column":5}},"275":{"start":{"line":547,"column":16},"end":{"line":547,"column":378}},"276":{"start":{"line":548,"column":4},"end":{"line":571,"column":7}},"277":{"start":{"line":549,"column":6},"end":{"line":569,"column":7}},"278":{"start":{"line":550,"column":8},"end":{"line":550,"column":20}},"279":{"start":{"line":551,"column":8},"end":{"line":551,"column":15}},"280":{"start":{"line":553,"column":27},"end":{"line":566,"column":11}},"281":{"start":{"line":553,"column":45},"end":{"line":566,"column":9}},"282":{"start":{"line":568,"column":8},"end":{"line":568,"column":29}},"283":{"start":{"line":576,"column":0},"end":{"line":603,"column":1}},"284":{"start":{"line":577,"column":2},"end":{"line":602,"column":5}},"285":{"start":{"line":578,"column":16},"end":{"line":578,"column":273}},"286":{"start":{"line":579,"column":4},"end":{"line":601,"column":7}},"287":{"start":{"line":580,"column":6},"end":{"line":599,"column":7}},"288":{"start":{"line":581,"column":8},"end":{"line":581,"column":20}},"289":{"start":{"line":582,"column":8},"end":{"line":582,"column":15}},"290":{"start":{"line":584,"column":27},"end":{"line":596,"column":11}},"291":{"start":{"line":584,"column":45},"end":{"line":596,"column":9}},"292":{"start":{"line":598,"column":8},"end":{"line":598,"column":29}},"293":{"start":{"line":606,"column":0},"end":{"line":628,"column":1}},"294":{"start":{"line":607,"column":2},"end":{"line":627,"column":5}},"295":{"start":{"line":608,"column":16},"end":{"line":608,"column":98}},"296":{"start":{"line":609,"column":4},"end":{"line":626,"column":7}},"297":{"start":{"line":610,"column":6},"end":{"line":625,"column":7}},"298":{"start":{"line":611,"column":8},"end":{"line":611,"column":20}},"299":{"start":{"line":612,"column":8},"end":{"line":612,"column":15}},"300":{"start":{"line":615,"column":8},"end":{"line":624,"column":9}},"301":{"start":{"line":616,"column":10},"end":{"line":616,"column":43}},"302":{"start":{"line":618,"column":28},"end":{"line":622,"column":11}},"303":{"start":{"line":623,"column":10},"end":{"line":623,"column":52}},"304":{"start":{"line":631,"column":0},"end":{"line":652,"column":1}},"305":{"start":{"line":632,"column":2},"end":{"line":651,"column":5}},"306":{"start":{"line":633,"column":16},"end":{"line":633,"column":127}},"307":{"start":{"line":634,"column":4},"end":{"line":650,"column":7}},"308":{"start":{"line":635,"column":6},"end":{"line":649,"column":7}},"309":{"start":{"line":636,"column":8},"end":{"line":636,"column":20}},"310":{"start":{"line":637,"column":8},"end":{"line":637,"column":15}},"311":{"start":{"line":640,"column":8},"end":{"line":648,"column":9}},"312":{"start":{"line":641,"column":10},"end":{"line":641,"column":43}},"313":{"start":{"line":643,"column":30},"end":{"line":646,"column":11}},"314":{"start":{"line":647,"column":10},"end":{"line":647,"column":54}},"315":{"start":{"line":655,"column":0},"end":{"line":666,"column":2}},"316":{"start":{"line":656,"column":2},"end":{"line":665,"column":5}},"317":{"start":{"line":657,"column":16},"end":{"line":657,"column":104}},"318":{"start":{"line":658,"column":4},"end":{"line":664,"column":7}},"319":{"start":{"line":659,"column":6},"end":{"line":662,"column":7}},"320":{"start":{"line":660,"column":8},"end":{"line":660,"column":20}},"321":{"start":{"line":661,"column":8},"end":{"line":661,"column":15}},"322":{"start":{"line":663,"column":6},"end":{"line":663,"column":26}},"323":{"start":{"line":670,"column":0},"end":{"line":681,"column":2}},"324":{"start":{"line":671,"column":2},"end":{"line":680,"column":5}},"325":{"start":{"line":672,"column":16},"end":{"line":672,"column":106}},"326":{"start":{"line":673,"column":4},"end":{"line":679,"column":7}},"327":{"start":{"line":674,"column":6},"end":{"line":677,"column":7}},"328":{"start":{"line":675,"column":8},"end":{"line":675,"column":20}},"329":{"start":{"line":676,"column":8},"end":{"line":676,"column":15}},"330":{"start":{"line":678,"column":6},"end":{"line":678,"column":26}},"331":{"start":{"line":685,"column":0},"end":{"line":696,"column":2}},"332":{"start":{"line":686,"column":2},"end":{"line":695,"column":5}},"333":{"start":{"line":687,"column":16},"end":{"line":687,"column":104}},"334":{"start":{"line":688,"column":4},"end":{"line":694,"column":7}},"335":{"start":{"line":689,"column":6},"end":{"line":692,"column":7}},"336":{"start":{"line":690,"column":8},"end":{"line":690,"column":20}},"337":{"start":{"line":691,"column":8},"end":{"line":691,"column":15}},"338":{"start":{"line":693,"column":6},"end":{"line":693,"column":26}},"339":{"start":{"line":699,"column":0},"end":{"line":710,"column":1}},"340":{"start":{"line":700,"column":2},"end":{"line":709,"column":5}},"341":{"start":{"line":701,"column":16},"end":{"line":701,"column":83}},"342":{"start":{"line":702,"column":4},"end":{"line":708,"column":7}},"343":{"start":{"line":703,"column":6},"end":{"line":706,"column":7}},"344":{"start":{"line":704,"column":8},"end":{"line":704,"column":20}},"345":{"start":{"line":705,"column":8},"end":{"line":705,"column":15}},"346":{"start":{"line":707,"column":6},"end":{"line":707,"column":26}},"347":{"start":{"line":712,"column":0},"end":{"line":723,"column":1}},"348":{"start":{"line":713,"column":2},"end":{"line":722,"column":5}},"349":{"start":{"line":714,"column":16},"end":{"line":714,"column":83}},"350":{"start":{"line":715,"column":4},"end":{"line":721,"column":7}},"351":{"start":{"line":716,"column":6},"end":{"line":719,"column":7}},"352":{"start":{"line":717,"column":8},"end":{"line":717,"column":20}},"353":{"start":{"line":718,"column":8},"end":{"line":718,"column":15}},"354":{"start":{"line":720,"column":6},"end":{"line":720,"column":27}},"355":{"start":{"line":725,"column":0},"end":{"line":736,"column":2}},"356":{"start":{"line":726,"column":2},"end":{"line":735,"column":5}},"357":{"start":{"line":727,"column":16},"end":{"line":727,"column":161}},"358":{"start":{"line":728,"column":4},"end":{"line":734,"column":7}},"359":{"start":{"line":729,"column":6},"end":{"line":732,"column":7}},"360":{"start":{"line":730,"column":8},"end":{"line":730,"column":20}},"361":{"start":{"line":731,"column":8},"end":{"line":731,"column":15}},"362":{"start":{"line":733,"column":6},"end":{"line":733,"column":27}},"363":{"start":{"line":738,"column":0},"end":{"line":749,"column":2}},"364":{"start":{"line":739,"column":2},"end":{"line":748,"column":5}},"365":{"start":{"line":740,"column":16},"end":{"line":740,"column":60}},"366":{"start":{"line":741,"column":4},"end":{"line":747,"column":7}},"367":{"start":{"line":742,"column":6},"end":{"line":745,"column":7}},"368":{"start":{"line":743,"column":8},"end":{"line":743,"column":20}},"369":{"start":{"line":744,"column":8},"end":{"line":744,"column":15}},"370":{"start":{"line":746,"column":6},"end":{"line":746,"column":17}},"371":{"start":{"line":751,"column":0},"end":{"line":762,"column":2}},"372":{"start":{"line":752,"column":2},"end":{"line":761,"column":5}},"373":{"start":{"line":753,"column":16},"end":{"line":753,"column":54}},"374":{"start":{"line":754,"column":4},"end":{"line":760,"column":7}},"375":{"start":{"line":755,"column":6},"end":{"line":758,"column":7}},"376":{"start":{"line":756,"column":8},"end":{"line":756,"column":20}},"377":{"start":{"line":757,"column":8},"end":{"line":757,"column":15}},"378":{"start":{"line":759,"column":6},"end":{"line":759,"column":17}},"379":{"start":{"line":764,"column":0},"end":{"line":775,"column":1}},"380":{"start":{"line":765,"column":2},"end":{"line":774,"column":5}},"381":{"start":{"line":766,"column":16},"end":{"line":766,"column":51}},"382":{"start":{"line":767,"column":4},"end":{"line":773,"column":7}},"383":{"start":{"line":768,"column":6},"end":{"line":771,"column":7}},"384":{"start":{"line":769,"column":8},"end":{"line":769,"column":20}},"385":{"start":{"line":770,"column":8},"end":{"line":770,"column":15}},"386":{"start":{"line":772,"column":6},"end":{"line":772,"column":17}},"387":{"start":{"line":777,"column":0},"end":{"line":794,"column":1}},"388":{"start":{"line":778,"column":2},"end":{"line":793,"column":5}},"389":{"start":{"line":779,"column":16},"end":{"line":779,"column":67}},"390":{"start":{"line":780,"column":4},"end":{"line":792,"column":7}},"391":{"start":{"line":781,"column":6},"end":{"line":791,"column":7}},"392":{"start":{"line":782,"column":8},"end":{"line":782,"column":20}},"393":{"start":{"line":783,"column":8},"end":{"line":783,"column":15}},"394":{"start":{"line":786,"column":8},"end":{"line":790,"column":9}},"395":{"start":{"line":787,"column":10},"end":{"line":787,"column":20}},"396":{"start":{"line":789,"column":10},"end":{"line":789,"column":37}},"397":{"start":{"line":796,"column":0},"end":{"line":813,"column":1}},"398":{"start":{"line":797,"column":2},"end":{"line":812,"column":5}},"399":{"start":{"line":798,"column":16},"end":{"line":798,"column":79}},"400":{"start":{"line":799,"column":4},"end":{"line":811,"column":7}},"401":{"start":{"line":800,"column":6},"end":{"line":810,"column":7}},"402":{"start":{"line":801,"column":8},"end":{"line":801,"column":20}},"403":{"start":{"line":802,"column":8},"end":{"line":802,"column":15}},"404":{"start":{"line":805,"column":8},"end":{"line":809,"column":9}},"405":{"start":{"line":806,"column":10},"end":{"line":806,"column":20}},"406":{"start":{"line":808,"column":10},"end":{"line":808,"column":20}},"407":{"start":{"line":815,"column":0},"end":{"line":832,"column":1}},"408":{"start":{"line":816,"column":2},"end":{"line":831,"column":5}},"409":{"start":{"line":817,"column":16},"end":{"line":817,"column":48}},"410":{"start":{"line":818,"column":4},"end":{"line":830,"column":7}},"411":{"start":{"line":819,"column":6},"end":{"line":829,"column":7}},"412":{"start":{"line":820,"column":8},"end":{"line":820,"column":20}},"413":{"start":{"line":821,"column":8},"end":{"line":821,"column":15}},"414":{"start":{"line":824,"column":8},"end":{"line":828,"column":9}},"415":{"start":{"line":825,"column":10},"end":{"line":825,"column":20}},"416":{"start":{"line":827,"column":10},"end":{"line":827,"column":27}},"417":{"start":{"line":834,"column":0},"end":{"line":845,"column":1}},"418":{"start":{"line":835,"column":2},"end":{"line":844,"column":5}},"419":{"start":{"line":836,"column":16},"end":{"line":836,"column":49}},"420":{"start":{"line":837,"column":4},"end":{"line":843,"column":7}},"421":{"start":{"line":838,"column":6},"end":{"line":841,"column":7}},"422":{"start":{"line":839,"column":8},"end":{"line":839,"column":20}},"423":{"start":{"line":840,"column":8},"end":{"line":840,"column":15}},"424":{"start":{"line":842,"column":6},"end":{"line":842,"column":26}},"425":{"start":{"line":847,"column":0},"end":{"line":858,"column":1}},"426":{"start":{"line":848,"column":2},"end":{"line":857,"column":5}},"427":{"start":{"line":849,"column":16},"end":{"line":849,"column":178}},"428":{"start":{"line":850,"column":4},"end":{"line":856,"column":7}},"429":{"start":{"line":851,"column":6},"end":{"line":854,"column":7}},"430":{"start":{"line":852,"column":8},"end":{"line":852,"column":20}},"431":{"start":{"line":853,"column":8},"end":{"line":853,"column":15}},"432":{"start":{"line":855,"column":6},"end":{"line":855,"column":16}},"433":{"start":{"line":860,"column":0},"end":{"line":871,"column":1}},"434":{"start":{"line":861,"column":2},"end":{"line":870,"column":5}},"435":{"start":{"line":862,"column":16},"end":{"line":862,"column":87}},"436":{"start":{"line":863,"column":4},"end":{"line":869,"column":7}},"437":{"start":{"line":864,"column":6},"end":{"line":867,"column":7}},"438":{"start":{"line":865,"column":8},"end":{"line":865,"column":20}},"439":{"start":{"line":866,"column":8},"end":{"line":866,"column":15}},"440":{"start":{"line":868,"column":6},"end":{"line":868,"column":16}},"441":{"start":{"line":873,"column":0},"end":{"line":886,"column":1}},"442":{"start":{"line":874,"column":2},"end":{"line":885,"column":5}},"443":{"start":{"line":875,"column":16},"end":{"line":875,"column":55}},"444":{"start":{"line":876,"column":4},"end":{"line":884,"column":7}},"445":{"start":{"line":877,"column":6},"end":{"line":883,"column":7}},"446":{"start":{"line":878,"column":8},"end":{"line":878,"column":20}},"447":{"start":{"line":879,"column":8},"end":{"line":879,"column":15}},"448":{"start":{"line":882,"column":8},"end":{"line":882,"column":26}},"449":{"start":{"line":889,"column":0},"end":{"line":902,"column":1}},"450":{"start":{"line":890,"column":2},"end":{"line":901,"column":5}},"451":{"start":{"line":891,"column":16},"end":{"line":891,"column":54}},"452":{"start":{"line":892,"column":4},"end":{"line":900,"column":7}},"453":{"start":{"line":893,"column":6},"end":{"line":899,"column":7}},"454":{"start":{"line":894,"column":8},"end":{"line":894,"column":20}},"455":{"start":{"line":895,"column":8},"end":{"line":895,"column":15}},"456":{"start":{"line":898,"column":8},"end":{"line":898,"column":26}},"457":{"start":{"line":905,"column":0},"end":{"line":917,"column":2}},"458":{"start":{"line":906,"column":2},"end":{"line":915,"column":5}},"459":{"start":{"line":907,"column":16},"end":{"line":907,"column":69}},"460":{"start":{"line":908,"column":4},"end":{"line":914,"column":7}},"461":{"start":{"line":909,"column":6},"end":{"line":912,"column":7}},"462":{"start":{"line":910,"column":8},"end":{"line":910,"column":20}},"463":{"start":{"line":911,"column":8},"end":{"line":911,"column":15}},"464":{"start":{"line":913,"column":6},"end":{"line":913,"column":25}},"465":{"start":{"line":920,"column":0},"end":{"line":931,"column":2}},"466":{"start":{"line":921,"column":2},"end":{"line":930,"column":5}},"467":{"start":{"line":922,"column":16},"end":{"line":922,"column":88}},"468":{"start":{"line":923,"column":4},"end":{"line":929,"column":7}},"469":{"start":{"line":924,"column":6},"end":{"line":927,"column":7}},"470":{"start":{"line":925,"column":8},"end":{"line":925,"column":20}},"471":{"start":{"line":926,"column":8},"end":{"line":926,"column":15}},"472":{"start":{"line":928,"column":6},"end":{"line":928,"column":26}},"473":{"start":{"line":933,"column":0},"end":{"line":944,"column":2}},"474":{"start":{"line":934,"column":2},"end":{"line":943,"column":5}},"475":{"start":{"line":935,"column":16},"end":{"line":935,"column":88}},"476":{"start":{"line":936,"column":4},"end":{"line":942,"column":7}},"477":{"start":{"line":937,"column":6},"end":{"line":940,"column":7}},"478":{"start":{"line":938,"column":8},"end":{"line":938,"column":20}},"479":{"start":{"line":939,"column":8},"end":{"line":939,"column":15}},"480":{"start":{"line":941,"column":6},"end":{"line":941,"column":26}},"481":{"start":{"line":947,"column":0},"end":{"line":958,"column":1}},"482":{"start":{"line":948,"column":2},"end":{"line":957,"column":5}},"483":{"start":{"line":949,"column":16},"end":{"line":949,"column":87}},"484":{"start":{"line":950,"column":4},"end":{"line":956,"column":7}},"485":{"start":{"line":951,"column":6},"end":{"line":954,"column":7}},"486":{"start":{"line":952,"column":8},"end":{"line":952,"column":20}},"487":{"start":{"line":953,"column":8},"end":{"line":953,"column":15}},"488":{"start":{"line":955,"column":6},"end":{"line":955,"column":29}},"489":{"start":{"line":961,"column":0},"end":{"line":988,"column":1}},"490":{"start":{"line":962,"column":2},"end":{"line":987,"column":5}},"491":{"start":{"line":963,"column":16},"end":{"line":963,"column":73}},"492":{"start":{"line":964,"column":4},"end":{"line":986,"column":7}},"493":{"start":{"line":965,"column":6},"end":{"line":968,"column":7}},"494":{"start":{"line":966,"column":8},"end":{"line":966,"column":20}},"495":{"start":{"line":967,"column":8},"end":{"line":967,"column":15}},"496":{"start":{"line":969,"column":6},"end":{"line":984,"column":7}},"497":{"start":{"line":970,"column":8},"end":{"line":970,"column":20}},"498":{"start":{"line":973,"column":19},"end":{"line":981,"column":9}},"499":{"start":{"line":983,"column":8},"end":{"line":983,"column":22}},"500":{"start":{"line":990,"column":0},"end":{"line":1012,"column":1}},"501":{"start":{"line":991,"column":2},"end":{"line":1011,"column":5}},"502":{"start":{"line":992,"column":16},"end":{"line":992,"column":90}},"503":{"start":{"line":993,"column":4},"end":{"line":1010,"column":7}},"504":{"start":{"line":994,"column":6},"end":{"line":997,"column":7}},"505":{"start":{"line":995,"column":8},"end":{"line":995,"column":20}},"506":{"start":{"line":996,"column":8},"end":{"line":996,"column":15}},"507":{"start":{"line":999,"column":20},"end":{"line":1006,"column":11}},"508":{"start":{"line":999,"column":40},"end":{"line":1006,"column":9}},"509":{"start":{"line":1008,"column":8},"end":{"line":1008,"column":23}},"510":{"start":{"line":1015,"column":0},"end":{"line":1038,"column":1}},"511":{"start":{"line":1016,"column":2},"end":{"line":1037,"column":5}},"512":{"start":{"line":1017,"column":16},"end":{"line":1017,"column":77}},"513":{"start":{"line":1018,"column":4},"end":{"line":1036,"column":7}},"514":{"start":{"line":1019,"column":6},"end":{"line":1022,"column":7}},"515":{"start":{"line":1020,"column":8},"end":{"line":1020,"column":20}},"516":{"start":{"line":1021,"column":8},"end":{"line":1021,"column":15}},"517":{"start":{"line":1023,"column":6},"end":{"line":1035,"column":7}},"518":{"start":{"line":1024,"column":8},"end":{"line":1027,"column":10}},"519":{"start":{"line":1029,"column":17},"end":{"line":1032,"column":9}},"520":{"start":{"line":1034,"column":8},"end":{"line":1034,"column":20}},"521":{"start":{"line":1041,"column":0},"end":{"line":1063,"column":1}},"522":{"start":{"line":1042,"column":2},"end":{"line":1062,"column":5}},"523":{"start":{"line":1043,"column":16},"end":{"line":1043,"column":88}},"524":{"start":{"line":1044,"column":4},"end":{"line":1061,"column":7}},"525":{"start":{"line":1045,"column":6},"end":{"line":1060,"column":7}},"526":{"start":{"line":1046,"column":8},"end":{"line":1046,"column":20}},"527":{"start":{"line":1047,"column":8},"end":{"line":1047,"column":15}},"528":{"start":{"line":1050,"column":8},"end":{"line":1059,"column":9}},"529":{"start":{"line":1051,"column":10},"end":{"line":1051,"column":20}},"530":{"start":{"line":1053,"column":21},"end":{"line":1056,"column":11}},"531":{"start":{"line":1058,"column":10},"end":{"line":1058,"column":23}}},"fnMap":{"0":{"name":"(anonymous_0)","decl":{"start":{"line":8,"column":53},"end":{"line":8,"column":54}},"loc":{"start":{"line":8,"column":62},"end":{"line":10,"column":1}},"line":8},"1":{"name":"(anonymous_1)","decl":{"start":{"line":12,"column":15},"end":{"line":12,"column":16}},"loc":{"start":{"line":12,"column":29},"end":{"line":14,"column":1}},"line":12},"2":{"name":"(anonymous_2)","decl":{"start":{"line":16,"column":22},"end":{"line":16,"column":23}},"loc":{"start":{"line":16,"column":28},"end":{"line":33,"column":1}},"line":16},"3":{"name":"(anonymous_3)","decl":{"start":{"line":17,"column":21},"end":{"line":17,"column":22}},"loc":{"start":{"line":17,"column":42},"end":{"line":32,"column":3}},"line":17},"4":{"name":"(anonymous_4)","decl":{"start":{"line":19,"column":20},"end":{"line":19,"column":21}},"loc":{"start":{"line":19,"column":35},"end":{"line":31,"column":5}},"line":19},"5":{"name":"(anonymous_5)","decl":{"start":{"line":26,"column":21},"end":{"line":26,"column":22}},"loc":{"start":{"line":27,"column":10},"end":{"line":27,"column":37}},"line":27},"6":{"name":"(anonymous_6)","decl":{"start":{"line":35,"column":26},"end":{"line":35,"column":27}},"loc":{"start":{"line":35,"column":40},"end":{"line":52,"column":1}},"line":35},"7":{"name":"(anonymous_7)","decl":{"start":{"line":36,"column":21},"end":{"line":36,"column":22}},"loc":{"start":{"line":36,"column":42},"end":{"line":51,"column":3}},"line":36},"8":{"name":"(anonymous_8)","decl":{"start":{"line":38,"column":28},"end":{"line":38,"column":29}},"loc":{"start":{"line":38,"column":43},"end":{"line":50,"column":5}},"line":38},"9":{"name":"(anonymous_9)","decl":{"start":{"line":45,"column":21},"end":{"line":45,"column":22}},"loc":{"start":{"line":46,"column":10},"end":{"line":46,"column":37}},"line":46},"10":{"name":"(anonymous_10)","decl":{"start":{"line":55,"column":19},"end":{"line":55,"column":20}},"loc":{"start":{"line":55,"column":25},"end":{"line":72,"column":1}},"line":55},"11":{"name":"(anonymous_11)","decl":{"start":{"line":56,"column":21},"end":{"line":56,"column":22}},"loc":{"start":{"line":56,"column":42},"end":{"line":71,"column":3}},"line":56},"12":{"name":"(anonymous_12)","decl":{"start":{"line":58,"column":20},"end":{"line":58,"column":21}},"loc":{"start":{"line":58,"column":35},"end":{"line":70,"column":5}},"line":58},"13":{"name":"(anonymous_13)","decl":{"start":{"line":65,"column":21},"end":{"line":65,"column":22}},"loc":{"start":{"line":66,"column":10},"end":{"line":66,"column":31}},"line":66},"14":{"name":"(anonymous_14)","decl":{"start":{"line":74,"column":23},"end":{"line":74,"column":24}},"loc":{"start":{"line":74,"column":37},"end":{"line":91,"column":1}},"line":74},"15":{"name":"(anonymous_15)","decl":{"start":{"line":75,"column":21},"end":{"line":75,"column":22}},"loc":{"start":{"line":75,"column":42},"end":{"line":90,"column":3}},"line":75},"16":{"name":"(anonymous_16)","decl":{"start":{"line":77,"column":28},"end":{"line":77,"column":29}},"loc":{"start":{"line":77,"column":43},"end":{"line":89,"column":5}},"line":77},"17":{"name":"(anonymous_17)","decl":{"start":{"line":84,"column":21},"end":{"line":84,"column":22}},"loc":{"start":{"line":85,"column":10},"end":{"line":85,"column":31}},"line":85},"18":{"name":"(anonymous_18)","decl":{"start":{"line":93,"column":22},"end":{"line":93,"column":23}},"loc":{"start":{"line":93,"column":28},"end":{"line":113,"column":1}},"line":93},"19":{"name":"(anonymous_19)","decl":{"start":{"line":94,"column":21},"end":{"line":94,"column":22}},"loc":{"start":{"line":94,"column":42},"end":{"line":112,"column":3}},"line":94},"20":{"name":"(anonymous_20)","decl":{"start":{"line":96,"column":20},"end":{"line":96,"column":21}},"loc":{"start":{"line":96,"column":35},"end":{"line":111,"column":5}},"line":96},"21":{"name":"(anonymous_21)","decl":{"start":{"line":102,"column":34},"end":{"line":102,"column":35}},"loc":{"start":{"line":102,"column":45},"end":{"line":107,"column":9}},"line":102},"22":{"name":"(anonymous_22)","decl":{"start":{"line":115,"column":21},"end":{"line":115,"column":22}},"loc":{"start":{"line":115,"column":40},"end":{"line":133,"column":1}},"line":115},"23":{"name":"(anonymous_23)","decl":{"start":{"line":116,"column":21},"end":{"line":116,"column":22}},"loc":{"start":{"line":116,"column":42},"end":{"line":132,"column":3}},"line":116},"24":{"name":"(anonymous_24)","decl":{"start":{"line":118,"column":33},"end":{"line":118,"column":34}},"loc":{"start":{"line":118,"column":47},"end":{"line":131,"column":5}},"line":118},"25":{"name":"(anonymous_25)","decl":{"start":{"line":135,"column":27},"end":{"line":135,"column":28}},"loc":{"start":{"line":135,"column":41},"end":{"line":154,"column":1}},"line":135},"26":{"name":"(anonymous_26)","decl":{"start":{"line":136,"column":21},"end":{"line":136,"column":22}},"loc":{"start":{"line":136,"column":42},"end":{"line":153,"column":3}},"line":136},"27":{"name":"(anonymous_27)","decl":{"start":{"line":138,"column":28},"end":{"line":138,"column":29}},"loc":{"start":{"line":138,"column":43},"end":{"line":152,"column":5}},"line":138},"28":{"name":"(anonymous_28)","decl":{"start":{"line":144,"column":39},"end":{"line":144,"column":40}},"loc":{"start":{"line":144,"column":50},"end":{"line":148,"column":9}},"line":144},"29":{"name":"(anonymous_29)","decl":{"start":{"line":156,"column":32},"end":{"line":156,"column":33}},"loc":{"start":{"line":156,"column":46},"end":{"line":174,"column":1}},"line":156},"30":{"name":"(anonymous_30)","decl":{"start":{"line":157,"column":21},"end":{"line":157,"column":22}},"loc":{"start":{"line":157,"column":42},"end":{"line":173,"column":3}},"line":157},"31":{"name":"(anonymous_31)","decl":{"start":{"line":159,"column":28},"end":{"line":159,"column":29}},"loc":{"start":{"line":159,"column":43},"end":{"line":172,"column":5}},"line":159},"32":{"name":"(anonymous_32)","decl":{"start":{"line":166,"column":21},"end":{"line":166,"column":22}},"loc":{"start":{"line":167,"column":10},"end":{"line":167,"column":40}},"line":167},"33":{"name":"(anonymous_33)","decl":{"start":{"line":176,"column":17},"end":{"line":176,"column":18}},"loc":{"start":{"line":176,"column":23},"end":{"line":193,"column":1}},"line":176},"34":{"name":"(anonymous_34)","decl":{"start":{"line":177,"column":21},"end":{"line":177,"column":22}},"loc":{"start":{"line":177,"column":42},"end":{"line":192,"column":3}},"line":177},"35":{"name":"(anonymous_35)","decl":{"start":{"line":179,"column":20},"end":{"line":179,"column":21}},"loc":{"start":{"line":179,"column":35},"end":{"line":191,"column":5}},"line":179},"36":{"name":"(anonymous_36)","decl":{"start":{"line":185,"column":29},"end":{"line":185,"column":30}},"loc":{"start":{"line":185,"column":40},"end":{"line":188,"column":9}},"line":185},"37":{"name":"(anonymous_37)","decl":{"start":{"line":195,"column":27},"end":{"line":195,"column":28}},"loc":{"start":{"line":195,"column":35},"end":{"line":208,"column":1}},"line":195},"38":{"name":"(anonymous_38)","decl":{"start":{"line":196,"column":21},"end":{"line":196,"column":22}},"loc":{"start":{"line":196,"column":42},"end":{"line":207,"column":3}},"line":196},"39":{"name":"(anonymous_39)","decl":{"start":{"line":198,"column":22},"end":{"line":198,"column":23}},"loc":{"start":{"line":198,"column":36},"end":{"line":206,"column":5}},"line":198},"40":{"name":"(anonymous_40)","decl":{"start":{"line":210,"column":20},"end":{"line":210,"column":21}},"loc":{"start":{"line":210,"column":26},"end":{"line":226,"column":1}},"line":210},"41":{"name":"(anonymous_41)","decl":{"start":{"line":211,"column":21},"end":{"line":211,"column":22}},"loc":{"start":{"line":211,"column":42},"end":{"line":225,"column":3}},"line":211},"42":{"name":"(anonymous_42)","decl":{"start":{"line":213,"column":16},"end":{"line":213,"column":17}},"loc":{"start":{"line":213,"column":31},"end":{"line":224,"column":5}},"line":213},"43":{"name":"(anonymous_43)","decl":{"start":{"line":218,"column":32},"end":{"line":218,"column":33}},"loc":{"start":{"line":218,"column":43},"end":{"line":221,"column":9}},"line":218},"44":{"name":"(anonymous_44)","decl":{"start":{"line":228,"column":30},"end":{"line":228,"column":31}},"loc":{"start":{"line":228,"column":38},"end":{"line":241,"column":1}},"line":228},"45":{"name":"(anonymous_45)","decl":{"start":{"line":229,"column":21},"end":{"line":229,"column":22}},"loc":{"start":{"line":229,"column":42},"end":{"line":240,"column":3}},"line":229},"46":{"name":"(anonymous_46)","decl":{"start":{"line":231,"column":22},"end":{"line":231,"column":23}},"loc":{"start":{"line":231,"column":36},"end":{"line":239,"column":5}},"line":231},"47":{"name":"(anonymous_47)","decl":{"start":{"line":243,"column":25},"end":{"line":243,"column":26}},"loc":{"start":{"line":243,"column":40},"end":{"line":256,"column":1}},"line":243},"48":{"name":"(anonymous_48)","decl":{"start":{"line":244,"column":21},"end":{"line":244,"column":22}},"loc":{"start":{"line":244,"column":42},"end":{"line":255,"column":3}},"line":244},"49":{"name":"(anonymous_49)","decl":{"start":{"line":246,"column":29},"end":{"line":246,"column":30}},"loc":{"start":{"line":246,"column":43},"end":{"line":254,"column":5}},"line":246},"50":{"name":"(anonymous_50)","decl":{"start":{"line":258,"column":44},"end":{"line":258,"column":45}},"loc":{"start":{"line":258,"column":58},"end":{"line":275,"column":1}},"line":258},"51":{"name":"(anonymous_51)","decl":{"start":{"line":259,"column":21},"end":{"line":259,"column":22}},"loc":{"start":{"line":259,"column":42},"end":{"line":274,"column":3}},"line":259},"52":{"name":"(anonymous_52)","decl":{"start":{"line":261,"column":38},"end":{"line":261,"column":39}},"loc":{"start":{"line":261,"column":53},"end":{"line":273,"column":5}},"line":261},"53":{"name":"(anonymous_53)","decl":{"start":{"line":267,"column":32},"end":{"line":267,"column":33}},"loc":{"start":{"line":267,"column":43},"end":{"line":270,"column":9}},"line":267},"54":{"name":"(anonymous_54)","decl":{"start":{"line":277,"column":19},"end":{"line":277,"column":20}},"loc":{"start":{"line":277,"column":33},"end":{"line":294,"column":1}},"line":277},"55":{"name":"(anonymous_55)","decl":{"start":{"line":278,"column":21},"end":{"line":278,"column":22}},"loc":{"start":{"line":278,"column":42},"end":{"line":293,"column":3}},"line":278},"56":{"name":"(anonymous_56)","decl":{"start":{"line":280,"column":38},"end":{"line":280,"column":39}},"loc":{"start":{"line":280,"column":53},"end":{"line":292,"column":5}},"line":280},"57":{"name":"(anonymous_57)","decl":{"start":{"line":287,"column":21},"end":{"line":287,"column":22}},"loc":{"start":{"line":288,"column":10},"end":{"line":288,"column":37}},"line":288},"58":{"name":"(anonymous_58)","decl":{"start":{"line":296,"column":18},"end":{"line":296,"column":19}},"loc":{"start":{"line":296,"column":29},"end":{"line":353,"column":1}},"line":296},"59":{"name":"(anonymous_59)","decl":{"start":{"line":297,"column":21},"end":{"line":297,"column":22}},"loc":{"start":{"line":297,"column":42},"end":{"line":352,"column":3}},"line":297},"60":{"name":"(anonymous_60)","decl":{"start":{"line":301,"column":37},"end":{"line":301,"column":38}},"loc":{"start":{"line":301,"column":52},"end":{"line":317,"column":5}},"line":301},"61":{"name":"(anonymous_61)","decl":{"start":{"line":319,"column":37},"end":{"line":319,"column":38}},"loc":{"start":{"line":319,"column":52},"end":{"line":335,"column":5}},"line":319},"62":{"name":"(anonymous_62)","decl":{"start":{"line":337,"column":24},"end":{"line":337,"column":25}},"loc":{"start":{"line":337,"column":30},"end":{"line":341,"column":5}},"line":337},"63":{"name":"(anonymous_63)","decl":{"start":{"line":338,"column":52},"end":{"line":338,"column":53}},"loc":{"start":{"line":338,"column":67},"end":{"line":340,"column":7}},"line":338},"64":{"name":"(anonymous_64)","decl":{"start":{"line":343,"column":24},"end":{"line":343,"column":25}},"loc":{"start":{"line":343,"column":30},"end":{"line":347,"column":5}},"line":343},"65":{"name":"(anonymous_65)","decl":{"start":{"line":344,"column":52},"end":{"line":344,"column":53}},"loc":{"start":{"line":344,"column":67},"end":{"line":346,"column":7}},"line":344},"66":{"name":"(anonymous_66)","decl":{"start":{"line":354,"column":27},"end":{"line":354,"column":28}},"loc":{"start":{"line":354,"column":41},"end":{"line":385,"column":1}},"line":354},"67":{"name":"(anonymous_67)","decl":{"start":{"line":355,"column":21},"end":{"line":355,"column":22}},"loc":{"start":{"line":355,"column":42},"end":{"line":384,"column":3}},"line":355},"68":{"name":"(anonymous_68)","decl":{"start":{"line":357,"column":22},"end":{"line":357,"column":23}},"loc":{"start":{"line":357,"column":37},"end":{"line":383,"column":5}},"line":357},"69":{"name":"(anonymous_69)","decl":{"start":{"line":364,"column":34},"end":{"line":364,"column":35}},"loc":{"start":{"line":364,"column":45},"end":{"line":377,"column":11}},"line":364},"70":{"name":"(anonymous_70)","decl":{"start":{"line":387,"column":27},"end":{"line":387,"column":28}},"loc":{"start":{"line":387,"column":44},"end":{"line":417,"column":1}},"line":387},"71":{"name":"(anonymous_71)","decl":{"start":{"line":388,"column":21},"end":{"line":388,"column":22}},"loc":{"start":{"line":388,"column":42},"end":{"line":416,"column":3}},"line":388},"72":{"name":"(anonymous_72)","decl":{"start":{"line":390,"column":30},"end":{"line":390,"column":31}},"loc":{"start":{"line":390,"column":45},"end":{"line":415,"column":5}},"line":390},"73":{"name":"(anonymous_73)","decl":{"start":{"line":397,"column":34},"end":{"line":397,"column":35}},"loc":{"start":{"line":397,"column":45},"end":{"line":408,"column":11}},"line":397},"74":{"name":"(anonymous_74)","decl":{"start":{"line":420,"column":23},"end":{"line":420,"column":24}},"loc":{"start":{"line":420,"column":101},"end":{"line":431,"column":1}},"line":420},"75":{"name":"(anonymous_75)","decl":{"start":{"line":421,"column":21},"end":{"line":421,"column":22}},"loc":{"start":{"line":421,"column":42},"end":{"line":430,"column":3}},"line":421},"76":{"name":"(anonymous_76)","decl":{"start":{"line":423,"column":92},"end":{"line":423,"column":93}},"loc":{"start":{"line":423,"column":107},"end":{"line":429,"column":5}},"line":423},"77":{"name":"(anonymous_77)","decl":{"start":{"line":433,"column":29},"end":{"line":433,"column":30}},"loc":{"start":{"line":433,"column":59},"end":{"line":444,"column":1}},"line":433},"78":{"name":"(anonymous_78)","decl":{"start":{"line":434,"column":21},"end":{"line":434,"column":22}},"loc":{"start":{"line":434,"column":42},"end":{"line":443,"column":3}},"line":434},"79":{"name":"(anonymous_79)","decl":{"start":{"line":436,"column":44},"end":{"line":436,"column":45}},"loc":{"start":{"line":436,"column":59},"end":{"line":442,"column":5}},"line":436},"80":{"name":"(anonymous_80)","decl":{"start":{"line":446,"column":24},"end":{"line":446,"column":25}},"loc":{"start":{"line":446,"column":41},"end":{"line":457,"column":1}},"line":446},"81":{"name":"(anonymous_81)","decl":{"start":{"line":447,"column":21},"end":{"line":447,"column":22}},"loc":{"start":{"line":447,"column":42},"end":{"line":456,"column":3}},"line":447},"82":{"name":"(anonymous_82)","decl":{"start":{"line":449,"column":31},"end":{"line":449,"column":32}},"loc":{"start":{"line":449,"column":46},"end":{"line":455,"column":5}},"line":449},"83":{"name":"(anonymous_83)","decl":{"start":{"line":459,"column":29},"end":{"line":459,"column":30}},"loc":{"start":{"line":459,"column":37},"end":{"line":470,"column":1}},"line":459},"84":{"name":"(anonymous_84)","decl":{"start":{"line":460,"column":21},"end":{"line":460,"column":22}},"loc":{"start":{"line":460,"column":42},"end":{"line":469,"column":3}},"line":460},"85":{"name":"(anonymous_85)","decl":{"start":{"line":462,"column":25},"end":{"line":462,"column":26}},"loc":{"start":{"line":462,"column":40},"end":{"line":468,"column":5}},"line":462},"86":{"name":"(anonymous_86)","decl":{"start":{"line":472,"column":21},"end":{"line":472,"column":22}},"loc":{"start":{"line":472,"column":35},"end":{"line":483,"column":1}},"line":472},"87":{"name":"(anonymous_87)","decl":{"start":{"line":473,"column":21},"end":{"line":473,"column":22}},"loc":{"start":{"line":473,"column":42},"end":{"line":482,"column":3}},"line":473},"88":{"name":"(anonymous_88)","decl":{"start":{"line":475,"column":28},"end":{"line":475,"column":29}},"loc":{"start":{"line":475,"column":43},"end":{"line":481,"column":5}},"line":475},"89":{"name":"(anonymous_89)","decl":{"start":{"line":487,"column":20},"end":{"line":487,"column":21}},"loc":{"start":{"line":487,"column":34},"end":{"line":512,"column":1}},"line":487},"90":{"name":"(anonymous_90)","decl":{"start":{"line":488,"column":21},"end":{"line":488,"column":22}},"loc":{"start":{"line":488,"column":42},"end":{"line":511,"column":3}},"line":488},"91":{"name":"(anonymous_91)","decl":{"start":{"line":490,"column":28},"end":{"line":490,"column":29}},"loc":{"start":{"line":490,"column":42},"end":{"line":510,"column":5}},"line":490},"92":{"name":"(anonymous_92)","decl":{"start":{"line":514,"column":28},"end":{"line":514,"column":29}},"loc":{"start":{"line":514,"column":47},"end":{"line":529,"column":1}},"line":514},"93":{"name":"(anonymous_93)","decl":{"start":{"line":515,"column":21},"end":{"line":515,"column":22}},"loc":{"start":{"line":515,"column":42},"end":{"line":528,"column":3}},"line":515},"94":{"name":"(anonymous_94)","decl":{"start":{"line":517,"column":28},"end":{"line":517,"column":29}},"loc":{"start":{"line":517,"column":42},"end":{"line":527,"column":5}},"line":517},"95":{"name":"(anonymous_95)","decl":{"start":{"line":532,"column":28},"end":{"line":532,"column":29}},"loc":{"start":{"line":532,"column":56},"end":{"line":543,"column":1}},"line":532},"96":{"name":"(anonymous_96)","decl":{"start":{"line":533,"column":21},"end":{"line":533,"column":22}},"loc":{"start":{"line":533,"column":42},"end":{"line":542,"column":3}},"line":533},"97":{"name":"(anonymous_97)","decl":{"start":{"line":535,"column":45},"end":{"line":535,"column":46}},"loc":{"start":{"line":535,"column":60},"end":{"line":541,"column":5}},"line":535},"98":{"name":"(anonymous_98)","decl":{"start":{"line":545,"column":33},"end":{"line":545,"column":34}},"loc":{"start":{"line":545,"column":53},"end":{"line":573,"column":1}},"line":545},"99":{"name":"(anonymous_99)","decl":{"start":{"line":546,"column":21},"end":{"line":546,"column":22}},"loc":{"start":{"line":546,"column":42},"end":{"line":572,"column":3}},"line":546},"100":{"name":"(anonymous_100)","decl":{"start":{"line":548,"column":29},"end":{"line":548,"column":30}},"loc":{"start":{"line":548,"column":43},"end":{"line":571,"column":5}},"line":548},"101":{"name":"(anonymous_101)","decl":{"start":{"line":553,"column":36},"end":{"line":553,"column":37}},"loc":{"start":{"line":553,"column":45},"end":{"line":566,"column":9}},"line":553},"102":{"name":"(anonymous_102)","decl":{"start":{"line":576,"column":33},"end":{"line":576,"column":34}},"loc":{"start":{"line":576,"column":53},"end":{"line":603,"column":1}},"line":576},"103":{"name":"(anonymous_103)","decl":{"start":{"line":577,"column":21},"end":{"line":577,"column":22}},"loc":{"start":{"line":577,"column":42},"end":{"line":602,"column":3}},"line":577},"104":{"name":"(anonymous_104)","decl":{"start":{"line":579,"column":29},"end":{"line":579,"column":30}},"loc":{"start":{"line":579,"column":43},"end":{"line":601,"column":5}},"line":579},"105":{"name":"(anonymous_105)","decl":{"start":{"line":584,"column":36},"end":{"line":584,"column":37}},"loc":{"start":{"line":584,"column":45},"end":{"line":596,"column":9}},"line":584},"106":{"name":"(anonymous_106)","decl":{"start":{"line":606,"column":35},"end":{"line":606,"column":36}},"loc":{"start":{"line":606,"column":55},"end":{"line":628,"column":1}},"line":606},"107":{"name":"(anonymous_107)","decl":{"start":{"line":607,"column":21},"end":{"line":607,"column":22}},"loc":{"start":{"line":607,"column":42},"end":{"line":627,"column":3}},"line":607},"108":{"name":"(anonymous_108)","decl":{"start":{"line":609,"column":35},"end":{"line":609,"column":36}},"loc":{"start":{"line":609,"column":49},"end":{"line":626,"column":5}},"line":609},"109":{"name":"(anonymous_109)","decl":{"start":{"line":631,"column":30},"end":{"line":631,"column":31}},"loc":{"start":{"line":631,"column":41},"end":{"line":652,"column":1}},"line":631},"110":{"name":"(anonymous_110)","decl":{"start":{"line":632,"column":21},"end":{"line":632,"column":22}},"loc":{"start":{"line":632,"column":42},"end":{"line":651,"column":3}},"line":632},"111":{"name":"(anonymous_111)","decl":{"start":{"line":634,"column":26},"end":{"line":634,"column":27}},"loc":{"start":{"line":634,"column":40},"end":{"line":650,"column":5}},"line":634},"112":{"name":"(anonymous_112)","decl":{"start":{"line":655,"column":28},"end":{"line":655,"column":29}},"loc":{"start":{"line":655,"column":49},"end":{"line":666,"column":1}},"line":655},"113":{"name":"(anonymous_113)","decl":{"start":{"line":656,"column":21},"end":{"line":656,"column":22}},"loc":{"start":{"line":656,"column":42},"end":{"line":665,"column":3}},"line":656},"114":{"name":"(anonymous_114)","decl":{"start":{"line":658,"column":35},"end":{"line":658,"column":36}},"loc":{"start":{"line":658,"column":50},"end":{"line":664,"column":5}},"line":658},"115":{"name":"(anonymous_115)","decl":{"start":{"line":670,"column":29},"end":{"line":670,"column":30}},"loc":{"start":{"line":670,"column":50},"end":{"line":681,"column":1}},"line":670},"116":{"name":"(anonymous_116)","decl":{"start":{"line":671,"column":21},"end":{"line":671,"column":22}},"loc":{"start":{"line":671,"column":42},"end":{"line":680,"column":3}},"line":671},"117":{"name":"(anonymous_117)","decl":{"start":{"line":673,"column":35},"end":{"line":673,"column":36}},"loc":{"start":{"line":673,"column":50},"end":{"line":679,"column":5}},"line":673},"118":{"name":"(anonymous_118)","decl":{"start":{"line":685,"column":28},"end":{"line":685,"column":29}},"loc":{"start":{"line":685,"column":49},"end":{"line":696,"column":1}},"line":685},"119":{"name":"(anonymous_119)","decl":{"start":{"line":686,"column":21},"end":{"line":686,"column":22}},"loc":{"start":{"line":686,"column":42},"end":{"line":695,"column":3}},"line":686},"120":{"name":"(anonymous_120)","decl":{"start":{"line":688,"column":35},"end":{"line":688,"column":36}},"loc":{"start":{"line":688,"column":50},"end":{"line":694,"column":5}},"line":688},"121":{"name":"(anonymous_121)","decl":{"start":{"line":699,"column":22},"end":{"line":699,"column":23}},"loc":{"start":{"line":699,"column":34},"end":{"line":710,"column":1}},"line":699},"122":{"name":"(anonymous_122)","decl":{"start":{"line":700,"column":21},"end":{"line":700,"column":22}},"loc":{"start":{"line":700,"column":42},"end":{"line":709,"column":3}},"line":700},"123":{"name":"(anonymous_123)","decl":{"start":{"line":702,"column":26},"end":{"line":702,"column":27}},"loc":{"start":{"line":702,"column":41},"end":{"line":708,"column":5}},"line":702},"124":{"name":"(anonymous_124)","decl":{"start":{"line":712,"column":23},"end":{"line":712,"column":24}},"loc":{"start":{"line":712,"column":35},"end":{"line":723,"column":1}},"line":712},"125":{"name":"(anonymous_125)","decl":{"start":{"line":713,"column":21},"end":{"line":713,"column":22}},"loc":{"start":{"line":713,"column":42},"end":{"line":722,"column":3}},"line":713},"126":{"name":"(anonymous_126)","decl":{"start":{"line":715,"column":26},"end":{"line":715,"column":27}},"loc":{"start":{"line":715,"column":41},"end":{"line":721,"column":5}},"line":715},"127":{"name":"(anonymous_127)","decl":{"start":{"line":725,"column":21},"end":{"line":725,"column":22}},"loc":{"start":{"line":725,"column":91},"end":{"line":736,"column":1}},"line":725},"128":{"name":"(anonymous_128)","decl":{"start":{"line":726,"column":21},"end":{"line":726,"column":22}},"loc":{"start":{"line":726,"column":42},"end":{"line":735,"column":3}},"line":726},"129":{"name":"(anonymous_129)","decl":{"start":{"line":728,"column":84},"end":{"line":728,"column":85}},"loc":{"start":{"line":728,"column":99},"end":{"line":734,"column":5}},"line":728},"130":{"name":"(anonymous_130)","decl":{"start":{"line":738,"column":29},"end":{"line":738,"column":30}},"loc":{"start":{"line":738,"column":37},"end":{"line":749,"column":1}},"line":738},"131":{"name":"(anonymous_131)","decl":{"start":{"line":739,"column":21},"end":{"line":739,"column":22}},"loc":{"start":{"line":739,"column":42},"end":{"line":748,"column":3}},"line":739},"132":{"name":"(anonymous_132)","decl":{"start":{"line":741,"column":22},"end":{"line":741,"column":23}},"loc":{"start":{"line":741,"column":37},"end":{"line":747,"column":5}},"line":741},"133":{"name":"(anonymous_133)","decl":{"start":{"line":751,"column":24},"end":{"line":751,"column":25}},"loc":{"start":{"line":751,"column":32},"end":{"line":762,"column":1}},"line":751},"134":{"name":"(anonymous_134)","decl":{"start":{"line":752,"column":21},"end":{"line":752,"column":22}},"loc":{"start":{"line":752,"column":42},"end":{"line":761,"column":3}},"line":752},"135":{"name":"(anonymous_135)","decl":{"start":{"line":754,"column":22},"end":{"line":754,"column":23}},"loc":{"start":{"line":754,"column":37},"end":{"line":760,"column":5}},"line":754},"136":{"name":"(anonymous_136)","decl":{"start":{"line":764,"column":21},"end":{"line":764,"column":22}},"loc":{"start":{"line":764,"column":29},"end":{"line":775,"column":1}},"line":764},"137":{"name":"(anonymous_137)","decl":{"start":{"line":765,"column":21},"end":{"line":765,"column":22}},"loc":{"start":{"line":765,"column":42},"end":{"line":774,"column":3}},"line":765},"138":{"name":"(anonymous_138)","decl":{"start":{"line":767,"column":22},"end":{"line":767,"column":23}},"loc":{"start":{"line":767,"column":37},"end":{"line":773,"column":5}},"line":767},"139":{"name":"(anonymous_139)","decl":{"start":{"line":777,"column":44},"end":{"line":777,"column":45}},"loc":{"start":{"line":777,"column":55},"end":{"line":794,"column":1}},"line":777},"140":{"name":"(anonymous_140)","decl":{"start":{"line":778,"column":21},"end":{"line":778,"column":22}},"loc":{"start":{"line":778,"column":42},"end":{"line":793,"column":3}},"line":778},"141":{"name":"(anonymous_141)","decl":{"start":{"line":780,"column":26},"end":{"line":780,"column":27}},"loc":{"start":{"line":780,"column":40},"end":{"line":792,"column":5}},"line":780},"142":{"name":"(anonymous_142)","decl":{"start":{"line":796,"column":52},"end":{"line":796,"column":53}},"loc":{"start":{"line":796,"column":63},"end":{"line":813,"column":1}},"line":796},"143":{"name":"(anonymous_143)","decl":{"start":{"line":797,"column":21},"end":{"line":797,"column":22}},"loc":{"start":{"line":797,"column":42},"end":{"line":812,"column":3}},"line":797},"144":{"name":"(anonymous_144)","decl":{"start":{"line":799,"column":26},"end":{"line":799,"column":27}},"loc":{"start":{"line":799,"column":40},"end":{"line":811,"column":5}},"line":799},"145":{"name":"(anonymous_145)","decl":{"start":{"line":815,"column":24},"end":{"line":815,"column":25}},"loc":{"start":{"line":815,"column":29},"end":{"line":832,"column":1}},"line":815},"146":{"name":"(anonymous_146)","decl":{"start":{"line":816,"column":21},"end":{"line":816,"column":22}},"loc":{"start":{"line":816,"column":42},"end":{"line":831,"column":3}},"line":816},"147":{"name":"(anonymous_147)","decl":{"start":{"line":818,"column":20},"end":{"line":818,"column":21}},"loc":{"start":{"line":818,"column":34},"end":{"line":830,"column":5}},"line":818},"148":{"name":"(anonymous_148)","decl":{"start":{"line":834,"column":24},"end":{"line":834,"column":25}},"loc":{"start":{"line":834,"column":33},"end":{"line":845,"column":1}},"line":834},"149":{"name":"(anonymous_149)","decl":{"start":{"line":835,"column":21},"end":{"line":835,"column":22}},"loc":{"start":{"line":835,"column":42},"end":{"line":844,"column":3}},"line":835},"150":{"name":"(anonymous_150)","decl":{"start":{"line":837,"column":24},"end":{"line":837,"column":25}},"loc":{"start":{"line":837,"column":38},"end":{"line":843,"column":5}},"line":837},"151":{"name":"(anonymous_151)","decl":{"start":{"line":847,"column":38},"end":{"line":847,"column":39}},"loc":{"start":{"line":847,"column":47},"end":{"line":858,"column":1}},"line":847},"152":{"name":"(anonymous_152)","decl":{"start":{"line":848,"column":21},"end":{"line":848,"column":22}},"loc":{"start":{"line":848,"column":42},"end":{"line":857,"column":3}},"line":848},"153":{"name":"(anonymous_153)","decl":{"start":{"line":850,"column":24},"end":{"line":850,"column":25}},"loc":{"start":{"line":850,"column":38},"end":{"line":856,"column":5}},"line":850},"154":{"name":"(anonymous_154)","decl":{"start":{"line":860,"column":35},"end":{"line":860,"column":36}},"loc":{"start":{"line":860,"column":44},"end":{"line":871,"column":1}},"line":860},"155":{"name":"(anonymous_155)","decl":{"start":{"line":861,"column":21},"end":{"line":861,"column":22}},"loc":{"start":{"line":861,"column":42},"end":{"line":870,"column":3}},"line":861},"156":{"name":"(anonymous_156)","decl":{"start":{"line":863,"column":24},"end":{"line":863,"column":25}},"loc":{"start":{"line":863,"column":38},"end":{"line":869,"column":5}},"line":863},"157":{"name":"(anonymous_157)","decl":{"start":{"line":873,"column":25},"end":{"line":873,"column":26}},"loc":{"start":{"line":873,"column":40},"end":{"line":886,"column":1}},"line":873},"158":{"name":"(anonymous_158)","decl":{"start":{"line":874,"column":21},"end":{"line":874,"column":22}},"loc":{"start":{"line":874,"column":42},"end":{"line":885,"column":3}},"line":874},"159":{"name":"(anonymous_159)","decl":{"start":{"line":876,"column":29},"end":{"line":876,"column":30}},"loc":{"start":{"line":876,"column":43},"end":{"line":884,"column":5}},"line":876},"160":{"name":"(anonymous_160)","decl":{"start":{"line":889,"column":25},"end":{"line":889,"column":26}},"loc":{"start":{"line":889,"column":40},"end":{"line":902,"column":1}},"line":889},"161":{"name":"(anonymous_161)","decl":{"start":{"line":890,"column":21},"end":{"line":890,"column":22}},"loc":{"start":{"line":890,"column":42},"end":{"line":901,"column":3}},"line":890},"162":{"name":"(anonymous_162)","decl":{"start":{"line":892,"column":29},"end":{"line":892,"column":30}},"loc":{"start":{"line":892,"column":43},"end":{"line":900,"column":5}},"line":892},"163":{"name":"(anonymous_163)","decl":{"start":{"line":905,"column":27},"end":{"line":905,"column":28}},"loc":{"start":{"line":905,"column":39},"end":{"line":917,"column":1}},"line":905},"164":{"name":"(anonymous_164)","decl":{"start":{"line":906,"column":21},"end":{"line":906,"column":22}},"loc":{"start":{"line":906,"column":42},"end":{"line":915,"column":3}},"line":906},"165":{"name":"(anonymous_165)","decl":{"start":{"line":908,"column":26},"end":{"line":908,"column":27}},"loc":{"start":{"line":908,"column":41},"end":{"line":914,"column":5}},"line":908},"166":{"name":"(anonymous_166)","decl":{"start":{"line":920,"column":37},"end":{"line":920,"column":38}},"loc":{"start":{"line":920,"column":49},"end":{"line":931,"column":1}},"line":920},"167":{"name":"(anonymous_167)","decl":{"start":{"line":921,"column":21},"end":{"line":921,"column":22}},"loc":{"start":{"line":921,"column":42},"end":{"line":930,"column":3}},"line":921},"168":{"name":"(anonymous_168)","decl":{"start":{"line":923,"column":26},"end":{"line":923,"column":27}},"loc":{"start":{"line":923,"column":41},"end":{"line":929,"column":5}},"line":923},"169":{"name":"(anonymous_169)","decl":{"start":{"line":933,"column":36},"end":{"line":933,"column":37}},"loc":{"start":{"line":933,"column":48},"end":{"line":944,"column":1}},"line":933},"170":{"name":"(anonymous_170)","decl":{"start":{"line":934,"column":21},"end":{"line":934,"column":22}},"loc":{"start":{"line":934,"column":42},"end":{"line":943,"column":3}},"line":934},"171":{"name":"(anonymous_171)","decl":{"start":{"line":936,"column":26},"end":{"line":936,"column":27}},"loc":{"start":{"line":936,"column":41},"end":{"line":942,"column":5}},"line":936},"172":{"name":"(anonymous_172)","decl":{"start":{"line":947,"column":19},"end":{"line":947,"column":20}},"loc":{"start":{"line":947,"column":47},"end":{"line":958,"column":1}},"line":947},"173":{"name":"(anonymous_173)","decl":{"start":{"line":948,"column":21},"end":{"line":948,"column":22}},"loc":{"start":{"line":948,"column":42},"end":{"line":957,"column":3}},"line":948},"174":{"name":"(anonymous_174)","decl":{"start":{"line":950,"column":40},"end":{"line":950,"column":41}},"loc":{"start":{"line":950,"column":55},"end":{"line":956,"column":5}},"line":950},"175":{"name":"(anonymous_175)","decl":{"start":{"line":961,"column":25},"end":{"line":961,"column":26}},"loc":{"start":{"line":961,"column":40},"end":{"line":988,"column":1}},"line":961},"176":{"name":"(anonymous_176)","decl":{"start":{"line":962,"column":21},"end":{"line":962,"column":22}},"loc":{"start":{"line":962,"column":42},"end":{"line":987,"column":3}},"line":962},"177":{"name":"(anonymous_177)","decl":{"start":{"line":964,"column":29},"end":{"line":964,"column":30}},"loc":{"start":{"line":964,"column":42},"end":{"line":986,"column":5}},"line":964},"178":{"name":"(anonymous_178)","decl":{"start":{"line":990,"column":26},"end":{"line":990,"column":27}},"loc":{"start":{"line":990,"column":41},"end":{"line":1012,"column":1}},"line":990},"179":{"name":"(anonymous_179)","decl":{"start":{"line":991,"column":21},"end":{"line":991,"column":22}},"loc":{"start":{"line":991,"column":42},"end":{"line":1011,"column":3}},"line":991},"180":{"name":"(anonymous_180)","decl":{"start":{"line":993,"column":29},"end":{"line":993,"column":30}},"loc":{"start":{"line":993,"column":43},"end":{"line":1010,"column":5}},"line":993},"181":{"name":"(anonymous_181)","decl":{"start":{"line":999,"column":29},"end":{"line":999,"column":30}},"loc":{"start":{"line":999,"column":40},"end":{"line":1006,"column":9}},"line":999},"182":{"name":"(anonymous_182)","decl":{"start":{"line":1015,"column":16},"end":{"line":1015,"column":17}},"loc":{"start":{"line":1015,"column":28},"end":{"line":1038,"column":1}},"line":1015},"183":{"name":"(anonymous_183)","decl":{"start":{"line":1016,"column":21},"end":{"line":1016,"column":22}},"loc":{"start":{"line":1016,"column":42},"end":{"line":1037,"column":3}},"line":1016},"184":{"name":"(anonymous_184)","decl":{"start":{"line":1018,"column":26},"end":{"line":1018,"column":27}},"loc":{"start":{"line":1018,"column":39},"end":{"line":1036,"column":5}},"line":1018},"185":{"name":"(anonymous_185)","decl":{"start":{"line":1041,"column":39},"end":{"line":1041,"column":40}},"loc":{"start":{"line":1041,"column":57},"end":{"line":1063,"column":1}},"line":1041},"186":{"name":"(anonymous_186)","decl":{"start":{"line":1042,"column":21},"end":{"line":1042,"column":22}},"loc":{"start":{"line":1042,"column":42},"end":{"line":1062,"column":3}},"line":1042},"187":{"name":"(anonymous_187)","decl":{"start":{"line":1044,"column":33},"end":{"line":1044,"column":34}},"loc":{"start":{"line":1044,"column":47},"end":{"line":1061,"column":5}},"line":1044}},"branchMap":{"0":{"loc":{"start":{"line":9,"column":2},"end":{"line":9,"column":21}},"type":"if","locations":[{"start":{"line":9,"column":2},"end":{"line":9,"column":21}},{"start":{},"end":{}}],"line":9},"1":{"loc":{"start":{"line":20,"column":6},"end":{"line":30,"column":7}},"type":"if","locations":[{"start":{"line":20,"column":6},"end":{"line":30,"column":7}},{"start":{"line":24,"column":11},"end":{"line":30,"column":7}}],"line":20},"2":{"loc":{"start":{"line":39,"column":6},"end":{"line":49,"column":7}},"type":"if","locations":[{"start":{"line":39,"column":6},"end":{"line":49,"column":7}},{"start":{"line":43,"column":11},"end":{"line":49,"column":7}}],"line":39},"3":{"loc":{"start":{"line":59,"column":6},"end":{"line":69,"column":7}},"type":"if","locations":[{"start":{"line":59,"column":6},"end":{"line":69,"column":7}},{"start":{"line":63,"column":11},"end":{"line":69,"column":7}}],"line":59},"4":{"loc":{"start":{"line":78,"column":6},"end":{"line":88,"column":7}},"type":"if","locations":[{"start":{"line":78,"column":6},"end":{"line":88,"column":7}},{"start":{"line":82,"column":11},"end":{"line":88,"column":7}}],"line":78},"5":{"loc":{"start":{"line":97,"column":6},"end":{"line":110,"column":7}},"type":"if","locations":[{"start":{"line":97,"column":6},"end":{"line":110,"column":7}},{"start":{"line":101,"column":11},"end":{"line":110,"column":7}}],"line":97},"6":{"loc":{"start":{"line":119,"column":6},"end":{"line":130,"column":7}},"type":"if","locations":[{"start":{"line":119,"column":6},"end":{"line":130,"column":7}},{"start":{"line":123,"column":11},"end":{"line":130,"column":7}}],"line":119},"7":{"loc":{"start":{"line":139,"column":6},"end":{"line":151,"column":7}},"type":"if","locations":[{"start":{"line":139,"column":6},"end":{"line":151,"column":7}},{"start":{"line":143,"column":11},"end":{"line":151,"column":7}}],"line":139},"8":{"loc":{"start":{"line":160,"column":6},"end":{"line":171,"column":7}},"type":"if","locations":[{"start":{"line":160,"column":6},"end":{"line":171,"column":7}},{"start":{"line":164,"column":11},"end":{"line":171,"column":7}}],"line":160},"9":{"loc":{"start":{"line":180,"column":6},"end":{"line":190,"column":7}},"type":"if","locations":[{"start":{"line":180,"column":6},"end":{"line":190,"column":7}},{"start":{"line":184,"column":11},"end":{"line":190,"column":7}}],"line":180},"10":{"loc":{"start":{"line":199,"column":6},"end":{"line":205,"column":7}},"type":"if","locations":[{"start":{"line":199,"column":6},"end":{"line":205,"column":7}},{"start":{"line":203,"column":11},"end":{"line":205,"column":7}}],"line":199},"11":{"loc":{"start":{"line":214,"column":6},"end":{"line":223,"column":7}},"type":"if","locations":[{"start":{"line":214,"column":6},"end":{"line":223,"column":7}},{"start":{"line":217,"column":13},"end":{"line":223,"column":7}}],"line":214},"12":{"loc":{"start":{"line":232,"column":6},"end":{"line":238,"column":7}},"type":"if","locations":[{"start":{"line":232,"column":6},"end":{"line":238,"column":7}},{"start":{"line":236,"column":11},"end":{"line":238,"column":7}}],"line":232},"13":{"loc":{"start":{"line":247,"column":6},"end":{"line":253,"column":7}},"type":"if","locations":[{"start":{"line":247,"column":6},"end":{"line":253,"column":7}},{"start":{"line":251,"column":11},"end":{"line":253,"column":7}}],"line":247},"14":{"loc":{"start":{"line":262,"column":6},"end":{"line":272,"column":7}},"type":"if","locations":[{"start":{"line":262,"column":6},"end":{"line":272,"column":7}},{"start":{"line":266,"column":11},"end":{"line":272,"column":7}}],"line":262},"15":{"loc":{"start":{"line":281,"column":6},"end":{"line":291,"column":7}},"type":"if","locations":[{"start":{"line":281,"column":6},"end":{"line":291,"column":7}},{"start":{"line":285,"column":11},"end":{"line":291,"column":7}}],"line":281},"16":{"loc":{"start":{"line":302,"column":6},"end":{"line":316,"column":7}},"type":"if","locations":[{"start":{"line":302,"column":6},"end":{"line":316,"column":7}},{"start":{"line":304,"column":13},"end":{"line":316,"column":7}}],"line":302},"17":{"loc":{"start":{"line":305,"column":8},"end":{"line":315,"column":9}},"type":"if","locations":[{"start":{"line":305,"column":8},"end":{"line":315,"column":9}},{"start":{"line":313,"column":15},"end":{"line":315,"column":9}}],"line":305},"18":{"loc":{"start":{"line":320,"column":6},"end":{"line":334,"column":7}},"type":"if","locations":[{"start":{"line":320,"column":6},"end":{"line":334,"column":7}},{"start":{"line":322,"column":13},"end":{"line":334,"column":7}}],"line":320},"19":{"loc":{"start":{"line":323,"column":8},"end":{"line":333,"column":9}},"type":"if","locations":[{"start":{"line":323,"column":8},"end":{"line":333,"column":9}},{"start":{"line":331,"column":15},"end":{"line":333,"column":9}}],"line":323},"20":{"loc":{"start":{"line":358,"column":6},"end":{"line":382,"column":7}},"type":"if","locations":[{"start":{"line":358,"column":6},"end":{"line":382,"column":7}},{"start":{"line":362,"column":11},"end":{"line":382,"column":7}}],"line":358},"21":{"loc":{"start":{"line":363,"column":8},"end":{"line":381,"column":9}},"type":"if","locations":[{"start":{"line":363,"column":8},"end":{"line":381,"column":9}},{"start":{"line":379,"column":15},"end":{"line":381,"column":9}}],"line":363},"22":{"loc":{"start":{"line":372,"column":22},"end":{"line":372,"column":58}},"type":"cond-expr","locations":[{"start":{"line":372,"column":43},"end":{"line":372,"column":44}},{"start":{"line":372,"column":47},"end":{"line":372,"column":58}}],"line":372},"23":{"loc":{"start":{"line":391,"column":6},"end":{"line":414,"column":7}},"type":"if","locations":[{"start":{"line":391,"column":6},"end":{"line":414,"column":7}},{"start":{"line":395,"column":11},"end":{"line":414,"column":7}}],"line":391},"24":{"loc":{"start":{"line":396,"column":8},"end":{"line":413,"column":9}},"type":"if","locations":[{"start":{"line":396,"column":8},"end":{"line":413,"column":9}},{"start":{"line":411,"column":15},"end":{"line":413,"column":9}}],"line":396},"25":{"loc":{"start":{"line":424,"column":6},"end":{"line":427,"column":7}},"type":"if","locations":[{"start":{"line":424,"column":6},"end":{"line":427,"column":7}},{"start":{},"end":{}}],"line":424},"26":{"loc":{"start":{"line":437,"column":6},"end":{"line":440,"column":7}},"type":"if","locations":[{"start":{"line":437,"column":6},"end":{"line":440,"column":7}},{"start":{},"end":{}}],"line":437},"27":{"loc":{"start":{"line":450,"column":6},"end":{"line":453,"column":7}},"type":"if","locations":[{"start":{"line":450,"column":6},"end":{"line":453,"column":7}},{"start":{},"end":{}}],"line":450},"28":{"loc":{"start":{"line":463,"column":6},"end":{"line":466,"column":7}},"type":"if","locations":[{"start":{"line":463,"column":6},"end":{"line":466,"column":7}},{"start":{},"end":{}}],"line":463},"29":{"loc":{"start":{"line":476,"column":6},"end":{"line":479,"column":7}},"type":"if","locations":[{"start":{"line":476,"column":6},"end":{"line":479,"column":7}},{"start":{},"end":{}}],"line":476},"30":{"loc":{"start":{"line":491,"column":6},"end":{"line":494,"column":7}},"type":"if","locations":[{"start":{"line":491,"column":6},"end":{"line":494,"column":7}},{"start":{},"end":{}}],"line":491},"31":{"loc":{"start":{"li
[...]
d":{"line":233,"column":68}},"70":{"start":{"line":234,"column":16},"end":{"line":234,"column":28}},"71":{"start":{"line":236,"column":16},"end":{"line":236,"column":26}},"72":{"start":{"line":242,"column":0},"end":{"line":254,"column":1}},"73":{"start":{"line":243,"column":4},"end":{"line":253,"column":7}},"74":{"start":{"line":244,"column":22},"end":{"line":244,"column":144}},"75":{"start":{"line":245,"column":8},"end":{"line":252,"column":11}},"76":{"start":{"line":246,"column":12},"end":{"line":251,"column":13}},"77":{"start":{"line":247,"column":16},"end":{"line":247,"column":68}},"78":{"start":{"line":248,"column":16},"end":{"line":248,"column":28}},"79":{"start":{"line":250,"column":16},"end":{"line":250,"column":26}},"80":{"start":{"line":256,"column":0},"end":{"line":268,"column":1}},"81":{"start":{"line":257,"column":4},"end":{"line":267,"column":7}},"82":{"start":{"line":258,"column":22},"end":{"line":258,"column":107}},"83":{"start":{"line":259,"column":8},"end":{"line":266,"column":11}},"84":{"start":{"line":260,"column":12},"end":{"line":265,"column":13}},"85":{"start":{"line":261,"column":16},"end":{"line":261,"column":68}},"86":{"start":{"line":262,"column":16},"end":{"line":262,"column":28}},"87":{"start":{"line":264,"column":16},"end":{"line":264,"column":26}},"88":{"start":{"line":270,"column":0},"end":{"line":282,"column":1}},"89":{"start":{"line":271,"column":4},"end":{"line":281,"column":7}},"90":{"start":{"line":272,"column":22},"end":{"line":272,"column":84}},"91":{"start":{"line":273,"column":8},"end":{"line":280,"column":11}},"92":{"start":{"line":274,"column":12},"end":{"line":279,"column":13}},"93":{"start":{"line":275,"column":16},"end":{"line":275,"column":68}},"94":{"start":{"line":276,"column":16},"end":{"line":276,"column":28}},"95":{"start":{"line":278,"column":16},"end":{"line":278,"column":26}},"96":{"start":{"line":284,"column":0},"end":{"line":296,"column":1}},"97":{"start":{"line":285,"column":4},"end":{"line":295,"column":7}},"98":{"start":{"line":286,"column":22},"end":{"line":286,"column":74}},"99":{"start":{"line":287,"column":8},"end":{"line":294,"column":11}},"100":{"start":{"line":288,"column":12},"end":{"line":293,"column":13}},"101":{"start":{"line":289,"column":16},"end":{"line":289,"column":68}},"102":{"start":{"line":290,"column":16},"end":{"line":290,"column":28}},"103":{"start":{"line":292,"column":16},"end":{"line":292,"column":26}},"104":{"start":{"line":298,"column":0},"end":{"line":311,"column":1}},"105":{"start":{"line":299,"column":4},"end":{"line":310,"column":7}},"106":{"start":{"line":300,"column":22},"end":{"line":300,"column":80}},"107":{"start":{"line":302,"column":8},"end":{"line":309,"column":11}},"108":{"start":{"line":303,"column":12},"end":{"line":308,"column":13}},"109":{"start":{"line":304,"column":16},"end":{"line":304,"column":68}},"110":{"start":{"line":305,"column":16},"end":{"line":305,"column":28}},"111":{"start":{"line":307,"column":16},"end":{"line":307,"column":26}},"112":{"start":{"line":313,"column":0},"end":{"line":326,"column":1}},"113":{"start":{"line":314,"column":4},"end":{"line":325,"column":7}},"114":{"start":{"line":315,"column":22},"end":{"line":315,"column":132}},"115":{"start":{"line":317,"column":8},"end":{"line":324,"column":11}},"116":{"start":{"line":318,"column":12},"end":{"line":323,"column":13}},"117":{"start":{"line":319,"column":16},"end":{"line":319,"column":68}},"118":{"start":{"line":320,"column":16},"end":{"line":320,"column":28}},"119":{"start":{"line":322,"column":16},"end":{"line":322,"column":26}},"120":{"start":{"line":328,"column":0},"end":{"line":340,"column":1}},"121":{"start":{"line":329,"column":4},"end":{"line":339,"column":7}},"122":{"start":{"line":330,"column":22},"end":{"line":330,"column":84}},"123":{"start":{"line":331,"column":8},"end":{"line":338,"column":11}},"124":{"start":{"line":332,"column":12},"end":{"line":337,"column":13}},"125":{"start":{"line":333,"column":16},"end":{"line":333,"column":68}},"126":{"start":{"line":334,"column":16},"end":{"line":334,"column":28}},"127":{"start":{"line":336,"column":16},"end":{"line":336,"column":26}},"128":{"start":{"line":342,"column":0},"end":{"line":355,"column":1}},"129":{"start":{"line":343,"column":4},"end":{"line":354,"column":7}},"130":{"start":{"line":344,"column":22},"end":{"line":344,"column":50}},"131":{"start":{"line":346,"column":8},"end":{"line":353,"column":11}},"132":{"start":{"line":347,"column":12},"end":{"line":352,"column":13}},"133":{"start":{"line":348,"column":16},"end":{"line":348,"column":91}},"134":{"start":{"line":349,"column":16},"end":{"line":349,"column":28}},"135":{"start":{"line":351,"column":16},"end":{"line":351,"column":26}}},"fnMap":{"0":{"name":"(anonymous_0)","decl":{"start":{"line":5,"column":23},"end":{"line":5,"column":24}},"loc":{"start":{"line":5,"column":35},"end":{"line":141,"column":1}},"line":5},"1":{"name":"(anonymous_1)","decl":{"start":{"line":6,"column":23},"end":{"line":6,"column":24}},"loc":{"start":{"line":6,"column":44},"end":{"line":140,"column":5}},"line":6},"2":{"name":"(anonymous_2)","decl":{"start":{"line":123,"column":21},"end":{"line":123,"column":22}},"loc":{"start":{"line":123,"column":27},"end":{"line":131,"column":9}},"line":123},"3":{"name":"(anonymous_3)","decl":{"start":{"line":124,"column":27},"end":{"line":124,"column":28}},"loc":{"start":{"line":124,"column":34},"end":{"line":130,"column":13}},"line":124},"4":{"name":"(anonymous_4)","decl":{"start":{"line":125,"column":28},"end":{"line":125,"column":29}},"loc":{"start":{"line":125,"column":37},"end":{"line":129,"column":17}},"line":125},"5":{"name":"(anonymous_5)","decl":{"start":{"line":132,"column":69},"end":{"line":132,"column":70}},"loc":{"start":{"line":132,"column":84},"end":{"line":139,"column":11}},"line":132},"6":{"name":"(anonymous_6)","decl":{"start":{"line":144,"column":23},"end":{"line":144,"column":24}},"loc":{"start":{"line":144,"column":30},"end":{"line":156,"column":1}},"line":144},"7":{"name":"(anonymous_7)","decl":{"start":{"line":145,"column":23},"end":{"line":145,"column":24}},"loc":{"start":{"line":145,"column":44},"end":{"line":155,"column":5}},"line":145},"8":{"name":"(anonymous_8)","decl":{"start":{"line":147,"column":52},"end":{"line":147,"column":53}},"loc":{"start":{"line":147,"column":67},"end":{"line":154,"column":9}},"line":147},"9":{"name":"(anonymous_9)","decl":{"start":{"line":158,"column":22},"end":{"line":158,"column":23}},"loc":{"start":{"line":158,"column":29},"end":{"line":170,"column":1}},"line":158},"10":{"name":"(anonymous_10)","decl":{"start":{"line":159,"column":23},"end":{"line":159,"column":24}},"loc":{"start":{"line":159,"column":44},"end":{"line":169,"column":5}},"line":159},"11":{"name":"(anonymous_11)","decl":{"start":{"line":161,"column":49},"end":{"line":161,"column":50}},"loc":{"start":{"line":161,"column":64},"end":{"line":168,"column":9}},"line":161},"12":{"name":"(anonymous_12)","decl":{"start":{"line":172,"column":27},"end":{"line":172,"column":28}},"loc":{"start":{"line":172,"column":34},"end":{"line":184,"column":1}},"line":172},"13":{"name":"(anonymous_13)","decl":{"start":{"line":173,"column":23},"end":{"line":173,"column":24}},"loc":{"start":{"line":173,"column":44},"end":{"line":183,"column":5}},"line":173},"14":{"name":"(anonymous_14)","decl":{"start":{"line":175,"column":51},"end":{"line":175,"column":52}},"loc":{"start":{"line":175,"column":66},"end":{"line":182,"column":9}},"line":175},"15":{"name":"(anonymous_15)","decl":{"start":{"line":186,"column":24},"end":{"line":186,"column":25}},"loc":{"start":{"line":186,"column":31},"end":{"line":198,"column":1}},"line":186},"16":{"name":"(anonymous_16)","decl":{"start":{"line":187,"column":23},"end":{"line":187,"column":24}},"loc":{"start":{"line":187,"column":44},"end":{"line":197,"column":5}},"line":187},"17":{"name":"(anonymous_17)","decl":{"start":{"line":189,"column":137},"end":{"line":189,"column":138}},"loc":{"start":{"line":189,"column":152},"end":{"line":196,"column":9}},"line":189},"18":{"name":"(anonymous_18)","decl":{"start":{"line":200,"column":28},"end":{"line":200,"column":29}},"loc":{"start":{"line":200,"column":39},"end":{"line":212,"column":1}},"line":200},"19":{"name":"(anonymous_19)","decl":{"start":{"line":201,"column":23},"end":{"line":201,"column":24}},"loc":{"start":{"line":201,"column":44},"end":{"line":211,"column":5}},"line":201},"20":{"name":"(anonymous_20)","decl":{"start":{"line":203,"column":37},"end":{"line":203,"column":38}},"loc":{"start":{"line":203,"column":52},"end":{"line":210,"column":9}},"line":203},"21":{"name":"(anonymous_21)","decl":{"start":{"line":214,"column":23},"end":{"line":214,"column":24}},"loc":{"start":{"line":214,"column":36},"end":{"line":226,"column":1}},"line":214},"22":{"name":"(anonymous_22)","decl":{"start":{"line":215,"column":23},"end":{"line":215,"column":24}},"loc":{"start":{"line":215,"column":44},"end":{"line":225,"column":5}},"line":215},"23":{"name":"(anonymous_23)","decl":{"start":{"line":217,"column":81},"end":{"line":217,"column":82}},"loc":{"start":{"line":217,"column":96},"end":{"line":224,"column":9}},"line":217},"24":{"name":"(anonymous_24)","decl":{"start":{"line":228,"column":23},"end":{"line":228,"column":24}},"loc":{"start":{"line":228,"column":46},"end":{"line":240,"column":1}},"line":228},"25":{"name":"(anonymous_25)","decl":{"start":{"line":229,"column":23},"end":{"line":229,"column":24}},"loc":{"start":{"line":229,"column":44},"end":{"line":239,"column":5}},"line":229},"26":{"name":"(anonymous_26)","decl":{"start":{"line":231,"column":117},"end":{"line":231,"column":118}},"loc":{"start":{"line":231,"column":132},"end":{"line":238,"column":9}},"line":231},"27":{"name":"(anonymous_27)","decl":{"start":{"line":242,"column":33},"end":{"line":242,"column":34}},"loc":{"start":{"line":242,"column":53},"end":{"line":254,"column":1}},"line":242},"28":{"name":"(anonymous_28)","decl":{"start":{"line":243,"column":23},"end":{"line":243,"column":24}},"loc":{"start":{"line":243,"column":44},"end":{"line":253,"column":5}},"line":243},"29":{"name":"(anonymous_29)","decl":{"start":{"line":245,"column":52},"end":{"line":245,"column":53}},"loc":{"start":{"line":245,"column":67},"end":{"line":252,"column":9}},"line":245},"30":{"name":"(anonymous_30)","decl":{"start":{"line":256,"column":29},"end":{"line":256,"column":30}},"loc":{"start":{"line":256,"column":36},"end":{"line":268,"column":1}},"line":256},"31":{"name":"(anonymous_31)","decl":{"start":{"line":257,"column":23},"end":{"line":257,"column":24}},"loc":{"start":{"line":257,"column":44},"end":{"line":267,"column":5}},"line":257},"32":{"name":"(anonymous_32)","decl":{"start":{"line":259,"column":67},"end":{"line":259,"column":68}},"loc":{"start":{"line":259,"column":82},"end":{"line":266,"column":9}},"line":259},"33":{"name":"(anonymous_33)","decl":{"start":{"line":270,"column":29},"end":{"line":270,"column":30}},"loc":{"start":{"line":270,"column":43},"end":{"line":282,"column":1}},"line":270},"34":{"name":"(anonymous_34)","decl":{"start":{"line":271,"column":23},"end":{"line":271,"column":24}},"loc":{"start":{"line":271,"column":44},"end":{"line":281,"column":5}},"line":271},"35":{"name":"(anonymous_35)","decl":{"start":{"line":273,"column":34},"end":{"line":273,"column":35}},"loc":{"start":{"line":273,"column":49},"end":{"line":280,"column":9}},"line":273},"36":{"name":"(anonymous_36)","decl":{"start":{"line":284,"column":21},"end":{"line":284,"column":22}},"loc":{"start":{"line":284,"column":28},"end":{"line":296,"column":1}},"line":284},"37":{"name":"(anonymous_37)","decl":{"start":{"line":285,"column":23},"end":{"line":285,"column":24}},"loc":{"start":{"line":285,"column":44},"end":{"line":295,"column":5}},"line":285},"38":{"name":"(anonymous_38)","decl":{"start":{"line":287,"column":39},"end":{"line":287,"column":40}},"loc":{"start":{"line":287,"column":54},"end":{"line":294,"column":9}},"line":287},"39":{"name":"(anonymous_39)","decl":{"start":{"line":298,"column":24},"end":{"line":298,"column":25}},"loc":{"start":{"line":298,"column":31},"end":{"line":311,"column":1}},"line":298},"40":{"name":"(anonymous_40)","decl":{"start":{"line":299,"column":23},"end":{"line":299,"column":24}},"loc":{"start":{"line":299,"column":44},"end":{"line":310,"column":5}},"line":299},"41":{"name":"(anonymous_41)","decl":{"start":{"line":302,"column":42},"end":{"line":302,"column":43}},"loc":{"start":{"line":302,"column":57},"end":{"line":309,"column":9}},"line":302},"42":{"name":"(anonymous_42)","decl":{"start":{"line":313,"column":24},"end":{"line":313,"column":25}},"loc":{"start":{"line":313,"column":31},"end":{"line":326,"column":1}},"line":313},"43":{"name":"(anonymous_43)","decl":{"start":{"line":314,"column":23},"end":{"line":314,"column":24}},"loc":{"start":{"line":314,"column":44},"end":{"line":325,"column":5}},"line":314},"44":{"name":"(anonymous_44)","decl":{"start":{"line":317,"column":97},"end":{"line":317,"column":98}},"loc":{"start":{"line":317,"column":112},"end":{"line":324,"column":9}},"line":317},"45":{"name":"(anonymous_45)","decl":{"start":{"line":328,"column":28},"end":{"line":328,"column":29}},"loc":{"start":{"line":328,"column":39},"end":{"line":340,"column":1}},"line":328},"46":{"name":"(anonymous_46)","decl":{"start":{"line":329,"column":23},"end":{"line":329,"column":24}},"loc":{"start":{"line":329,"column":44},"end":{"line":339,"column":5}},"line":329},"47":{"name":"(anonymous_47)","decl":{"start":{"line":331,"column":37},"end":{"line":331,"column":38}},"loc":{"start":{"line":331,"column":52},"end":{"line":338,"column":9}},"line":331},"48":{"name":"(anonymous_48)","decl":{"start":{"line":342,"column":29},"end":{"line":342,"column":30}},"loc":{"start":{"line":342,"column":44},"end":{"line":355,"column":1}},"line":342},"49":{"name":"(anonymous_49)","decl":{"start":{"line":343,"column":23},"end":{"line":343,"column":24}},"loc":{"start":{"line":343,"column":44},"end":{"line":354,"column":5}},"line":343},"50":{"name":"(anonymous_50)","decl":{"start":{"line":346,"column":22},"end":{"line":346,"column":23}},"loc":{"start":{"line":346,"column":37},"end":{"line":353,"column":9}},"line":346}},"branchMap":{"0":{"loc":{"start":{"line":126,"column":20},"end":{"line":128,"column":21}},"type":"if","locations":[{"start":{"line":126,"column":20},"end":{"line":128,"column":21}},{"start":{},"end":{}}],"line":126},"1":{"loc":{"start":{"line":133,"column":12},"end":{"line":138,"column":13}},"type":"if","locations":[{"start":{"line":133,"column":12},"end":{"line":138,"column":13}},{"start":{"line":135,"column":19},"end":{"line":138,"column":13}}],"line":133},"2":{"loc":{"start":{"line":148,"column":12},"end":{"line":153,"column":13}},"type":"if","locations":[{"start":{"line":148,"column":12},"end":{"line":153,"column":13}},{"start":{"line":151,"column":19},"end":{"line":153,"column":13}}],"line":148},"3":{"loc":{"start":{"line":162,"column":12},"end":{"line":167,"column":13}},"type":"if","locations":[{"start":{"line":162,"column":12},"end":{"line":167,"column":13}},{"start":{"line":165,"column":19},"end":{"line":167,"column":13}}],"line":162},"4":{"loc":{"start":{"line":176,"column":12},"end":{"line":181,"column":13}},"type":"if","locations":[{"start":{"line":176,"column":12},"end":{"line":181,"column":13}},{"start":{"line":179,"column":19},"end":{"line":181,"column":13}}],"line":176},"5":{"loc":{"start":{"line":190,"column":12},"end":{"line":195,"column":13}},"type":"if","locations":[{"start":{"line":190,"column":12},"end":{"line":195,"column":13}},{"start":{"line":193,"column":19},"end":{"line":195,"column":13}}],"line":190},"6":{"loc":{"start":{"line":204,"column":12},"end":{"line":209,"column":13}},"type":"if","locations":[{"start":{"line":204,"column":12},"end":{"line":209,"column":13}},{"start":{"line":207,"column":19},"end":{"line":209,"column":13}}],"line":204},"7":{"loc":{"start":{"line":218,"column":12},"end":{"line":223,"column":13}},"type":"if","locations":[{"start":{"line":218,"column":12},"end":{"line":223,"column":13}},{"start":{"line":221,"column":19},"end":{"line":223,"column":13}}],"line":218},"8":{"loc":{"start":{"line":232,"column":12},"end":{"line":237,"column":13}},"type":"if","locations":[{"start":{"line":232,"column":12},"end":{"line":237,"column":13}},{"start":{"line":235,"column":19},"end":{"line":237,"column":13}}],"line":232},"9":{"loc":{"start":{"line":246,"column":12},"end":{"line":251,"column":13}},"type":"if","locations":[{"start":{"line":246,"column":12},"end":{"line":251,"column":13}},{"start":{"line":249,"column":19},"end":{"line":251,"column":13}}],"line":246},"10":{"loc":{"start":{"line":260,"column":12},"end":{"line":265,"column":13}},"type":"if","locations":[{"start":{"line":260,"column":12},"end":{"line":265,"column":13}},{"start":{"line":263,"column":19},"end":{"line":265,"column":13}}],"line":260},"11":{"loc":{"start":{"line":274,"column":12},"end":{"line":279,"column":13}},"type":"if","locations":[{"start":{"line":274,"column":12},"end":{"line":279,"column":13}},{"start":{"line":277,"column":19},"end":{"line":279,"column":13}}],"line":274},"12":{"loc":{"start":{"line":288,"column":12},"end":{"line":293,"column":13}},"type":"if","locations":[{"start":{"line":288,"column":12},"end":{"line":293,"column":13}},{"start":{"line":291,"column":19},"end":{"line":293,"column":13}}],"line":288},"13":{"loc":{"start":{"line":303,"column":12},"end":{"line":308,"column":13}},"type":"if","locations":[{"start":{"line":303,"column":12},"end":{"line":308,"column":13}},{"start":{"line":306,"column":19},"end":{"line":308,"column":13}}],"line":303},"14":{"loc":{"start":{"line":318,"column":12},"end":{"line":323,"column":13}},"type":"if","locations":[{"start":{"line":318,"column":12},"end":{"line":323,"column":13}},{"start":{"line":321,"column":19},"end":{"line":323,"column":13}}],"line":318},"15":{"loc":{"start":{"line":332,"column":12},"end":{"line":337,"column":13}},"type":"if","locations":[{"start":{"line":332,"column":12},"end":{"line":337,"column":13}},{"start":{"line":335,"column":19},"end":{"line":337,"column":13}}],"line":332},"16":{"loc":{"start":{"line":347,"column":12},"end":{"line":352,"column":13}},"type":"if","locations":[{"start":{"line":347,"column":12},"end":{"line":352,"column":13}},{"start":{"line":350,"column":19},"end":{"line":352,"column":13}}],"line":347}},"s":{"0":1,"1":1,"2":1,"3":1,"4":1,"5":1,"6":1,"7":1,"8":15,"9":15,"10":0,"11":1,"12":1,"13":0,"14":1,"15":1,"16":1,"17":3,"18":3,"19":3,"20":3,"21":0,"22":0,"23":3,"24":1,"25":1,"26":1,"27":1,"28":1,"29":0,"30":0,"31":1,"32":1,"33":0,"34":0,"35":0,"36":0,"37":0,"38":0,"39":0,"40":1,"41":1,"42":1,"43":1,"44":1,"45":0,"46":0,"47":1,"48":1,"49":1,"50":1,"51":1,"52":1,"53":0,"54":0,"55":1,"56":1,"57":0,"58":0,"59":0,"60":0,"61":0,"62":0,"63":0,"64":1,"65":3,"66":3,"67":3,"68":3,"69":0,"70":0,"71":3,"72":1,"73":0,"74":0,"75":0,"76":0,"77":0,"78":0,"79":0,"80":1,"81":1,"82":1,"83":1,"84":1,"85":0,"86":0,"87":1,"88":1,"89":3,"90":3,"91":3,"92":3,"93":0,"94":0,"95":3,"96":1,"97":4,"98":4,"99":4,"100":4,"101":0,"102":0,"103":4,"104":1,"105":4,"106":4,"107":4,"108":4,"109":0,"110":0,"111":4,"112":1,"113":3,"114":3,"115":3,"116":3,"117":0,"118":0,"119":3,"120":1,"121":1,"122":1,"123":1,"124":1,"125":0,"126":0,"127":1,"128":1,"129":3,"130":3,"131":3,"132":3,"133":0,"134":0,"135":3},"f":{"0":1,"1":1,"2":1,"3":15,"4":15,"5":1,"6":3,"7":3,"8":3,"9":1,"10":1,"11":1,"12":0,"13":0,"14":0,"15":1,"16":1,"17":1,"18":1,"19":1,"20":1,"21":0,"22":0,"23":0,"24":3,"25":3,"26":3,"27":0,"28":0,"29":0,"30":1,"31":1,"32":1,"33":3,"34":3,"35":3,"36":4,"37":4,"38":4,"39":4,"40":4,"41":4,"42":3,"43":3,"44":3,"45":1,"46":1,"47":1,"48":3,"49":3,"50":3},"b":{"0":[0,15],"1":[0,1],"2":[0,3],"3":[0,1],"4":[0,0],"5":[0,1],"6":[0,1],"7":[0,0],"8":[0,3],"9":[0,0],"10":[0,1],"11":[0,3],"12":[0,4],"13":[0,4],"14":[0,3],"15":[0,1],"16":[0,3]},"_coverageSchema":"1a1c01bbd47fc00a2c39e90264f33305004495a9","hash":"76a445dc172dca70f46bfc7195ba233f16c482a2"}
}
