TN:
SF:db.js
FN:8,(anonymous_0)
FN:12,(anonymous_1)
FN:16,(anonymous_2)
FN:17,(anonymous_3)
FN:19,(anonymous_4)
FN:26,(anonymous_5)
FN:35,(anonymous_6)
FN:36,(anonymous_7)
FN:38,(anonymous_8)
FN:45,(anonymous_9)
FN:55,(anonymous_10)
FN:56,(anonymous_11)
FN:58,(anonymous_12)
FN:65,(anonymous_13)
FN:74,(anonymous_14)
FN:75,(anonymous_15)
FN:77,(anonymous_16)
FN:84,(anonymous_17)
FN:93,(anonymous_18)
FN:94,(anonymous_19)
FN:96,(anonymous_20)
FN:102,(anonymous_21)
FN:115,(anonymous_22)
FN:116,(anonymous_23)
FN:118,(anonymous_24)
FN:135,(anonymous_25)
FN:136,(anonymous_26)
FN:138,(anonymous_27)
FN:144,(anonymous_28)
FN:156,(anonymous_29)
FN:157,(anonymous_30)
FN:159,(anonymous_31)
FN:166,(anonymous_32)
FN:176,(anonymous_33)
FN:177,(anonymous_34)
FN:179,(anonymous_35)
FN:185,(anonymous_36)
FN:195,(anonymous_37)
FN:196,(anonymous_38)
FN:198,(anonymous_39)
FN:210,(anonymous_40)
FN:211,(anonymous_41)
FN:213,(anonymous_42)
FN:218,(anonymous_43)
FN:228,(anonymous_44)
FN:229,(anonymous_45)
FN:231,(anonymous_46)
FN:243,(anonymous_47)
FN:244,(anonymous_48)
FN:246,(anonymous_49)
FN:258,(anonymous_50)
FN:259,(anonymous_51)
FN:261,(anonymous_52)
FN:267,(anonymous_53)
FN:277,(anonymous_54)
FN:278,(anonymous_55)
FN:280,(anonymous_56)
FN:287,(anonymous_57)
FN:296,(anonymous_58)
FN:297,(anonymous_59)
FN:301,(anonymous_60)
FN:319,(anonymous_61)
FN:337,(anonymous_62)
FN:338,(anonymous_63)
FN:343,(anonymous_64)
FN:344,(anonymous_65)
FN:354,(anonymous_66)
FN:355,(anonymous_67)
FN:357,(anonymous_68)
FN:364,(anonymous_69)
FN:387,(anonymous_70)
FN:388,(anonymous_71)
FN:390,(anonymous_72)
FN:397,(anonymous_73)
FN:420,(anonymous_74)
FN:421,(anonymous_75)
FN:423,(anonymous_76)
FN:433,(anonymous_77)
FN:434,(anonymous_78)
FN:436,(anonymous_79)
FN:446,(anonymous_80)
FN:447,(anonymous_81)
FN:449,(anonymous_82)
FN:459,(anonymous_83)
FN:460,(anonymous_84)
FN:462,(anonymous_85)
FN:472,(anonymous_86)
FN:473,(anonymous_87)
FN:475,(anonymous_88)
FN:487,(anonymous_89)
FN:488,(anonymous_90)
FN:490,(anonymous_91)
FN:514,(anonymous_92)
FN:515,(anonymous_93)
FN:517,(anonymous_94)
FN:532,(anonymous_95)
FN:533,(anonymous_96)
FN:535,(anonymous_97)
FN:545,(anonymous_98)
FN:546,(anonymous_99)
FN:548,(anonymous_100)
FN:553,(anonymous_101)
FN:576,(anonymous_102)
FN:577,(anonymous_103)
FN:579,(anonymous_104)
FN:584,(anonymous_105)
FN:606,(anonymous_106)
FN:607,(anonymous_107)
FN:609,(anonymous_108)
FN:631,(anonymous_109)
FN:632,(anonymous_110)
FN:634,(anonymous_111)
FN:655,(anonymous_112)
FN:656,(anonymous_113)
FN:658,(anonymous_114)
FN:670,(anonymous_115)
FN:671,(anonymous_116)
FN:673,(anonymous_117)
FN:685,(anonymous_118)
FN:686,(anonymous_119)
FN:688,(anonymous_120)
FN:699,(anonymous_121)
FN:700,(anonymous_122)
FN:702,(anonymous_123)
FN:712,(anonymous_124)
FN:713,(anonymous_125)
FN:715,(anonymous_126)
FN:725,(anonymous_127)
FN:726,(anonymous_128)
FN:728,(anonymous_129)
FN:738,(anonymous_130)
FN:739,(anonymous_131)
FN:741,(anonymous_132)
FN:751,(anonymous_133)
FN:752,(anonymous_134)
FN:754,(anonymous_135)
FN:764,(anonymous_136)
FN:765,(anonymous_137)
FN:767,(anonymous_138)
FN:777,(anonymous_139)
FN:778,(anonymous_140)
FN:780,(anonymous_141)
FN:796,(anonymous_142)
FN:797,(anonymous_143)
FN:799,(anonymous_144)
FN:815,(anonymous_145)
FN:816,(anonymous_146)
FN:818,(anonymous_147)
FN:834,(anonymous_148)
FN:835,(anonymous_149)
FN:837,(anonymous_150)
FN:847,(anonymous_151)
FN:848,(anonymous_152)
FN:850,(anonymous_153)
FN:860,(anonymous_154)
FN:861,(anonymous_155)
FN:863,(anonymous_156)
FN:873,(anonymous_157)
FN:874,(anonymous_158)
FN:876,(anonymous_159)
FN:889,(anonymous_160)
FN:890,(anonymous_161)
FN:892,(anonymous_162)
FN:905,(anonymous_163)
FN:906,(anonymous_164)
FN:908,(anonymous_165)
FN:920,(anonymous_166)
FN:921,(anonymous_167)
FN:923,(anonymous_168)
FN:933,(anonymous_169)
FN:934,(anonymous_170)
FN:936,(anonymous_171)
FN:947,(anonymous_172)
FN:948,(anonymous_173)
FN:950,(anonymous_174)
FN:961,(anonymous_175)
FN:962,(anonymous_176)
FN:964,(anonymous_177)
FN:990,(anonymous_178)
FN:991,(anonymous_179)
FN:993,(anonymous_180)
FN:999,(anonymous_181)
FN:1015,(anonymous_182)
FN:1016,(anonymous_183)
FN:1018,(anonymous_184)
FN:1041,(anonymous_185)
FN:1042,(anonymous_186)
FN:1044,(anonymous_187)
FNF:188
FNH:62
FNDA:2,(anonymous_0)
FNDA:1,(anonymous_1)
FNDA:1,(anonymous_2)
FNDA:1,(anonymous_3)
FNDA:1,(anonymous_4)
FNDA:3,(anonymous_5)
FNDA:9,(anonymous_6)
FNDA:9,(anonymous_7)
FNDA:9,(anonymous_8)
FNDA:3,(anonymous_9)
FNDA:1,(anonymous_10)
FNDA:1,(anonymous_11)
FNDA:1,(anonymous_12)
FNDA:3,(anonymous_13)
FNDA:9,(anonymous_14)
FNDA:9,(anonymous_15)
FNDA:9,(anonymous_16)
FNDA:3,(anonymous_17)
FNDA:1,(anonymous_18)
FNDA:1,(anonymous_19)
FNDA:1,(anonymous_20)
FNDA:3,(anonymous_21)
FNDA:0,(anonymous_22)
FNDA:0,(anonymous_23)
FNDA:0,(anonymous_24)
FNDA:0,(anonymous_25)
FNDA:0,(anonymous_26)
FNDA:0,(anonymous_27)
FNDA:0,(anonymous_28)
FNDA:3,(anonymous_29)
FNDA:3,(anonymous_30)
FNDA:3,(anonymous_31)
FNDA:1,(anonymous_32)
FNDA:1,(anonymous_33)
FNDA:1,(anonymous_34)
FNDA:1,(anonymous_35)
FNDA:3,(anonymous_36)
FNDA:3,(anonymous_37)
FNDA:3,(anonymous_38)
FNDA:3,(anonymous_39)
FNDA:0,(anonymous_40)
FNDA:0,(anonymous_41)
FNDA:0,(anonymous_42)
FNDA:0,(anonymous_43)
FNDA:3,(anonymous_44)
FNDA:3,(anonymous_45)
FNDA:3,(anonymous_46)
FNDA:0,(anonymous_47)
FNDA:0,(anonymous_48)
FNDA:0,(anonymous_49)
FNDA:0,(anonymous_50)
FNDA:0,(anonymous_51)
FNDA:0,(anonymous_52)
FNDA:0,(anonymous_53)
FNDA:3,(anonymous_54)
FNDA:3,(anonymous_55)
FNDA:3,(anonymous_56)
FNDA:3,(anonymous_57)
FNDA:3,(anonymous_58)
FNDA:3,(anonymous_59)
FNDA:3,(anonymous_60)
FNDA:1,(anonymous_61)
FNDA:3,(anonymous_62)
FNDA:3,(anonymous_63)
FNDA:1,(anonymous_64)
FNDA:1,(anonymous_65)
FNDA:1,(anonymous_66)
FNDA:1,(anonymous_67)
FNDA:1,(anonymous_68)
FNDA:3,(anonymous_69)
FNDA:2,(anonymous_70)
FNDA:2,(anonymous_71)
FNDA:2,(anonymous_72)
FNDA:6,(anonymous_73)
FNDA:0,(anonymous_74)
FNDA:0,(anonymous_75)
FNDA:0,(anonymous_76)
FNDA:0,(anonymous_77)
FNDA:0,(anonymous_78)
FNDA:0,(anonymous_79)
FNDA:0,(anonymous_80)
FNDA:0,(anonymous_81)
FNDA:0,(anonymous_82)
FNDA:0,(anonymous_83)
FNDA:0,(anonymous_84)
FNDA:0,(anonymous_85)
FNDA:0,(anonymous_86)
FNDA:0,(anonymous_87)
FNDA:0,(anonymous_88)
FNDA:0,(anonymous_89)
FNDA:0,(anonymous_90)
FNDA:0,(anonymous_91)
FNDA:0,(anonymous_92)
FNDA:0,(anonymous_93)
FNDA:0,(anonymous_94)
FNDA:0,(anonymous_95)
FNDA:0,(anonymous_96)
FNDA:0,(anonymous_97)
FNDA:0,(anonymous_98)
FNDA:0,(anonymous_99)
FNDA:0,(anonymous_100)
FNDA:0,(anonymous_101)
FNDA:0,(anonymous_102)
FNDA:0,(anonymous_103)
FNDA:0,(anonymous_104)
FNDA:0,(anonymous_105)
FNDA:0,(anonymous_106)
FNDA:0,(anonymous_107)
FNDA:0,(anonymous_108)
FNDA:0,(anonymous_109)
FNDA:0,(anonymous_110)
FNDA:0,(anonymous_111)
FNDA:0,(anonymous_112)
FNDA:0,(anonymous_113)
FNDA:0,(anonymous_114)
FNDA:0,(anonymous_115)
FNDA:0,(anonymous_116)
FNDA:0,(anonymous_117)
FNDA:0,(anonymous_118)
FNDA:0,(anonymous_119)
FNDA:0,(anonymous_120)
FNDA:0,(anonymous_121)
FNDA:0,(anonymous_122)
FNDA:0,(anonymous_123)
FNDA:0,(anonymous_124)
FNDA:0,(anonymous_125)
FNDA:0,(anonymous_126)
FNDA:0,(anonymous_127)
FNDA:0,(anonymous_128)
FNDA:0,(anonymous_129)
FNDA:0,(anonymous_130)
FNDA:0,(anonymous_131)
FNDA:0,(anonymous_132)
FNDA:0,(anonymous_133)
FNDA:0,(anonymous_134)
FNDA:0,(anonymous_135)
FNDA:0,(anonymous_136)
FNDA:0,(anonymous_137)
FNDA:0,(anonymous_138)
FNDA:3,(anonymous_139)
FNDA:3,(anonymous_140)
FNDA:3,(anonymous_141)
FNDA:0,(anonymous_142)
FNDA:0,(anonymous_143)
FNDA:0,(anonymous_144)
FNDA:3,(anonymous_145)
FNDA:3,(anonymous_146)
FNDA:3,(anonymous_147)
FNDA:0,(anonymous_148)
FNDA:0,(anonymous_149)
FNDA:0,(anonymous_150)
FNDA:0,(anonymous_151)
FNDA:0,(anonymous_152)
FNDA:0,(anonymous_153)
FNDA:0,(anonymous_154)
FNDA:0,(anonymous_155)
FNDA:0,(anonymous_156)
FNDA:0,(anonymous_157)
FNDA:0,(anonymous_158)
FNDA:0,(anonymous_159)
FNDA:0,(anonymous_160)
FNDA:0,(anonymous_161)
FNDA:0,(anonymous_162)
FNDA:0,(anonymous_163)
FNDA:0,(anonymous_164)
FNDA:0,(anonymous_165)
FNDA:0,(anonymous_166)
FNDA:0,(anonymous_167)
FNDA:0,(anonymous_168)
FNDA:0,(anonymous_169)
FNDA:0,(anonymous_170)
FNDA:0,(anonymous_171)
FNDA:0,(anonymous_172)
FNDA:0,(anonymous_173)
FNDA:0,(anonymous_174)
FNDA:0,(anonymous_175)
FNDA:0,(anonymous_176)
FNDA:0,(anonymous_177)
FNDA:0,(anonymous_178)
FNDA:0,(anonymous_179)
FNDA:0,(anonymous_180)
FNDA:0,(anonymous_181)
FNDA:0,(anonymous_182)
FNDA:0,(anonymous_183)
FNDA:0,(anonymous_184)
FNDA:0,(anonymous_185)
FNDA:0,(anonymous_186)
FNDA:0,(anonymous_187)
DA:3,2
DA:4,2
DA:5,2
DA:8,2
DA:9,2
DA:12,2
DA:13,1
DA:16,2
DA:17,1
DA:18,1
DA:19,1
DA:20,1
DA:21,0
DA:22,0
DA:25,1
DA:26,1
DA:27,3
DA:29,1
DA:35,2
DA:36,9
DA:37,9
DA:38,9
DA:39,9
DA:40,0
DA:41,0
DA:44,9
DA:45,9
DA:46,3
DA:48,9
DA:55,2
DA:56,1
DA:57,1
DA:58,1
DA:59,1
DA:60,0
DA:61,0
DA:64,1
DA:65,1
DA:66,3
DA:68,1
DA:74,2
DA:75,9
DA:76,9
DA:77,9
DA:78,9
DA:79,0
DA:80,0
DA:83,9
DA:84,9
DA:85,3
DA:87,9
DA:93,2
DA:94,1
DA:95,1
DA:96,1
DA:97,1
DA:98,0
DA:99,0
DA:102,3
DA:109,1
DA:115,2
DA:116,0
DA:117,0
DA:118,0
DA:119,0
DA:120,0
DA:121,0
DA:124,0
DA:129,0
DA:135,2
DA:136,0
DA:137,0
DA:138,0
DA:139,0
DA:140,0
DA:141,0
DA:144,0
DA:150,0
DA:156,2
DA:157,3
DA:158,3
DA:159,3
DA:160,3
DA:161,0
DA:162,0
DA:165,3
DA:166,3
DA:167,1
DA:170,3
DA:176,2
DA:177,1
DA:178,1
DA:179,1
DA:180,1
DA:181,0
DA:182,0
DA:185,3
DA:189,1
DA:195,2
DA:196,3
DA:197,3
DA:198,3
DA:199,3
DA:200,0
DA:201,0
DA:204,3
DA:210,2
DA:211,0
DA:212,0
DA:213,0
DA:214,0
DA:215,0
DA:216,0
DA:218,0
DA:222,0
DA:228,2
DA:229,3
DA:230,3
DA:231,3
DA:232,3
DA:233,0
DA:234,0
DA:237,3
DA:243,2
DA:244,0
DA:245,0
DA:246,0
DA:247,0
DA:248,0
DA:249,0
DA:252,0
DA:258,2
DA:259,0
DA:260,0
DA:261,0
DA:262,0
DA:263,0
DA:264,0
DA:267,0
DA:271,0
DA:277,2
DA:278,3
DA:279,3
DA:280,3
DA:281,3
DA:282,0
DA:283,0
DA:286,3
DA:287,3
DA:288,3
DA:290,3
DA:296,2
DA:297,3
DA:298,3
DA:299,3
DA:301,3
DA:302,3
DA:303,0
DA:305,3
DA:306,2
DA:314,1
DA:319,3
DA:320,1
DA:321,0
DA:323,1
DA:324,1
DA:332,0
DA:337,3
DA:338,3
DA:339,3
DA:343,3
DA:344,1
DA:345,1
DA:351,3
DA:354,2
DA:355,1
DA:356,1
DA:357,1
DA:358,1
DA:359,0
DA:360,0
DA:363,1
DA:364,3
DA:378,1
DA:380,0
DA:387,2
DA:388,2
DA:389,2
DA:390,2
DA:391,2
DA:392,0
DA:393,0
DA:396,2
DA:397,6
DA:410,2
DA:412,0
DA:420,2
DA:421,0
DA:422,0
DA:423,0
DA:424,0
DA:425,0
DA:426,0
DA:428,0
DA:433,2
DA:434,0
DA:435,0
DA:436,0
DA:437,0
DA:438,0
DA:439,0
DA:441,0
DA:446,2
DA:447,0
DA:448,0
DA:449,0
DA:450,0
DA:451,0
DA:452,0
DA:454,0
DA:459,2
DA:460,0
DA:461,0
DA:462,0
DA:463,0
DA:464,0
DA:465,0
DA:467,0
DA:472,2
DA:473,0
DA:474,0
DA:475,0
DA:476,0
DA:477,0
DA:478,0
DA:480,0
DA:487,2
DA:488,0
DA:489,0
DA:490,0
DA:491,0
DA:492,0
DA:493,0
DA:495,0
DA:496,0
DA:498,0
DA:508,0
DA:514,2
DA:515,0
DA:516,0
DA:517,0
DA:518,0
DA:519,0
DA:520,0
DA:522,0
DA:523,0
DA:525,0
DA:532,2
DA:533,0
DA:534,0
DA:535,0
DA:536,0
DA:537,0
DA:538,0
DA:540,0
DA:545,2
DA:546,0
DA:547,0
DA:548,0
DA:549,0
DA:550,0
DA:551,0
DA:553,0
DA:568,0
DA:576,2
DA:577,0
DA:578,0
DA:579,0
DA:580,0
DA:581,0
DA:582,0
DA:584,0
DA:598,0
DA:606,2
DA:607,0
DA:608,0
DA:609,0
DA:610,0
DA:611,0
DA:612,0
DA:615,0
DA:616,0
DA:618,0
DA:623,0
DA:631,2
DA:632,0
DA:633,0
DA:634,0
DA:635,0
DA:636,0
DA:637,0
DA:640,0
DA:641,0
DA:643,0
DA:647,0
DA:655,2
DA:656,0
DA:657,0
DA:658,0
DA:659,0
DA:660,0
DA:661,0
DA:663,0
DA:670,2
DA:671,0
DA:672,0
DA:673,0
DA:674,0
DA:675,0
DA:676,0
DA:678,0
DA:685,2
DA:686,0
DA:687,0
DA:688,0
DA:689,0
DA:690,0
DA:691,0
DA:693,0
DA:699,2
DA:700,0
DA:701,0
DA:702,0
DA:703,0
DA:704,0
DA:705,0
DA:707,0
DA:712,2
DA:713,0
DA:714,0
DA:715,0
DA:716,0
DA:717,0
DA:718,0
DA:720,0
DA:725,2
DA:726,0
DA:727,0
DA:728,0
DA:729,0
DA:730,0
DA:731,0
DA:733,0
DA:738,2
DA:739,0
DA:740,0
DA:741,0
DA:742,0
DA:743,0
DA:744,0
DA:746,0
DA:751,2
DA:752,0
DA:753,0
DA:754,0
DA:755,0
DA:756,0
DA:757,0
DA:759,0
DA:764,2
DA:765,0
DA:766,0
DA:767,0
DA:768,0
DA:769,0
DA:770,0
DA:772,0
DA:777,2
DA:778,3
DA:779,3
DA:780,3
DA:781,3
DA:782,0
DA:783,0
DA:786,3
DA:787,3
DA:789,0
DA:796,2
DA:797,0
DA:798,0
DA:799,0
DA:800,0
DA:801,0
DA:802,0
DA:805,0
DA:806,0
DA:808,0
DA:815,2
DA:816,3
DA:817,3
DA:818,3
DA:819,3
DA:820,0
DA:821,0
DA:824,3
DA:825,3
DA:827,0
DA:834,2
DA:835,0
DA:836,0
DA:837,0
DA:838,0
DA:839,0
DA:840,0
DA:842,0
DA:847,2
DA:848,0
DA:849,0
DA:850,0
DA:851,0
DA:852,0
DA:853,0
DA:855,0
DA:860,2
DA:861,0
DA:862,0
DA:863,0
DA:864,0
DA:865,0
DA:866,0
DA:868,0
DA:873,2
DA:874,0
DA:875,0
DA:876,0
DA:877,0
DA:878,0
DA:879,0
DA:882,0
DA:889,2
DA:890,0
DA:891,0
DA:892,0
DA:893,0
DA:894,0
DA:895,0
DA:898,0
DA:905,2
DA:906,0
DA:907,0
DA:908,0
DA:909,0
DA:910,0
DA:911,0
DA:913,0
DA:920,2
DA:921,0
DA:922,0
DA:923,0
DA:924,0
DA:925,0
DA:926,0
DA:928,0
DA:933,2
DA:934,0
DA:935,0
DA:936,0
DA:937,0
DA:938,0
DA:939,0
DA:941,0
DA:947,2
DA:948,0
DA:949,0
DA:950,0
DA:951,0
DA:952,0
DA:953,0
DA:955,0
DA:961,2
DA:962,0
DA:963,0
DA:964,0
DA:965,0
DA:966,0
DA:967,0
DA:969,0
DA:970,0
DA:973,0
DA:983,0
DA:990,2
DA:991,0
DA:992,0
DA:993,0
DA:994,0
DA:995,0
DA:996,0
DA:999,0
DA:1008,0
DA:1015,2
DA:1016,0
DA:1017,0
DA:1018,0
DA:1019,0
DA:1020,0
DA:1021,0
DA:1023,0
DA:1024,0
DA:1029,0
DA:1034,0
DA:1041,2
DA:1042,0
DA:1043,0
DA:1044,0
DA:1045,0
DA:1046,0
DA:1047,0
DA:1050,0
DA:1051,0
DA:1053,0
DA:1058,0
LF:521
LH:177
BRDA:9,0,0,0
BRDA:9,0,1,2
BRDA:20,1,0,0
BRDA:20,1,1,1
BRDA:39,2,0,0
BRDA:39,2,1,9
BRDA:59,3,0,0
BRDA:59,3,1,1
BRDA:78,4,0,0
BRDA:78,4,1,9
BRDA:97,5,0,0
BRDA:97,5,1,1
BRDA:119,6,0,0
BRDA:119,6,1,0
BRDA:139,7,0,0
BRDA:139,7,1,0
BRDA:160,8,0,0
BRDA:160,8,1,3
BRDA:180,9,0,0
BRDA:180,9,1,1
BRDA:199,10,0,0
BRDA:199,10,1,3
BRDA:214,11,0,0
BRDA:214,11,1,0
BRDA:232,12,0,0
BRDA:232,12,1,3
BRDA:247,13,0,0
BRDA:247,13,1,0
BRDA:262,14,0,0
BRDA:262,14,1,0
BRDA:281,15,0,0
BRDA:281,15,1,3
BRDA:302,16,0,0
BRDA:302,16,1,3
BRDA:305,17,0,2
BRDA:305,17,1,1
BRDA:320,18,0,0
BRDA:320,18,1,1
BRDA:323,19,0,1
BRDA:323,19,1,0
BRDA:358,20,0,0
BRDA:358,20,1,1
BRDA:363,21,0,1
BRDA:363,21,1,0
BRDA:372,22,0,0
BRDA:372,22,1,3
BRDA:391,23,0,0
BRDA:391,23,1,2
BRDA:396,24,0,2
BRDA:396,24,1,0
BRDA:424,25,0,0
BRDA:424,25,1,0
BRDA:437,26,0,0
BRDA:437,26,1,0
BRDA:450,27,0,0
BRDA:450,27,1,0
BRDA:463,28,0,0
BRDA:463,28,1,0
BRDA:476,29,0,0
BRDA:476,29,1,0
BRDA:491,30,0,0
BRDA:491,30,1,0
BRDA:495,31,0,0
BRDA:495,31,1,0
BRDA:518,32,0,0
BRDA:518,32,1,0
BRDA:522,33,0,0
BRDA:522,33,1,0
BRDA:525,34,0,0
BRDA:525,34,1,0
BRDA:525,35,0,0
BRDA:525,35,1,0
BRDA:536,36,0,0
BRDA:536,36,1,0
BRDA:549,37,0,0
BRDA:549,37,1,0
BRDA:565,38,0,0
BRDA:565,38,1,0
BRDA:565,39,0,0
BRDA:565,39,1,0
BRDA:580,40,0,0
BRDA:580,40,1,0
BRDA:593,41,0,0
BRDA:593,41,1,0
BRDA:593,42,0,0
BRDA:593,42,1,0
BRDA:610,43,0,0
BRDA:610,43,1,0
BRDA:615,44,0,0
BRDA:615,44,1,0
BRDA:635,45,0,0
BRDA:635,45,1,0
BRDA:640,46,0,0
BRDA:640,46,1,0
BRDA:659,47,0,0
BRDA:659,47,1,0
BRDA:674,48,0,0
BRDA:674,48,1,0
BRDA:689,49,0,0
BRDA:689,49,1,0
BRDA:703,50,0,0
BRDA:703,50,1,0
BRDA:716,51,0,0
BRDA:716,51,1,0
BRDA:729,52,0,0
BRDA:729,52,1,0
BRDA:742,53,0,0
BRDA:742,53,1,0
BRDA:755,54,0,0
BRDA:755,54,1,0
BRDA:768,55,0,0
BRDA:768,55,1,0
BRDA:781,56,0,0
BRDA:781,56,1,3
BRDA:786,57,0,3
BRDA:786,57,1,0
BRDA:800,58,0,0
BRDA:800,58,1,0
BRDA:805,59,0,0
BRDA:805,59,1,0
BRDA:819,60,0,0
BRDA:819,60,1,3
BRDA:824,61,0,3
BRDA:824,61,1,0
BRDA:838,62,0,0
BRDA:838,62,1,0
BRDA:851,63,0,0
BRDA:851,63,1,0
BRDA:864,64,0,0
BRDA:864,64,1,0
BRDA:877,65,0,0
BRDA:877,65,1,0
BRDA:893,66,0,0
BRDA:893,66,1,0
BRDA:909,67,0,0
BRDA:909,67,1,0
BRDA:924,68,0,0
BRDA:924,68,1,0
BRDA:937,69,0,0
BRDA:937,69,1,0
BRDA:951,70,0,0
BRDA:951,70,1,0
BRDA:965,71,0,0
BRDA:965,71,1,0
BRDA:969,72,0,0
BRDA:969,72,1,0
BRDA:994,73,0,0
BRDA:994,73,1,0
BRDA:1019,74,0,0
BRDA:1019,74,1,0
BRDA:1023,75,0,0
BRDA:1023,75,1,0
BRDA:1045,76,0,0
BRDA:1045,76,1,0
BRDA:1050,77,0,0
BRDA:1050,77,1,0
BRF:156
BRH:25
end_of_record
TN:
SF:index.js
FN:45,(anonymous_0)
FN:48,(anonymous_1)
FN:62,(anonymous_2)
FN:64,(anonymous_3)
FN:65,(anonymous_4)
FN:70,(anonymous_5)
FN:72,(anonymous_6)
FN:73,(anonymous_7)
FN:78,(anonymous_8)
FN:80,(anonymous_9)
FN:81,(anonymous_10)
FN:86,(anonymous_11)
FN:88,(anonymous_12)
FN:89,(anonymous_13)
FN:94,(anonymous_14)
FN:96,(anonymous_15)
FN:97,(anonymous_16)
FN:102,(anonymous_17)
FN:104,(anonymous_18)
FN:105,(anonymous_19)
FN:115,(anonymous_20)
FN:132,processTeacherThesis
FN:137,processStudentThesis
FN:147,processThesisDetails
FN:156,filterThesis
FN:167,validateThesis
FN:185,validateFilter
FN:188,(anonymous_27)
FN:199,validateExpDate
FN:214,(anonymous_29)
FN:245,(anonymous_30)
FN:295,(anonymous_31)
FN:333,(anonymous_32)
FN:345,(anonymous_33)
FN:373,(anonymous_34)
FN:386,(anonymous_35)
FN:413,(anonymous_36)
FN:415,(anonymous_37)
FN:444,(anonymous_38)
FN:463,(anonymous_39)
FN:465,(anonymous_40)
FN:491,(anonymous_41)
FN:521,(anonymous_42)
FN:574,processCoSupervisors
FN:581,processKeywords
FN:588,processTypes
FN:596,(anonymous_46)
FN:611,(anonymous_47)
FN:629,(anonymous_48)
FN:645,(anonymous_49)
FN:647,(anonymous_50)
FN:675,(anonymous_51)
FN:677,(anonymous_52)
FN:712,(anonymous_53)
FN:714,(anonymous_54)
FNF:55
FNH:52
FNDA:1,(anonymous_0)
FNDA:1,(anonymous_1)
FNDA:4,(anonymous_2)
FNDA:3,(anonymous_3)
FNDA:1,(anonymous_4)
FNDA:2,(anonymous_5)
FNDA:1,(anonymous_6)
FNDA:1,(anonymous_7)
FNDA:4,(anonymous_8)
FNDA:3,(anonymous_9)
FNDA:1,(anonymous_10)
FNDA:4,(anonymous_11)
FNDA:3,(anonymous_12)
FNDA:1,(anonymous_13)
FNDA:3,(anonymous_14)
FNDA:2,(anonymous_15)
FNDA:1,(anonymous_16)
FNDA:4,(anonymous_17)
FNDA:3,(anonymous_18)
FNDA:1,(anonymous_19)
FNDA:8,(anonymous_20)
FNDA:3,processTeacherThesis
FNDA:4,processStudentThesis
FNDA:7,processThesisDetails
FNDA:2,filterThesis
FNDA:5,validateThesis
FNDA:25,validateFilter
FNDA:39,(anonymous_27)
FNDA:5,validateExpDate
FNDA:3,(anonymous_29)
FNDA:7,(anonymous_30)
FNDA:3,(anonymous_31)
FNDA:7,(anonymous_32)
FNDA:2,(anonymous_33)
FNDA:0,(anonymous_34)
FNDA:6,(anonymous_35)
FNDA:6,(anonymous_36)
FNDA:6,(anonymous_37)
FNDA:0,(anonymous_38)
FNDA:6,(anonymous_39)
FNDA:6,(anonymous_40)
FNDA:0,(anonymous_41)
FNDA:11,(anonymous_42)
FNDA:2,processCoSupervisors
FNDA:2,processKeywords
FNDA:2,processTypes
FNDA:2,(anonymous_46)
FNDA:3,(anonymous_47)
FNDA:2,(anonymous_48)
FNDA:5,(anonymous_49)
FNDA:5,(anonymous_50)
FNDA:7,(anonymous_51)
FNDA:7,(anonymous_52)
FNDA:6,(anonymous_53)
FNDA:6,(anonymous_54)
DA:2,2
DA:3,2
DA:4,2
DA:5,2
DA:6,2
DA:7,2
DA:8,2
DA:9,2
DA:10,2
DA:11,2
DA:12,2
DA:13,2
DA:14,2
DA:15,2
DA:16,2
DA:18,2
DA:20,2
DA:25,2
DA:29,2
DA:31,2
DA:38,2
DA:40,2
DA:41,1
DA:44,2
DA:46,1
DA:49,1
DA:53,2
DA:60,2
DA:62,2
DA:63,4
DA:64,3
DA:66,1
DA:70,2
DA:71,2
DA:72,1
DA:74,1
DA:78,2
DA:79,4
DA:80,3
DA:82,1
DA:86,2
DA:87,4
DA:88,3
DA:90,1
DA:94,2
DA:95,3
DA:96,2
DA:98,1
DA:102,2
DA:103,4
DA:104,3
DA:106,1
DA:115,2
DA:116,8
DA:117,8
DA:118,7
DA:119,7
DA:120,3
DA:121,3
DA:122,4
DA:123,4
DA:124,4
DA:128,1
DA:133,3
DA:134,3
DA:138,4
DA:139,4
DA:140,4
DA:141,2
DA:144,2
DA:148,7
DA:149,17
DA:150,17
DA:151,17
DA:153,7
DA:157,2
DA:158,2
DA:159,5
DA:160,5
DA:161,2
DA:164,2
DA:168,5
DA:169,5
DA:170,5
DA:171,5
DA:172,5
DA:174,5
DA:175,5
DA:176,5
DA:177,5
DA:178,5
DA:179,5
DA:180,5
DA:182,5
DA:186,25
DA:187,23
DA:188,23
DA:189,39
DA:190,18
DA:193,23
DA:194,23
DA:196,2
DA:200,5
DA:201,3
DA:202,3
DA:204,3
DA:206,3
DA:208,2
DA:214,2
DA:215,3
DA:217,3
DA:218,1
DA:221,2
DA:223,2
DA:224,1
DA:226,1
DA:230,2
DA:247,7
DA:248,7
DA:249,1
DA:252,6
DA:253,6
DA:254,6
DA:255,6
DA:256,6
DA:257,6
DA:258,6
DA:259,6
DA:260,6
DA:261,6
DA:263,6
DA:265,6
DA:266,6
DA:267,6
DA:268,5
DA:269,5
DA:270,3
DA:271,2
DA:272,4
DA:275,2
DA:276,4
DA:279,2
DA:280,4
DA:283,2
DA:284,2
DA:286,1
DA:289,1
DA:295,2
DA:297,3
DA:299,3
DA:300,1
DA:303,2
DA:304,2
DA:305,1
DA:306,1
DA:307,1
DA:308,1
DA:309,1
DA:310,1
DA:312,1
DA:327,1
DA:329,1
DA:333,2
DA:334,7
DA:335,7
DA:336,7
DA:337,1
DA:339,6
DA:340,6
DA:341,5
DA:342,5
DA:343,5
DA:345,5
DA:347,5
DA:348,1
DA:351,4
DA:352,1
DA:355,3
DA:357,2
DA:359,2
DA:360,1
DA:363,2
DA:365,2
DA:373,2
DA:374,0
DA:375,0
DA:377,0
DA:379,2
DA:381,1
DA:386,2
DA:388,6
DA:389,6
DA:390,5
DA:391,5
DA:392,2
DA:393,2
DA:395,3
DA:396,2
DA:397,2
DA:398,4
DA:399,4
DA:401,2
DA:405,1
DA:407,1
DA:411,2
DA:413,6
DA:416,6
DA:417,6
DA:418,6
DA:419,1
DA:422,5
DA:423,5
DA:425,5
DA:427,5
DA:428,5
DA:429,4
DA:430,1
DA:432,3
DA:433,3
DA:434,1
DA:435,1
DA:436,1
DA:437,1
DA:444,1
DA:445,0
DA:446,0
DA:448,0
DA:450,1
DA:452,2
DA:457,1
DA:461,2
DA:463,6
DA:466,6
DA:468,6
DA:469,6
DA:470,1
DA:472,5
DA:473,5
DA:474,5
DA:475,5
DA:476,4
DA:477,4
DA:478,1
DA:480,3
DA:481,3
DA:482,1
DA:484,1
DA:491,1
DA:492,0
DA:493,0
DA:495,0
DA:497,1
DA:499,2
DA:503,1
DA:507,2
DA:522,11
DA:523,11
DA:524,2
DA:527,9
DA:528,9
DA:529,1
DA:532,8
DA:533,8
DA:535,7
DA:536,1
DA:539,6
DA:540,6
DA:541,1
DA:544,5
DA:545,5
DA:546,5
DA:547,1
DA:550,4
DA:551,4
DA:552,2
DA:555,2
DA:557,2
DA:558,2
DA:559,2
DA:561,2
DA:562,1
DA:565,2
DA:567,2
DA:569,1
DA:575,2
DA:576,2
DA:577,4
DA:582,2
DA:583,2
DA:584,4
DA:589,2
DA:590,2
DA:591,4
DA:596,2
DA:597,2
DA:598,2
DA:599,1
DA:602,1
DA:607,2
DA:612,3
DA:613,3
DA:614,1
DA:617,2
DA:618,2
DA:619,1
DA:622,1
DA:629,2
DA:630,2
DA:631,2
DA:632,1
DA:633,1
DA:634,1
DA:637,1
DA:644,2
DA:645,5
DA:648,5
DA:650,5
DA:651,5
DA:652,1
DA:654,4
DA:655,4
DA:656,3
DA:657,1
DA:660,2
DA:661,2
DA:662,1
DA:663,1
DA:664,1
DA:666,1
DA:669,1
DA:674,2
DA:675,7
DA:678,7
DA:680,7
DA:681,7
DA:682,1
DA:684,6
DA:685,6
DA:686,5
DA:687,1
DA:690,4
DA:691,4
DA:692,1
DA:695,3
DA:696,3
DA:697,1
DA:698,1
DA:700,1
DA:702,2
DA:705,1
DA:706,1
DA:711,2
DA:712,6
DA:716,6
DA:717,6
DA:718,6
DA:719,1
DA:722,5
DA:724,5
DA:725,4
DA:726,1
DA:729,3
DA:730,3
DA:731,2
DA:732,2
DA:733,2
DA:734,2
DA:735,2
DA:736,1
DA:739,2
DA:744,1
DA:752,2
LF:372
LH:363
BRDA:8,0,0,2
BRDA:8,0,1,2
BRDA:40,1,0,1
BRDA:40,1,1,1
BRDA:119,2,0,3
BRDA:119,2,1,4
BRDA:120,3,0,2
BRDA:120,3,1,1
BRDA:122,4,0,4
BRDA:122,4,1,0
BRDA:123,5,0,3
BRDA:123,5,1,1
BRDA:140,6,0,2
BRDA:140,6,1,2
BRDA:151,7,0,7
BRDA:151,7,1,10
BRDA:160,8,0,2
BRDA:160,8,1,3
BRDA:182,9,0,5
BRDA:182,9,1,3
BRDA:182,9,2,3
BRDA:182,9,3,3
BRDA:182,9,4,3
BRDA:182,9,5,2
BRDA:186,10,0,23
BRDA:186,10,1,2
BRDA:186,11,0,25
BRDA:186,11,1,23
BRDA:189,12,0,18
BRDA:189,12,1,21
BRDA:200,13,0,3
BRDA:200,13,1,2
BRDA:204,14,0,3
BRDA:204,14,1,0
BRDA:217,15,0,1
BRDA:217,15,1,2
BRDA:217,16,0,3
BRDA:217,16,1,2
BRDA:248,17,0,1
BRDA:248,17,1,6
BRDA:267,18,0,5
BRDA:267,18,1,1
BRDA:269,19,0,2
BRDA:269,19,1,3
BRDA:269,20,0,2
BRDA:269,20,1,3
BRDA:299,21,0,1
BRDA:299,21,1,2
BRDA:299,22,0,3
BRDA:299,22,1,3
BRDA:336,23,0,1
BRDA:336,23,1,6
BRDA:336,24,0,7
BRDA:336,24,1,6
BRDA:342,25,0,4
BRDA:342,25,1,1
BRDA:343,26,0,4
BRDA:343,26,1,1
BRDA:345,27,0,2
BRDA:345,27,1,1
BRDA:347,28,0,1
BRDA:347,28,1,4
BRDA:351,29,0,1
BRDA:351,29,1,3
BRDA:355,30,0,1
BRDA:355,30,1,2
BRDA:357,31,0,1
BRDA:357,31,1,1
BRDA:359,32,0,1
BRDA:359,32,1,1
BRDA:374,33,0,0
BRDA:374,33,1,0
BRDA:391,34,0,2
BRDA:391,34,1,3
BRDA:392,35,0,1
BRDA:392,35,1,1
BRDA:395,36,0,2
BRDA:395,36,1,1
BRDA:396,37,0,1
BRDA:396,37,1,1
BRDA:418,38,0,1
BRDA:418,38,1,5
BRDA:429,39,0,1
BRDA:429,39,1,3
BRDA:433,40,0,1
BRDA:433,40,1,2
BRDA:433,41,0,3
BRDA:433,41,1,2
BRDA:445,42,0,0
BRDA:445,42,1,0
BRDA:469,43,0,1
BRDA:469,43,1,5
BRDA:477,44,0,1
BRDA:477,44,1,3
BRDA:481,45,0,1
BRDA:481,45,1,2
BRDA:481,46,0,3
BRDA:481,46,1,2
BRDA:492,47,0,0
BRDA:492,47,1,0
BRDA:523,48,0,2
BRDA:523,48,1,9
BRDA:523,49,0,11
BRDA:523,49,1,10
BRDA:528,50,0,1
BRDA:528,50,1,8
BRDA:535,51,0,1
BRDA:535,51,1,6
BRDA:540,52,0,1
BRDA:540,52,1,5
BRDA:546,53,0,1
BRDA:546,53,1,4
BRDA:551,54,0,2
BRDA:551,54,1,2
BRDA:551,55,0,2
BRDA:551,55,1,2
BRDA:555,56,0,1
BRDA:555,56,1,1
BRDA:561,57,0,1
BRDA:561,57,1,1
BRDA:613,58,0,1
BRDA:613,58,1,2
BRDA:651,59,0,1
BRDA:651,59,1,4
BRDA:656,60,0,1
BRDA:656,60,1,2
BRDA:661,61,0,1
BRDA:661,61,1,1
BRDA:661,62,0,2
BRDA:661,62,1,1
BRDA:681,63,0,1
BRDA:681,63,1,6
BRDA:686,64,0,1
BRDA:686,64,1,4
BRDA:691,65,0,1
BRDA:691,65,1,3
BRDA:696,66,0,1
BRDA:696,66,1,2
BRDA:696,67,0,3
BRDA:696,67,1,2
BRDA:718,68,0,1
BRDA:718,68,1,5
BRDA:725,69,0,1
BRDA:725,69,1,3
BRDA:730,70,0,1
BRDA:730,70,1,2
BRDA:735,71,0,1
BRDA:735,71,1,1
BRF:148
BRH:140
end_of_record
TN:
SF:test\insert4test.js
FN:5,(anonymous_0)
FN:6,(anonymous_1)
FN:123,(anonymous_2)
FN:124,(anonymous_3)
FN:125,(anonymous_4)
FN:132,(anonymous_5)
FN:144,(anonymous_6)
FN:145,(anonymous_7)
FN:147,(anonymous_8)
FN:158,(anonymous_9)
FN:159,(anonymous_10)
FN:161,(anonymous_11)
FN:172,(anonymous_12)
FN:173,(anonymous_13)
FN:175,(anonymous_14)
FN:186,(anonymous_15)
FN:187,(anonymous_16)
FN:189,(anonymous_17)
FN:200,(anonymous_18)
FN:201,(anonymous_19)
FN:203,(anonymous_20)
FN:214,(anonymous_21)
FN:215,(anonymous_22)
FN:217,(anonymous_23)
FN:228,(anonymous_24)
FN:229,(anonymous_25)
FN:231,(anonymous_26)
FN:242,(anonymous_27)
FN:243,(anonymous_28)
FN:245,(anonymous_29)
FN:256,(anonymous_30)
FN:257,(anonymous_31)
FN:259,(anonymous_32)
FN:270,(anonymous_33)
FN:271,(anonymous_34)
FN:273,(anonymous_35)
FN:284,(anonymous_36)
FN:285,(anonymous_37)
FN:287,(anonymous_38)
FN:298,(anonymous_39)
FN:299,(anonymous_40)
FN:302,(anonymous_41)
FN:313,(anonymous_42)
FN:314,(anonymous_43)
FN:317,(anonymous_44)
FN:328,(anonymous_45)
FN:329,(anonymous_46)
FN:331,(anonymous_47)
FN:342,(anonymous_48)
FN:343,(anonymous_49)
FN:346,(anonymous_50)
FNF:51
FNH:42
FNDA:1,(anonymous_0)
FNDA:1,(anonymous_1)
FNDA:1,(anonymous_2)
FNDA:15,(anonymous_3)
FNDA:15,(anonymous_4)
FNDA:1,(anonymous_5)
FNDA:3,(anonymous_6)
FNDA:3,(anonymous_7)
FNDA:3,(anonymous_8)
FNDA:1,(anonymous_9)
FNDA:1,(anonymous_10)
FNDA:1,(anonymous_11)
FNDA:0,(anonymous_12)
FNDA:0,(anonymous_13)
FNDA:0,(anonymous_14)
FNDA:1,(anonymous_15)
FNDA:1,(anonymous_16)
FNDA:1,(anonymous_17)
FNDA:1,(anonymous_18)
FNDA:1,(anonymous_19)
FNDA:1,(anonymous_20)
FNDA:0,(anonymous_21)
FNDA:0,(anonymous_22)
FNDA:0,(anonymous_23)
FNDA:3,(anonymous_24)
FNDA:3,(anonymous_25)
FNDA:3,(anonymous_26)
FNDA:0,(anonymous_27)
FNDA:0,(anonymous_28)
FNDA:0,(anonymous_29)
FNDA:1,(anonymous_30)
FNDA:1,(anonymous_31)
FNDA:1,(anonymous_32)
FNDA:3,(anonymous_33)
FNDA:3,(anonymous_34)
FNDA:3,(anonymous_35)
FNDA:4,(anonymous_36)
FNDA:4,(anonymous_37)
FNDA:4,(anonymous_38)
FNDA:4,(anonymous_39)
FNDA:4,(anonymous_40)
FNDA:4,(anonymous_41)
FNDA:3,(anonymous_42)
FNDA:3,(anonymous_43)
FNDA:3,(anonymous_44)
FNDA:1,(anonymous_45)
FNDA:1,(anonymous_46)
FNDA:1,(anonymous_47)
FNDA:3,(anonymous_48)
FNDA:3,(anonymous_49)
FNDA:3,(anonymous_50)
DA:1,1
DA:2,1
DA:5,1
DA:6,1
DA:7,1
DA:8,1
DA:123,1
DA:124,1
DA:125,15
DA:126,15
DA:127,0
DA:132,1
DA:133,1
DA:134,0
DA:136,1
DA:137,1
DA:144,1
DA:145,3
DA:146,3
DA:147,3
DA:148,3
DA:149,0
DA:150,0
DA:152,3
DA:158,1
DA:159,1
DA:160,1
DA:161,1
DA:162,1
DA:163,0
DA:164,0
DA:166,1
DA:172,1
DA:173,0
DA:174,0
DA:175,0
DA:176,0
DA:177,0
DA:178,0
DA:180,0
DA:186,1
DA:187,1
DA:188,1
DA:189,1
DA:190,1
DA:191,0
DA:192,0
DA:194,1
DA:200,1
DA:201,1
DA:202,1
DA:203,1
DA:204,1
DA:205,0
DA:206,0
DA:208,1
DA:214,1
DA:215,0
DA:216,0
DA:217,0
DA:218,0
DA:219,0
DA:220,0
DA:222,0
DA:228,1
DA:229,3
DA:230,3
DA:231,3
DA:232,3
DA:233,0
DA:234,0
DA:236,3
DA:242,1
DA:243,0
DA:244,0
DA:245,0
DA:246,0
DA:247,0
DA:248,0
DA:250,0
DA:256,1
DA:257,1
DA:258,1
DA:259,1
DA:260,1
DA:261,0
DA:262,0
DA:264,1
DA:270,1
DA:271,3
DA:272,3
DA:273,3
DA:274,3
DA:275,0
DA:276,0
DA:278,3
DA:284,1
DA:285,4
DA:286,4
DA:287,4
DA:288,4
DA:289,0
DA:290,0
DA:292,4
DA:298,1
DA:299,4
DA:300,4
DA:302,4
DA:303,4
DA:304,0
DA:305,0
DA:307,4
DA:313,1
DA:314,3
DA:315,3
DA:317,3
DA:318,3
DA:319,0
DA:320,0
DA:322,3
DA:328,1
DA:329,1
DA:330,1
DA:331,1
DA:332,1
DA:333,0
DA:334,0
DA:336,1
DA:342,1
DA:343,3
DA:344,3
DA:346,3
DA:347,3
DA:348,0
DA:349,0
DA:351,3
LF:136
LH:89
BRDA:126,0,0,0
BRDA:126,0,1,15
BRDA:133,1,0,0
BRDA:133,1,1,1
BRDA:148,2,0,0
BRDA:148,2,1,3
BRDA:162,3,0,0
BRDA:162,3,1,1
BRDA:176,4,0,0
BRDA:176,4,1,0
BRDA:190,5,0,0
BRDA:190,5,1,1
BRDA:204,6,0,0
BRDA:204,6,1,1
BRDA:218,7,0,0
BRDA:218,7,1,0
BRDA:232,8,0,0
BRDA:232,8,1,3
BRDA:246,9,0,0
BRDA:246,9,1,0
BRDA:260,10,0,0
BRDA:260,10,1,1
BRDA:274,11,0,0
BRDA:274,11,1,3
BRDA:288,12,0,0
BRDA:288,12,1,4
BRDA:303,13,0,0
BRDA:303,13,1,4
BRDA:318,14,0,0
BRDA:318,14,1,3
BRDA:332,15,0,0
BRDA:332,15,1,1
BRDA:347,16,0,0
BRDA:347,16,1,3
BRF:34
BRH:14
end_of_record
