TN:
SF:db.js
FN:8,(anonymous_0)
FN:12,(anonymous_1)
FN:16,(anonymous_2)
FN:17,(anonymous_3)
FN:19,(anonymous_4)
FN:25,(anonymous_5)
FN:34,(anonymous_6)
FN:35,(anonymous_7)
FN:37,(anonymous_8)
FN:43,(anonymous_9)
FN:53,(anonymous_10)
FN:54,(anonymous_11)
FN:56,(anonymous_12)
FN:62,(anonymous_13)
FN:71,(anonymous_14)
FN:72,(anonymous_15)
FN:74,(anonymous_16)
FN:80,(anonymous_17)
FN:89,(anonymous_18)
FN:90,(anonymous_19)
FN:92,(anonymous_20)
FN:97,(anonymous_21)
FN:110,(anonymous_22)
FN:111,(anonymous_23)
FN:113,(anonymous_24)
FN:129,(anonymous_25)
FN:130,(anonymous_26)
FN:132,(anonymous_27)
FN:137,(anonymous_28)
FN:149,(anonymous_29)
FN:150,(anonymous_30)
FN:152,(anonymous_31)
FN:158,(anonymous_32)
FN:168,(anonymous_33)
FN:169,(anonymous_34)
FN:171,(anonymous_35)
FN:176,(anonymous_36)
FN:186,(anonymous_37)
FN:187,(anonymous_38)
FN:189,(anonymous_39)
FN:200,(anonymous_40)
FN:201,(anonymous_41)
FN:203,(anonymous_42)
FN:207,(anonymous_43)
FN:217,(anonymous_44)
FN:218,(anonymous_45)
FN:220,(anonymous_46)
FN:231,(anonymous_47)
FN:232,(anonymous_48)
FN:234,(anonymous_49)
FN:245,(anonymous_50)
FN:246,(anonymous_51)
FN:248,(anonymous_52)
FN:253,(anonymous_53)
FN:263,(anonymous_54)
FN:264,(anonymous_55)
FN:266,(anonymous_56)
FN:272,(anonymous_57)
FN:281,(anonymous_58)
FN:282,(anonymous_59)
FN:287,(anonymous_60)
FN:305,(anonymous_61)
FN:323,(anonymous_62)
FN:342,(anonymous_63)
FN:343,(anonymous_64)
FN:348,(anonymous_65)
FN:349,(anonymous_66)
FN:354,(anonymous_67)
FN:355,(anonymous_68)
FN:365,(anonymous_69)
FN:366,(anonymous_70)
FN:368,(anonymous_71)
FN:377,(anonymous_72)
FN:397,(anonymous_73)
FN:398,(anonymous_74)
FN:400,(anonymous_75)
FN:406,(anonymous_76)
FN:429,(anonymous_77)
FN:430,(anonymous_78)
FN:432,(anonymous_79)
FN:441,(anonymous_80)
FN:442,(anonymous_81)
FN:444,(anonymous_82)
FN:453,(anonymous_83)
FN:454,(anonymous_84)
FN:456,(anonymous_85)
FN:465,(anonymous_86)
FN:466,(anonymous_87)
FN:468,(anonymous_88)
FN:477,(anonymous_89)
FN:478,(anonymous_90)
FN:480,(anonymous_91)
FN:491,(anonymous_92)
FN:492,(anonymous_93)
FN:494,(anonymous_94)
FN:517,(anonymous_95)
FN:518,(anonymous_96)
FN:520,(anonymous_97)
FN:534,(anonymous_98)
FN:535,(anonymous_99)
FN:537,(anonymous_100)
FN:546,(anonymous_101)
FN:547,(anonymous_102)
FN:549,(anonymous_103)
FN:553,(anonymous_104)
FN:576,(anonymous_105)
FN:577,(anonymous_106)
FN:579,(anonymous_107)
FN:583,(anonymous_108)
FN:605,(anonymous_109)
FN:606,(anonymous_110)
FN:608,(anonymous_111)
FN:629,(anonymous_112)
FN:630,(anonymous_113)
FN:632,(anonymous_114)
FN:652,(anonymous_115)
FN:653,(anonymous_116)
FN:655,(anonymous_117)
FN:667,(anonymous_118)
FN:668,(anonymous_119)
FN:670,(anonymous_120)
FN:682,(anonymous_121)
FN:683,(anonymous_122)
FN:685,(anonymous_123)
FN:696,(anonymous_124)
FN:697,(anonymous_125)
FN:699,(anonymous_126)
FN:709,(anonymous_127)
FN:710,(anonymous_128)
FN:712,(anonymous_129)
FN:722,(anonymous_130)
FN:723,(anonymous_131)
FN:725,(anonymous_132)
FN:735,(anonymous_133)
FN:736,(anonymous_134)
FN:738,(anonymous_135)
FN:748,(anonymous_136)
FN:749,(anonymous_137)
FN:751,(anonymous_138)
FN:761,(anonymous_139)
FN:762,(anonymous_140)
FN:764,(anonymous_141)
FN:774,(anonymous_142)
FN:775,(anonymous_143)
FN:777,(anonymous_144)
FN:793,(anonymous_145)
FN:794,(anonymous_146)
FN:796,(anonymous_147)
FN:812,(anonymous_148)
FN:814,(anonymous_149)
FN:817,(anonymous_150)
FN:836,(anonymous_151)
FN:838,(anonymous_152)
FN:841,(anonymous_153)
FN:854,(anonymous_154)
FN:856,(anonymous_155)
FN:859,(anonymous_156)
FN:871,(anonymous_157)
FN:872,(anonymous_158)
FN:874,(anonymous_159)
FN:890,(anonymous_160)
FN:891,(anonymous_161)
FN:893,(anonymous_162)
FN:903,(anonymous_163)
FN:904,(anonymous_164)
FN:906,(anonymous_165)
FN:916,(anonymous_166)
FN:917,(anonymous_167)
FN:919,(anonymous_168)
FN:929,(anonymous_169)
FN:930,(anonymous_170)
FN:932,(anonymous_171)
FN:945,(anonymous_172)
FN:946,(anonymous_173)
FN:948,(anonymous_174)
FN:961,(anonymous_175)
FN:962,(anonymous_176)
FN:964,(anonymous_177)
FN:976,(anonymous_178)
FN:977,(anonymous_179)
FN:979,(anonymous_180)
FN:989,(anonymous_181)
FN:990,(anonymous_182)
FN:992,(anonymous_183)
FN:1003,(anonymous_184)
FN:1004,(anonymous_185)
FN:1006,(anonymous_186)
FN:1017,(anonymous_187)
FN:1018,(anonymous_188)
FN:1020,(anonymous_189)
FN:1046,(anonymous_190)
FN:1047,(anonymous_191)
FN:1049,(anonymous_192)
FN:1055,(anonymous_193)
FN:1071,(anonymous_194)
FN:1072,(anonymous_195)
FN:1074,(anonymous_196)
FN:1097,(anonymous_197)
FN:1098,(anonymous_198)
FN:1100,(anonymous_199)
FN:1122,(anonymous_200)
FN:1123,(anonymous_201)
FN:1125,(anonymous_202)
FN:1138,(anonymous_203)
FN:1139,(anonymous_204)
FN:1141,(anonymous_205)
FN:1153,(anonymous_206)
FN:1155,(anonymous_207)
FN:1157,(anonymous_208)
FN:1163,(anonymous_209)
FN:1186,(anonymous_210)
FN:1188,(anonymous_211)
FN:1190,(anonymous_212)
FN:1196,(anonymous_213)
FN:1218,(anonymous_214)
FN:1220,(anonymous_215)
FN:1222,(anonymous_216)
FN:1228,(anonymous_217)
FN:1249,(anonymous_218)
FN:1250,(anonymous_219)
FN:1252,(anonymous_220)
FN:1258,(anonymous_221)
FN:1274,(anonymous_222)
FN:1275,(anonymous_223)
FN:1277,(anonymous_224)
FN:1291,(anonymous_225)
FN:1292,(anonymous_226)
FN:1294,(anonymous_227)
FN:1304,(anonymous_228)
FN:1305,(anonymous_229)
FN:1307,(anonymous_230)
FN:1318,(anonymous_231)
FN:1319,(anonymous_232)
FN:1321,(anonymous_233)
FN:1331,(anonymous_234)
FN:1332,(anonymous_235)
FN:1334,(anonymous_236)
FN:1345,(anonymous_237)
FN:1346,(anonymous_238)
FN:1348,(anonymous_239)
FN:1358,(anonymous_240)
FN:1359,(anonymous_241)
FN:1361,(anonymous_242)
FN:1371,(anonymous_243)
FN:1372,(anonymous_244)
FN:1374,(anonymous_245)
FN:1384,(anonymous_246)
FN:1385,(anonymous_247)
FN:1387,(anonymous_248)
FNF:249
FNH:241
FNDA:2,(anonymous_0)
FNDA:1,(anonymous_1)
FNDA:1,(anonymous_2)
FNDA:1,(anonymous_3)
FNDA:1,(anonymous_4)
FNDA:3,(anonymous_5)
FNDA:11,(anonymous_6)
FNDA:11,(anonymous_7)
FNDA:11,(anonymous_8)
FNDA:3,(anonymous_9)
FNDA:1,(anonymous_10)
FNDA:1,(anonymous_11)
FNDA:1,(anonymous_12)
FNDA:3,(anonymous_13)
FNDA:11,(anonymous_14)
FNDA:11,(anonymous_15)
FNDA:11,(anonymous_16)
FNDA:3,(anonymous_17)
FNDA:1,(anonymous_18)
FNDA:1,(anonymous_19)
FNDA:1,(anonymous_20)
FNDA:3,(anonymous_21)
FNDA:7,(anonymous_22)
FNDA:7,(anonymous_23)
FNDA:7,(anonymous_24)
FNDA:1,(anonymous_25)
FNDA:1,(anonymous_26)
FNDA:1,(anonymous_27)
FNDA:0,(anonymous_28)
FNDA:3,(anonymous_29)
FNDA:3,(anonymous_30)
FNDA:3,(anonymous_31)
FNDA:1,(anonymous_32)
FNDA:1,(anonymous_33)
FNDA:1,(anonymous_34)
FNDA:1,(anonymous_35)
FNDA:3,(anonymous_36)
FNDA:3,(anonymous_37)
FNDA:3,(anonymous_38)
FNDA:3,(anonymous_39)
FNDA:1,(anonymous_40)
FNDA:1,(anonymous_41)
FNDA:1,(anonymous_42)
FNDA:3,(anonymous_43)
FNDA:5,(anonymous_44)
FNDA:5,(anonymous_45)
FNDA:5,(anonymous_46)
FNDA:1,(anonymous_47)
FNDA:1,(anonymous_48)
FNDA:1,(anonymous_49)
FNDA:2,(anonymous_50)
FNDA:2,(anonymous_51)
FNDA:2,(anonymous_52)
FNDA:1,(anonymous_53)
FNDA:3,(anonymous_54)
FNDA:3,(anonymous_55)
FNDA:3,(anonymous_56)
FNDA:3,(anonymous_57)
FNDA:22,(anonymous_58)
FNDA:22,(anonymous_59)
FNDA:22,(anonymous_60)
FNDA:16,(anonymous_61)
FNDA:3,(anonymous_62)
FNDA:22,(anonymous_63)
FNDA:22,(anonymous_64)
FNDA:16,(anonymous_65)
FNDA:16,(anonymous_66)
FNDA:3,(anonymous_67)
FNDA:3,(anonymous_68)
FNDA:1,(anonymous_69)
FNDA:1,(anonymous_70)
FNDA:1,(anonymous_71)
FNDA:3,(anonymous_72)
FNDA:2,(anonymous_73)
FNDA:2,(anonymous_74)
FNDA:2,(anonymous_75)
FNDA:6,(anonymous_76)
FNDA:1,(anonymous_77)
FNDA:1,(anonymous_78)
FNDA:1,(anonymous_79)
FNDA:2,(anonymous_80)
FNDA:2,(anonymous_81)
FNDA:2,(anonymous_82)
FNDA:4,(anonymous_83)
FNDA:4,(anonymous_84)
FNDA:4,(anonymous_85)
FNDA:1,(anonymous_86)
FNDA:1,(anonymous_87)
FNDA:1,(anonymous_88)
FNDA:2,(anonymous_89)
FNDA:2,(anonymous_90)
FNDA:2,(anonymous_91)
FNDA:4,(anonymous_92)
FNDA:4,(anonymous_93)
FNDA:4,(anonymous_94)
FNDA:2,(anonymous_95)
FNDA:2,(anonymous_96)
FNDA:2,(anonymous_97)
FNDA:1,(anonymous_98)
FNDA:1,(anonymous_99)
FNDA:1,(anonymous_100)
FNDA:1,(anonymous_101)
FNDA:1,(anonymous_102)
FNDA:1,(anonymous_103)
FNDA:0,(anonymous_104)
FNDA:3,(anonymous_105)
FNDA:3,(anonymous_106)
FNDA:3,(anonymous_107)
FNDA:1,(anonymous_108)
FNDA:2,(anonymous_109)
FNDA:2,(anonymous_110)
FNDA:2,(anonymous_111)
FNDA:2,(anonymous_112)
FNDA:2,(anonymous_113)
FNDA:2,(anonymous_114)
FNDA:1,(anonymous_115)
FNDA:1,(anonymous_116)
FNDA:1,(anonymous_117)
FNDA:1,(anonymous_118)
FNDA:1,(anonymous_119)
FNDA:1,(anonymous_120)
FNDA:1,(anonymous_121)
FNDA:1,(anonymous_122)
FNDA:1,(anonymous_123)
FNDA:2,(anonymous_124)
FNDA:2,(anonymous_125)
FNDA:2,(anonymous_126)
FNDA:1,(anonymous_127)
FNDA:1,(anonymous_128)
FNDA:1,(anonymous_129)
FNDA:1,(anonymous_130)
FNDA:1,(anonymous_131)
FNDA:1,(anonymous_132)
FNDA:1,(anonymous_133)
FNDA:1,(anonymous_134)
FNDA:1,(anonymous_135)
FNDA:1,(anonymous_136)
FNDA:1,(anonymous_137)
FNDA:1,(anonymous_138)
FNDA:1,(anonymous_139)
FNDA:1,(anonymous_140)
FNDA:1,(anonymous_141)
FNDA:3,(anonymous_142)
FNDA:3,(anonymous_143)
FNDA:3,(anonymous_144)
FNDA:1,(anonymous_145)
FNDA:1,(anonymous_146)
FNDA:1,(anonymous_147)
FNDA:5,(anonymous_148)
FNDA:5,(anonymous_149)
FNDA:5,(anonymous_150)
FNDA:1,(anonymous_151)
FNDA:1,(anonymous_152)
FNDA:1,(anonymous_153)
FNDA:1,(anonymous_154)
FNDA:1,(anonymous_155)
FNDA:1,(anonymous_156)
FNDA:11,(anonymous_157)
FNDA:11,(anonymous_158)
FNDA:11,(anonymous_159)
FNDA:2,(anonymous_160)
FNDA:2,(anonymous_161)
FNDA:2,(anonymous_162)
FNDA:1,(anonymous_163)
FNDA:1,(anonymous_164)
FNDA:1,(anonymous_165)
FNDA:1,(anonymous_166)
FNDA:1,(anonymous_167)
FNDA:1,(anonymous_168)
FNDA:2,(anonymous_169)
FNDA:2,(anonymous_170)
FNDA:2,(anonymous_171)
FNDA:2,(anonymous_172)
FNDA:2,(anonymous_173)
FNDA:2,(anonymous_174)
FNDA:1,(anonymous_175)
FNDA:1,(anonymous_176)
FNDA:1,(anonymous_177)
FNDA:1,(anonymous_178)
FNDA:1,(anonymous_179)
FNDA:1,(anonymous_180)
FNDA:1,(anonymous_181)
FNDA:1,(anonymous_182)
FNDA:1,(anonymous_183)
FNDA:1,(anonymous_184)
FNDA:1,(anonymous_185)
FNDA:1,(anonymous_186)
FNDA:7,(anonymous_187)
FNDA:7,(anonymous_188)
FNDA:7,(anonymous_189)
FNDA:1,(anonymous_190)
FNDA:1,(anonymous_191)
FNDA:1,(anonymous_192)
FNDA:0,(anonymous_193)
FNDA:1,(anonymous_194)
FNDA:1,(anonymous_195)
FNDA:1,(anonymous_196)
FNDA:1,(anonymous_197)
FNDA:1,(anonymous_198)
FNDA:1,(anonymous_199)
FNDA:1,(anonymous_200)
FNDA:1,(anonymous_201)
FNDA:1,(anonymous_202)
FNDA:1,(anonymous_203)
FNDA:1,(anonymous_204)
FNDA:1,(anonymous_205)
FNDA:1,(anonymous_206)
FNDA:1,(anonymous_207)
FNDA:1,(anonymous_208)
FNDA:0,(anonymous_209)
FNDA:1,(anonymous_210)
FNDA:1,(anonymous_211)
FNDA:1,(anonymous_212)
FNDA:3,(anonymous_213)
FNDA:1,(anonymous_214)
FNDA:1,(anonymous_215)
FNDA:1,(anonymous_216)
FNDA:3,(anonymous_217)
FNDA:6,(anonymous_218)
FNDA:6,(anonymous_219)
FNDA:6,(anonymous_220)
FNDA:0,(anonymous_221)
FNDA:2,(anonymous_222)
FNDA:2,(anonymous_223)
FNDA:2,(anonymous_224)
FNDA:1,(anonymous_225)
FNDA:1,(anonymous_226)
FNDA:1,(anonymous_227)
FNDA:1,(anonymous_228)
FNDA:1,(anonymous_229)
FNDA:1,(anonymous_230)
FNDA:1,(anonymous_231)
FNDA:1,(anonymous_232)
FNDA:1,(anonymous_233)
FNDA:1,(anonymous_234)
FNDA:1,(anonymous_235)
FNDA:1,(anonymous_236)
FNDA:1,(anonymous_237)
FNDA:1,(anonymous_238)
FNDA:1,(anonymous_239)
FNDA:1,(anonymous_240)
FNDA:1,(anonymous_241)
FNDA:1,(anonymous_242)
FNDA:1,(anonymous_243)
FNDA:1,(anonymous_244)
FNDA:1,(anonymous_245)
FNDA:0,(anonymous_246)
FNDA:0,(anonymous_247)
FNDA:0,(anonymous_248)
DA:3,2
DA:4,2
DA:5,2
DA:8,2
DA:9,2
DA:12,2
DA:13,1
DA:16,2
DA:17,1
DA:18,1
DA:19,1
DA:20,1
DA:21,0
DA:24,1
DA:25,1
DA:26,3
DA:28,1
DA:34,2
DA:35,11
DA:36,11
DA:37,11
DA:38,11
DA:39,0
DA:42,11
DA:43,11
DA:44,3
DA:46,11
DA:53,2
DA:54,1
DA:55,1
DA:56,1
DA:57,1
DA:58,0
DA:61,1
DA:62,1
DA:63,3
DA:65,1
DA:71,2
DA:72,11
DA:73,11
DA:74,11
DA:75,11
DA:76,0
DA:79,11
DA:80,11
DA:81,3
DA:83,11
DA:89,2
DA:90,1
DA:91,1
DA:92,1
DA:93,1
DA:94,0
DA:97,3
DA:104,1
DA:110,2
DA:111,7
DA:112,7
DA:113,7
DA:114,7
DA:115,0
DA:118,7
DA:123,7
DA:129,2
DA:130,1
DA:131,1
DA:132,1
DA:133,1
DA:134,0
DA:137,1
DA:143,1
DA:149,2
DA:150,3
DA:151,3
DA:152,3
DA:153,3
DA:154,0
DA:157,3
DA:158,3
DA:159,1
DA:162,3
DA:168,2
DA:169,1
DA:170,1
DA:171,1
DA:172,1
DA:173,0
DA:176,3
DA:180,1
DA:186,2
DA:187,3
DA:188,3
DA:189,3
DA:190,3
DA:191,0
DA:194,3
DA:200,2
DA:201,1
DA:202,1
DA:203,1
DA:204,1
DA:205,0
DA:207,3
DA:211,1
DA:217,2
DA:218,5
DA:219,5
DA:220,5
DA:221,5
DA:222,0
DA:225,5
DA:231,2
DA:232,1
DA:233,1
DA:234,1
DA:235,1
DA:236,0
DA:239,1
DA:245,2
DA:246,2
DA:247,2
DA:248,2
DA:249,2
DA:250,0
DA:253,2
DA:257,2
DA:263,2
DA:264,3
DA:265,3
DA:266,3
DA:267,3
DA:268,0
DA:271,3
DA:272,3
DA:273,3
DA:275,3
DA:281,2
DA:282,22
DA:283,22
DA:284,22
DA:285,22
DA:287,22
DA:288,22
DA:289,0
DA:291,22
DA:292,6
DA:300,16
DA:305,22
DA:306,16
DA:307,0
DA:309,16
DA:310,13
DA:318,3
DA:323,22
DA:324,3
DA:325,0
DA:327,3
DA:328,3
DA:336,0
DA:342,22
DA:343,22
DA:344,22
DA:348,22
DA:349,16
DA:350,16
DA:354,22
DA:355,3
DA:356,3
DA:362,22
DA:365,2
DA:366,1
DA:367,1
DA:368,1
DA:369,1
DA:370,0
DA:373,1
DA:374,0
DA:377,3
DA:391,1
DA:397,2
DA:398,2
DA:399,2
DA:400,2
DA:401,2
DA:402,0
DA:405,2
DA:406,6
DA:419,2
DA:421,0
DA:429,2
DA:430,1
DA:431,1
DA:432,1
DA:433,1
DA:434,0
DA:436,1
DA:441,2
DA:442,2
DA:443,2
DA:444,2
DA:445,2
DA:446,0
DA:448,2
DA:453,2
DA:454,4
DA:455,4
DA:456,4
DA:457,4
DA:458,0
DA:460,4
DA:465,2
DA:466,1
DA:467,1
DA:468,1
DA:469,1
DA:470,0
DA:472,1
DA:477,2
DA:478,2
DA:479,2
DA:480,2
DA:481,2
DA:482,0
DA:484,2
DA:491,2
DA:492,4
DA:493,4
DA:494,4
DA:495,4
DA:496,0
DA:498,4
DA:499,0
DA:501,4
DA:511,4
DA:517,2
DA:518,2
DA:519,2
DA:520,2
DA:521,2
DA:522,0
DA:524,2
DA:525,0
DA:527,2
DA:534,2
DA:535,1
DA:536,1
DA:537,1
DA:538,1
DA:539,0
DA:541,1
DA:546,2
DA:547,1
DA:548,1
DA:549,1
DA:550,1
DA:551,0
DA:553,1
DA:568,1
DA:576,2
DA:577,3
DA:578,3
DA:579,3
DA:580,3
DA:581,0
DA:583,3
DA:597,3
DA:605,2
DA:606,2
DA:607,2
DA:608,2
DA:609,2
DA:610,0
DA:613,2
DA:614,0
DA:616,2
DA:621,2
DA:629,2
DA:630,2
DA:631,2
DA:632,2
DA:633,2
DA:634,0
DA:637,2
DA:638,0
DA:640,2
DA:644,2
DA:652,2
DA:653,1
DA:654,1
DA:655,1
DA:656,1
DA:657,0
DA:660,1
DA:667,2
DA:668,1
DA:669,1
DA:670,1
DA:671,1
DA:672,0
DA:675,1
DA:682,2
DA:683,1
DA:684,1
DA:685,1
DA:686,1
DA:687,0
DA:690,1
DA:696,2
DA:697,2
DA:698,2
DA:699,2
DA:700,2
DA:701,0
DA:704,2
DA:709,2
DA:710,1
DA:711,1
DA:712,1
DA:713,1
DA:714,0
DA:717,1
DA:722,2
DA:723,1
DA:724,1
DA:725,1
DA:726,1
DA:727,0
DA:730,1
DA:735,2
DA:736,1
DA:737,1
DA:738,1
DA:739,1
DA:740,0
DA:743,1
DA:748,2
DA:749,1
DA:750,1
DA:751,1
DA:752,1
DA:753,0
DA:756,1
DA:761,2
DA:762,1
DA:763,1
DA:764,1
DA:765,1
DA:766,0
DA:769,1
DA:774,2
DA:775,3
DA:776,3
DA:777,3
DA:778,3
DA:779,0
DA:783,3
DA:784,3
DA:786,0
DA:793,2
DA:794,1
DA:795,1
DA:796,1
DA:797,1
DA:798,0
DA:802,1
DA:803,1
DA:805,0
DA:812,2
DA:814,5
DA:815,5
DA:817,5
DA:818,5
DA:819,0
DA:820,0
DA:822,5
DA:823,0
DA:825,5
DA:836,2
DA:838,1
DA:839,1
DA:841,1
DA:842,1
DA:843,0
DA:846,1
DA:854,2
DA:856,1
DA:857,1
DA:859,1
DA:860,1
DA:861,0
DA:864,1
DA:871,2
DA:872,11
DA:873,11
DA:874,11
DA:875,11
DA:876,0
DA:880,11
DA:881,11
DA:883,0
DA:890,2
DA:891,2
DA:892,2
DA:893,2
DA:894,2
DA:895,0
DA:898,2
DA:903,2
DA:904,1
DA:905,1
DA:906,1
DA:907,1
DA:908,0
DA:911,1
DA:916,2
DA:917,1
DA:918,1
DA:919,1
DA:920,1
DA:921,0
DA:924,1
DA:929,2
DA:930,2
DA:931,2
DA:932,2
DA:933,2
DA:934,0
DA:938,2
DA:945,2
DA:946,2
DA:947,2
DA:948,2
DA:949,2
DA:950,0
DA:954,2
DA:961,2
DA:962,1
DA:963,1
DA:964,1
DA:965,1
DA:966,0
DA:969,1
DA:976,2
DA:977,1
DA:978,1
DA:979,1
DA:980,1
DA:981,0
DA:984,1
DA:989,2
DA:990,1
DA:991,1
DA:992,1
DA:993,1
DA:994,0
DA:997,1
DA:1003,2
DA:1004,1
DA:1005,1
DA:1006,1
DA:1007,1
DA:1008,0
DA:1011,1
DA:1017,2
DA:1018,7
DA:1019,7
DA:1020,7
DA:1021,7
DA:1022,0
DA:1025,7
DA:1026,0
DA:1029,7
DA:1039,7
DA:1046,2
DA:1047,1
DA:1048,1
DA:1049,1
DA:1050,1
DA:1051,0
DA:1055,1
DA:1064,1
DA:1071,2
DA:1072,1
DA:1073,1
DA:1074,1
DA:1075,1
DA:1076,0
DA:1079,1
DA:1080,0
DA:1085,1
DA:1090,1
DA:1097,2
DA:1098,1
DA:1099,1
DA:1100,1
DA:1101,1
DA:1102,0
DA:1106,1
DA:1107,0
DA:1109,1
DA:1114,1
DA:1122,2
DA:1123,1
DA:1124,1
DA:1125,1
DA:1126,1
DA:1127,0
DA:1131,1
DA:1138,2
DA:1139,1
DA:1140,1
DA:1141,1
DA:1142,1
DA:1143,0
DA:1147,1
DA:1153,2
DA:1155,1
DA:1156,1
DA:1157,1
DA:1158,1
DA:1159,0
DA:1163,1
DA:1175,1
DA:1186,2
DA:1188,1
DA:1189,1
DA:1190,1
DA:1191,1
DA:1192,0
DA:1196,3
DA:1208,1
DA:1218,2
DA:1220,1
DA:1221,1
DA:1222,1
DA:1223,1
DA:1224,0
DA:1228,3
DA:1240,1
DA:1249,2
DA:1250,6
DA:1251,6
DA:1252,6
DA:1253,6
DA:1254,0
DA:1258,6
DA:1264,6
DA:1274,2
DA:1275,2
DA:1276,2
DA:1277,2
DA:1278,2
DA:1279,0
DA:1282,2
DA:1283,2
DA:1285,0
DA:1291,2
DA:1292,1
DA:1293,1
DA:1294,1
DA:1295,1
DA:1296,0
DA:1299,1
DA:1304,2
DA:1305,1
DA:1306,1
DA:1307,1
DA:1308,1
DA:1309,0
DA:1310,0
DA:1313,1
DA:1318,2
DA:1319,1
DA:1320,1
DA:1321,1
DA:1322,1
DA:1323,0
DA:1326,1
DA:1331,2
DA:1332,1
DA:1333,1
DA:1334,1
DA:1335,1
DA:1336,0
DA:1339,1
DA:1345,2
DA:1346,1
DA:1347,1
DA:1348,1
DA:1349,1
DA:1350,0
DA:1353,1
DA:1358,2
DA:1359,1
DA:1360,1
DA:1361,1
DA:1362,1
DA:1363,0
DA:1366,1
DA:1371,2
DA:1372,1
DA:1373,1
DA:1374,1
DA:1375,1
DA:1376,0
DA:1379,1
DA:1384,2
DA:1385,0
DA:1386,0
DA:1387,0
DA:1388,0
DA:1389,0
DA:1392,0
LF:613
LH:516
BRDA:9,0,0,0
BRDA:9,0,1,2
BRDA:20,1,0,0
BRDA:20,1,1,1
BRDA:38,2,0,0
BRDA:38,2,1,11
BRDA:57,3,0,0
BRDA:57,3,1,1
BRDA:75,4,0,0
BRDA:75,4,1,11
BRDA:93,5,0,0
BRDA:93,5,1,1
BRDA:114,6,0,0
BRDA:114,6,1,7
BRDA:133,7,0,0
BRDA:133,7,1,1
BRDA:153,8,0,0
BRDA:153,8,1,3
BRDA:172,9,0,0
BRDA:172,9,1,1
BRDA:190,10,0,0
BRDA:190,10,1,3
BRDA:204,11,0,0
BRDA:204,11,1,1
BRDA:221,12,0,0
BRDA:221,12,1,5
BRDA:235,13,0,0
BRDA:235,13,1,1
BRDA:249,14,0,0
BRDA:249,14,1,2
BRDA:267,15,0,0
BRDA:267,15,1,3
BRDA:288,16,0,0
BRDA:288,16,1,22
BRDA:291,17,0,6
BRDA:291,17,1,16
BRDA:306,18,0,0
BRDA:306,18,1,16
BRDA:309,19,0,13
BRDA:309,19,1,3
BRDA:324,20,0,0
BRDA:324,20,1,3
BRDA:327,21,0,3
BRDA:327,21,1,0
BRDA:369,22,0,0
BRDA:369,22,1,1
BRDA:373,23,0,0
BRDA:373,23,1,1
BRDA:385,24,0,3
BRDA:385,24,1,0
BRDA:385,25,0,0
BRDA:385,25,1,0
BRDA:385,26,0,0
BRDA:385,26,1,0
BRDA:401,27,0,0
BRDA:401,27,1,2
BRDA:405,28,0,2
BRDA:405,28,1,0
BRDA:433,29,0,0
BRDA:433,29,1,1
BRDA:445,30,0,0
BRDA:445,30,1,2
BRDA:457,31,0,0
BRDA:457,31,1,4
BRDA:469,32,0,0
BRDA:469,32,1,1
BRDA:481,33,0,0
BRDA:481,33,1,2
BRDA:495,34,0,0
BRDA:495,34,1,4
BRDA:498,35,0,0
BRDA:498,35,1,4
BRDA:521,36,0,0
BRDA:521,36,1,2
BRDA:524,37,0,0
BRDA:524,37,1,2
BRDA:527,38,0,2
BRDA:527,38,1,0
BRDA:527,39,0,0
BRDA:527,39,1,0
BRDA:527,40,0,0
BRDA:527,40,1,0
BRDA:538,41,0,0
BRDA:538,41,1,1
BRDA:550,42,0,0
BRDA:550,42,1,1
BRDA:565,43,0,0
BRDA:565,43,1,0
BRDA:565,44,0,0
BRDA:565,44,1,0
BRDA:565,45,0,0
BRDA:565,45,1,0
BRDA:580,46,0,0
BRDA:580,46,1,3
BRDA:592,47,0,1
BRDA:592,47,1,0
BRDA:592,48,0,0
BRDA:592,48,1,0
BRDA:592,49,0,0
BRDA:592,49,1,0
BRDA:609,50,0,0
BRDA:609,50,1,2
BRDA:613,51,0,0
BRDA:613,51,1,2
BRDA:633,52,0,0
BRDA:633,52,1,2
BRDA:637,53,0,0
BRDA:637,53,1,2
BRDA:656,54,0,0
BRDA:656,54,1,1
BRDA:671,55,0,0
BRDA:671,55,1,1
BRDA:686,56,0,0
BRDA:686,56,1,1
BRDA:700,57,0,0
BRDA:700,57,1,2
BRDA:713,58,0,0
BRDA:713,58,1,1
BRDA:726,59,0,0
BRDA:726,59,1,1
BRDA:739,60,0,0
BRDA:739,60,1,1
BRDA:752,61,0,0
BRDA:752,61,1,1
BRDA:765,62,0,0
BRDA:765,62,1,1
BRDA:778,63,0,0
BRDA:778,63,1,3
BRDA:783,64,0,3
BRDA:783,64,1,0
BRDA:797,65,0,0
BRDA:797,65,1,1
BRDA:802,66,0,1
BRDA:802,66,1,0
BRDA:818,67,0,0
BRDA:818,67,1,5
BRDA:822,68,0,0
BRDA:822,68,1,5
BRDA:842,69,0,0
BRDA:842,69,1,1
BRDA:860,70,0,0
BRDA:860,70,1,1
BRDA:875,71,0,0
BRDA:875,71,1,11
BRDA:880,72,0,11
BRDA:880,72,1,0
BRDA:894,73,0,0
BRDA:894,73,1,2
BRDA:907,74,0,0
BRDA:907,74,1,1
BRDA:920,75,0,0
BRDA:920,75,1,1
BRDA:933,76,0,0
BRDA:933,76,1,2
BRDA:949,77,0,0
BRDA:949,77,1,2
BRDA:965,78,0,0
BRDA:965,78,1,1
BRDA:980,79,0,0
BRDA:980,79,1,1
BRDA:993,80,0,0
BRDA:993,80,1,1
BRDA:1007,81,0,0
BRDA:1007,81,1,1
BRDA:1021,82,0,0
BRDA:1021,82,1,7
BRDA:1025,83,0,0
BRDA:1025,83,1,7
BRDA:1050,84,0,0
BRDA:1050,84,1,1
BRDA:1075,85,0,0
BRDA:1075,85,1,1
BRDA:1079,86,0,0
BRDA:1079,86,1,1
BRDA:1101,87,0,0
BRDA:1101,87,1,1
BRDA:1106,88,0,0
BRDA:1106,88,1,1
BRDA:1111,89,0,1
BRDA:1111,89,1,0
BRDA:1111,90,0,0
BRDA:1111,90,1,0
BRDA:1111,91,0,0
BRDA:1111,91,1,0
BRDA:1126,92,0,0
BRDA:1126,92,1,1
BRDA:1142,93,0,0
BRDA:1142,93,1,1
BRDA:1158,94,0,0
BRDA:1158,94,1,1
BRDA:1191,95,0,0
BRDA:1191,95,1,1
BRDA:1223,96,0,0
BRDA:1223,96,1,1
BRDA:1253,97,0,0
BRDA:1253,97,1,6
BRDA:1278,98,0,0
BRDA:1278,98,1,2
BRDA:1282,99,0,2
BRDA:1282,99,1,0
BRDA:1295,100,0,0
BRDA:1295,100,1,1
BRDA:1308,101,0,0
BRDA:1308,101,1,1
BRDA:1322,102,0,0
BRDA:1322,102,1,1
BRDA:1335,103,0,0
BRDA:1335,103,1,1
BRDA:1349,104,0,0
BRDA:1349,104,1,1
BRDA:1362,105,0,0
BRDA:1362,105,1,1
BRDA:1375,106,0,0
BRDA:1375,106,1,1
BRDA:1388,107,0,0
BRDA:1388,107,1,0
BRF:216
BRH:98
end_of_record
TN:
SF:index.js
FN:22,(anonymous_0)
FN:29,(anonymous_1)
FN:30,(anonymous_2)
FN:61,(anonymous_3)
FN:64,(anonymous_4)
FN:78,(anonymous_5)
FN:80,(anonymous_6)
FN:81,(anonymous_7)
FN:86,(anonymous_8)
FN:88,(anonymous_9)
FN:89,(anonymous_10)
FN:94,(anonymous_11)
FN:96,(anonymous_12)
FN:97,(anonymous_13)
FN:102,(anonymous_14)
FN:104,(anonymous_15)
FN:105,(anonymous_16)
FN:110,(anonymous_17)
FN:112,(anonymous_18)
FN:113,(anonymous_19)
FN:118,(anonymous_20)
FN:120,(anonymous_21)
FN:121,(anonymous_22)
FN:133,(anonymous_23)
FN:134,(anonymous_24)
FN:154,processTeacherThesis
FN:164,processStudentThesis
FN:174,processThesisDetails
FN:183,filterThesis
FN:194,validateThesis
FN:212,validateFilter
FN:215,(anonymous_31)
FN:226,validateExpDate
FN:241,(anonymous_33)
FN:242,(anonymous_34)
FN:259,(anonymous_35)
FN:278,(anonymous_36)
FN:279,(anonymous_37)
FN:328,(anonymous_38)
FN:330,(anonymous_39)
FN:368,(anonymous_40)
FN:369,(anonymous_41)
FN:381,(anonymous_42)
FN:410,(anonymous_43)
FN:424,(anonymous_44)
FN:425,(anonymous_45)
FN:450,(anonymous_46)
FN:452,(anonymous_47)
FN:455,(anonymous_48)
FN:456,(anonymous_49)
FN:485,(anonymous_50)
FN:503,(anonymous_51)
FN:504,(anonymous_52)
FN:530,(anonymous_53)
FN:550,(anonymous_54)
FN:551,(anonymous_55)
FN:604,processCoSupervisors
FN:611,processKeywords
FN:618,processTypes
FN:626,(anonymous_59)
FN:627,(anonymous_60)
FN:643,(anonymous_61)
FN:644,(anonymous_62)
FN:663,(anonymous_63)
FN:664,(anonymous_64)
FN:678,(anonymous_65)
FN:679,(anonymous_66)
FN:682,(anonymous_67)
FN:683,(anonymous_68)
FN:711,(anonymous_69)
FN:712,(anonymous_70)
FN:746,(anonymous_71)
FN:748,(anonymous_72)
FN:749,(anonymous_73)
FN:785,(anonymous_74)
FN:787,(anonymous_75)
FN:816,processIDS
FN:841,(anonymous_77)
FN:842,(anonymous_78)
FN:863,(anonymous_79)
FN:877,(anonymous_80)
FN:884,(anonymous_81)
FN:885,(anonymous_82)
FN:914,(anonymous_83)
FN:933,(anonymous_84)
FN:934,(anonymous_85)
FN:961,(anonymous_86)
FN:962,(anonymous_87)
FN:990,(anonymous_88)
FN:991,(anonymous_89)
FN:1019,(anonymous_90)
FN:1020,(anonymous_91)
FNF:92
FNH:86
FNDA:2,(anonymous_0)
FNDA:0,(anonymous_1)
FNDA:0,(anonymous_2)
FNDA:2,(anonymous_3)
FNDA:2,(anonymous_4)
FNDA:4,(anonymous_5)
FNDA:3,(anonymous_6)
FNDA:1,(anonymous_7)
FNDA:2,(anonymous_8)
FNDA:1,(anonymous_9)
FNDA:1,(anonymous_10)
FNDA:4,(anonymous_11)
FNDA:3,(anonymous_12)
FNDA:1,(anonymous_13)
FNDA:4,(anonymous_14)
FNDA:3,(anonymous_15)
FNDA:1,(anonymous_16)
FNDA:4,(anonymous_17)
FNDA:3,(anonymous_18)
FNDA:1,(anonymous_19)
FNDA:4,(anonymous_20)
FNDA:3,(anonymous_21)
FNDA:1,(anonymous_22)
FNDA:8,(anonymous_23)
FNDA:8,(anonymous_24)
FNDA:3,processTeacherThesis
FNDA:4,processStudentThesis
FNDA:7,processThesisDetails
FNDA:3,filterThesis
FNDA:7,validateThesis
FNDA:35,validateFilter
FNDA:43,(anonymous_31)
FNDA:7,validateExpDate
FNDA:4,(anonymous_33)
FNDA:4,(anonymous_34)
FNDA:4,(anonymous_35)
FNDA:8,(anonymous_36)
FNDA:8,(anonymous_37)
FNDA:4,(anonymous_38)
FNDA:4,(anonymous_39)
FNDA:9,(anonymous_40)
FNDA:9,(anonymous_41)
FNDA:2,(anonymous_42)
FNDA:0,(anonymous_43)
FNDA:8,(anonymous_44)
FNDA:8,(anonymous_45)
FNDA:4,(anonymous_46)
FNDA:14,(anonymous_47)
FNDA:7,(anonymous_48)
FNDA:7,(anonymous_49)
FNDA:0,(anonymous_50)
FNDA:7,(anonymous_51)
FNDA:7,(anonymous_52)
FNDA:0,(anonymous_53)
FNDA:12,(anonymous_54)
FNDA:12,(anonymous_55)
FNDA:3,processCoSupervisors
FNDA:3,processKeywords
FNDA:3,processTypes
FNDA:3,(anonymous_59)
FNDA:3,(anonymous_60)
FNDA:4,(anonymous_61)
FNDA:4,(anonymous_62)
FNDA:3,(anonymous_63)
FNDA:3,(anonymous_64)
FNDA:4,(anonymous_65)
FNDA:14,(anonymous_66)
FNDA:6,(anonymous_67)
FNDA:6,(anonymous_68)
FNDA:8,(anonymous_69)
FNDA:8,(anonymous_70)
FNDA:7,(anonymous_71)
FNDA:7,(anonymous_72)
FNDA:7,(anonymous_73)
FNDA:8,(anonymous_74)
FNDA:8,(anonymous_75)
FNDA:6,processIDS
FNDA:7,(anonymous_77)
FNDA:7,(anonymous_78)
FNDA:1,(anonymous_79)
FNDA:8,(anonymous_80)
FNDA:6,(anonymous_81)
FNDA:6,(anonymous_82)
FNDA:0,(anonymous_83)
FNDA:6,(anonymous_84)
FNDA:6,(anonymous_85)
FNDA:6,(anonymous_86)
FNDA:6,(anonymous_87)
FNDA:6,(anonymous_88)
FNDA:6,(anonymous_89)
FNDA:6,(anonymous_90)
FNDA:6,(anonymous_91)
DA:2,2
DA:3,2
DA:4,2
DA:5,2
DA:6,2
DA:7,2
DA:8,2
DA:9,2
DA:10,2
DA:11,2
DA:12,2
DA:13,2
DA:14,2
DA:15,2
DA:16,2
DA:17,2
DA:19,2
DA:22,2
DA:23,2
DA:24,2
DA:29,2
DA:30,0
DA:31,0
DA:32,0
DA:36,2
DA:41,2
DA:45,2
DA:47,2
DA:54,2
DA:56,2
DA:57,0
DA:60,2
DA:62,2
DA:65,2
DA:69,2
DA:76,2
DA:78,2
DA:79,4
DA:80,3
DA:82,1
DA:86,2
DA:87,2
DA:88,1
DA:90,1
DA:94,2
DA:95,4
DA:96,3
DA:98,1
DA:102,2
DA:103,4
DA:104,3
DA:106,1
DA:110,2
DA:111,4
DA:112,3
DA:114,1
DA:118,2
DA:119,4
DA:120,3
DA:122,1
DA:133,2
DA:134,8
DA:135,8
DA:136,8
DA:137,7
DA:138,7
DA:139,3
DA:140,3
DA:141,4
DA:142,4
DA:143,4
DA:145,7
DA:148,8
DA:155,3
DA:156,3
DA:157,3
DA:158,2
DA:161,1
DA:165,4
DA:166,4
DA:167,4
DA:168,2
DA:171,2
DA:175,7
DA:176,17
DA:177,17
DA:178,17
DA:180,7
DA:184,3
DA:185,3
DA:186,7
DA:187,7
DA:188,4
DA:191,3
DA:195,7
DA:196,7
DA:197,7
DA:198,7
DA:199,7
DA:201,7
DA:202,7
DA:203,7
DA:204,7
DA:205,7
DA:206,7
DA:207,7
DA:209,7
DA:213,35
DA:214,25
DA:215,25
DA:216,43
DA:217,20
DA:220,25
DA:221,25
DA:223,10
DA:227,7
DA:228,5
DA:229,5
DA:231,5
DA:233,5
DA:235,2
DA:241,2
DA:242,4
DA:243,4
DA:245,4
DA:246,1
DA:249,3
DA:251,3
DA:252,2
DA:254,1
DA:259,4
DA:274,2
DA:279,8
DA:280,8
DA:281,8
DA:282,1
DA:285,7
DA:286,7
DA:287,7
DA:288,7
DA:289,7
DA:290,7
DA:291,7
DA:292,7
DA:293,7
DA:294,7
DA:296,7
DA:298,7
DA:299,7
DA:300,7
DA:301,6
DA:302,6
DA:303,4
DA:304,3
DA:305,5
DA:308,3
DA:309,6
DA:312,3
DA:313,5
DA:316,3
DA:317,3
DA:319,1
DA:322,1
DA:328,2
DA:330,4
DA:331,4
DA:333,4
DA:334,1
DA:337,3
DA:338,3
DA:339,2
DA:340,2
DA:341,2
DA:342,2
DA:343,2
DA:344,2
DA:346,2
DA:361,2
DA:363,1
DA:368,2
DA:369,9
DA:370,9
DA:371,9
DA:372,9
DA:373,1
DA:375,8
DA:376,8
DA:377,7
DA:378,7
DA:379,7
DA:381,7
DA:382,7
DA:383,7
DA:384,1
DA:387,6
DA:388,2
DA:391,4
DA:393,3
DA:395,3
DA:396,2
DA:399,3
DA:401,3
DA:410,3
DA:411,0
DA:412,0
DA:414,0
DA:416,3
DA:418,1
DA:424,2
DA:425,8
DA:426,8
DA:427,8
DA:428,7
DA:429,7
DA:430,3
DA:431,3
DA:433,4
DA:434,3
DA:435,3
DA:436,5
DA:437,5
DA:439,3
DA:443,1
DA:445,1
DA:450,4
DA:452,14
DA:455,2
DA:456,7
DA:457,7
DA:458,7
DA:459,7
DA:460,1
DA:463,6
DA:464,6
DA:466,6
DA:468,6
DA:469,6
DA:470,5
DA:471,1
DA:473,4
DA:474,4
DA:475,2
DA:476,2
DA:477,2
DA:478,2
DA:485,2
DA:486,0
DA:487,0
DA:489,0
DA:491,2
DA:493,2
DA:498,1
DA:503,2
DA:504,7
DA:505,7
DA:507,7
DA:508,7
DA:509,1
DA:511,6
DA:512,6
DA:513,6
DA:514,6
DA:515,5
DA:516,5
DA:517,1
DA:519,4
DA:520,4
DA:521,2
DA:523,2
DA:530,2
DA:531,0
DA:532,0
DA:534,0
DA:536,2
DA:538,2
DA:542,1
DA:547,2
DA:551,12
DA:552,12
DA:553,12
DA:554,2
DA:557,10
DA:558,10
DA:559,1
DA:562,9
DA:563,9
DA:565,8
DA:566,1
DA:569,7
DA:570,7
DA:571,1
DA:574,6
DA:575,6
DA:576,6
DA:577,1
DA:580,5
DA:581,5
DA:582,2
DA:585,3
DA:587,3
DA:588,3
DA:589,3
DA:591,3
DA:592,2
DA:595,3
DA:597,3
DA:599,1
DA:605,3
DA:606,3
DA:607,5
DA:612,3
DA:613,3
DA:614,6
DA:619,3
DA:620,3
DA:621,5
DA:626,2
DA:627,3
DA:628,3
DA:629,3
DA:630,2
DA:633,1
DA:639,2
DA:644,4
DA:645,4
DA:646,4
DA:647,1
DA:650,3
DA:651,3
DA:652,2
DA:655,1
DA:663,2
DA:664,3
DA:665,3
DA:666,3
DA:667,2
DA:668,2
DA:669,2
DA:672,1
DA:678,4
DA:679,14
DA:682,2
DA:683,6
DA:684,6
DA:686,6
DA:687,6
DA:688,1
DA:690,5
DA:691,5
DA:692,4
DA:693,1
DA:696,3
DA:697,3
DA:698,2
DA:699,2
DA:700,2
DA:702,1
DA:705,1
DA:711,2
DA:712,8
DA:713,8
DA:715,8
DA:716,8
DA:717,1
DA:719,7
DA:720,7
DA:721,6
DA:722,1
DA:725,5
DA:726,5
DA:727,1
DA:730,4
DA:731,4
DA:732,2
DA:733,2
DA:735,2
DA:737,2
DA:740,1
DA:745,2
DA:746,7
DA:749,7
DA:750,7
DA:751,7
DA:752,7
DA:753,1
DA:755,6
DA:756,6
DA:758,6
DA:759,5
DA:760,1
DA:763,4
DA:764,4
DA:765,3
DA:766,3
DA:767,3
DA:768,3
DA:769,3
DA:770,2
DA:773,3
DA:778,1
DA:785,2
DA:787,8
DA:788,8
DA:789,8
DA:790,7
DA:791,2
DA:792,2
DA:793,2
DA:794,5
DA:795,2
DA:796,2
DA:797,2
DA:798,3
DA:799,2
DA:800,2
DA:801,2
DA:803,1
DA:806,1
DA:817,6
DA:818,10
DA:819,10
DA:820,10
DA:821,10
DA:822,10
DA:823,10
DA:824,10
DA:825,10
DA:828,6
DA:831,2
DA:842,7
DA:843,7
DA:844,7
DA:845,1
DA:848,6
DA:849,6
DA:850,6
DA:851,6
DA:853,6
DA:854,6
DA:855,5
DA:856,4
DA:857,4
DA:858,4
DA:859,4
DA:860,4
DA:861,4
DA:862,4
DA:863,4
DA:864,4
DA:865,2
DA:866,2
DA:867,3
DA:870,2
DA:872,1
DA:877,8
DA:881,2
DA:885,6
DA:886,6
DA:887,6
DA:888,1
DA:890,5
DA:892,5
DA:893,5
DA:894,4
DA:896,4
DA:898,3
DA:900,2
DA:902,2
DA:903,2
DA:904,2
DA:906,2
DA:914,2
DA:915,0
DA:916,0
DA:918,0
DA:921,2
DA:924,1
DA:930,2
DA:934,6
DA:935,6
DA:936,6
DA:937,1
DA:939,5
DA:941,5
DA:942,5
DA:943,4
DA:945,4
DA:946,3
DA:948,2
DA:949,2
DA:951,1
DA:958,2
DA:962,6
DA:963,6
DA:964,6
DA:965,1
DA:967,5
DA:969,5
DA:970,5
DA:971,4
DA:973,4
DA:974,3
DA:976,2
DA:977,2
DA:978,2
DA:980,1
DA:987,2
DA:991,6
DA:992,6
DA:993,6
DA:994,1
DA:996,5
DA:998,5
DA:999,5
DA:1000,4
DA:1002,4
DA:1003,3
DA:1005,2
DA:1006,2
DA:1008,1
DA:1013,2
DA:1020,6
DA:1021,6
DA:1022,6
DA:1023,1
DA:1025,5
DA:1026,5
DA:1027,5
DA:1028,5
DA:1029,4
DA:1030,3
DA:1031,3
DA:1032,2
DA:1033,2
DA:1035,1
DA:1041,2
LF:536
LH:520
BRDA:8,0,0,2
BRDA:8,0,1,2
BRDA:56,1,0,0
BRDA:56,1,1,2
BRDA:138,2,0,3
BRDA:138,2,1,4
BRDA:141,3,0,4
BRDA:141,3,1,0
BRDA:142,4,0,3
BRDA:142,4,1,1
BRDA:157,5,0,2
BRDA:157,5,1,1
BRDA:167,6,0,2
BRDA:167,6,1,2
BRDA:178,7,0,7
BRDA:178,7,1,10
BRDA:187,8,0,4
BRDA:187,8,1,3
BRDA:209,9,0,7
BRDA:209,9,1,5
BRDA:209,9,2,5
BRDA:209,9,3,5
BRDA:209,9,4,5
BRDA:209,9,5,4
BRDA:213,10,0,25
BRDA:213,10,1,10
BRDA:213,11,0,35
BRDA:213,11,1,25
BRDA:216,12,0,20
BRDA:216,12,1,23
BRDA:227,13,0,5
BRDA:227,13,1,2
BRDA:231,14,0,5
BRDA:231,14,1,0
BRDA:245,15,0,1
BRDA:245,15,1,3
BRDA:245,16,0,4
BRDA:245,16,1,3
BRDA:281,17,0,1
BRDA:281,17,1,7
BRDA:300,18,0,6
BRDA:300,18,1,1
BRDA:302,19,0,2
BRDA:302,19,1,4
BRDA:302,20,0,3
BRDA:302,20,1,3
BRDA:333,21,0,1
BRDA:333,21,1,3
BRDA:333,22,0,4
BRDA:333,22,1,4
BRDA:372,23,0,1
BRDA:372,23,1,8
BRDA:372,24,0,9
BRDA:372,24,1,8
BRDA:381,25,0,2
BRDA:381,25,1,1
BRDA:383,26,0,1
BRDA:383,26,1,6
BRDA:387,27,0,2
BRDA:387,27,1,4
BRDA:387,28,0,6
BRDA:387,28,1,5
BRDA:391,29,0,1
BRDA:391,29,1,3
BRDA:393,30,0,2
BRDA:393,30,1,1
BRDA:395,31,0,2
BRDA:395,31,1,1
BRDA:411,32,0,0
BRDA:411,32,1,0
BRDA:429,33,0,3
BRDA:429,33,1,4
BRDA:433,34,0,3
BRDA:433,34,1,1
BRDA:459,35,0,1
BRDA:459,35,1,6
BRDA:470,36,0,1
BRDA:470,36,1,4
BRDA:474,37,0,2
BRDA:474,37,1,2
BRDA:474,38,0,4
BRDA:474,38,1,3
BRDA:486,39,0,0
BRDA:486,39,1,0
BRDA:508,40,0,1
BRDA:508,40,1,6
BRDA:516,41,0,1
BRDA:516,41,1,4
BRDA:520,42,0,2
BRDA:520,42,1,2
BRDA:520,43,0,4
BRDA:520,43,1,3
BRDA:531,44,0,0
BRDA:531,44,1,0
BRDA:553,45,0,2
BRDA:553,45,1,10
BRDA:553,46,0,12
BRDA:553,46,1,11
BRDA:558,47,0,1
BRDA:558,47,1,9
BRDA:565,48,0,1
BRDA:565,48,1,7
BRDA:570,49,0,1
BRDA:570,49,1,6
BRDA:576,50,0,1
BRDA:576,50,1,5
BRDA:581,51,0,2
BRDA:581,51,1,3
BRDA:581,52,0,3
BRDA:581,52,1,2
BRDA:591,53,0,2
BRDA:591,53,1,1
BRDA:646,54,0,1
BRDA:646,54,1,3
BRDA:687,55,0,1
BRDA:687,55,1,5
BRDA:692,56,0,1
BRDA:692,56,1,3
BRDA:697,57,0,2
BRDA:697,57,1,1
BRDA:697,58,0,3
BRDA:697,58,1,2
BRDA:716,59,0,1
BRDA:716,59,1,7
BRDA:721,60,0,1
BRDA:721,60,1,5
BRDA:726,61,0,1
BRDA:726,61,1,4
BRDA:731,62,0,2
BRDA:731,62,1,2
BRDA:731,63,0,4
BRDA:731,63,1,3
BRDA:752,64,0,1
BRDA:752,64,1,6
BRDA:759,65,0,1
BRDA:759,65,1,4
BRDA:764,66,0,1
BRDA:764,66,1,3
BRDA:769,67,0,2
BRDA:769,67,1,1
BRDA:790,68,0,2
BRDA:790,68,1,5
BRDA:794,69,0,2
BRDA:794,69,1,3
BRDA:798,70,0,2
BRDA:798,70,1,1
BRDA:844,71,0,1
BRDA:844,71,1,6
BRDA:855,72,0,1
BRDA:855,72,1,4
BRDA:863,73,0,1
BRDA:863,73,1,1
BRDA:864,74,0,2
BRDA:864,74,1,2
BRDA:864,75,0,4
BRDA:864,75,1,3
BRDA:887,76,0,1
BRDA:887,76,1,5
BRDA:896,77,0,1
BRDA:896,77,1,3
BRDA:898,78,0,1
BRDA:898,78,1,2
BRDA:915,79,0,0
BRDA:915,79,1,0
BRDA:936,80,0,1
BRDA:936,80,1,5
BRDA:945,81,0,1
BRDA:945,81,1,3
BRDA:946,82,0,1
BRDA:946,82,1,2
BRDA:964,83,0,1
BRDA:964,83,1,5
BRDA:973,84,0,1
BRDA:973,84,1,3
BRDA:974,85,0,1
BRDA:974,85,1,2
BRDA:993,86,0,1
BRDA:993,86,1,5
BRDA:1002,87,0,1
BRDA:1002,87,1,3
BRDA:1003,88,0,1
BRDA:1003,88,1,2
BRDA:1022,89,0,1
BRDA:1022,89,1,5
BRDA:1029,90,0,1
BRDA:1029,90,1,3
BRDA:1031,91,0,1
BRDA:1031,91,1,2
BRF:188
BRH:177
end_of_record
TN:
SF:test\insert4test.js
FN:5,(anonymous_0)
FN:6,(anonymous_1)
FN:166,(anonymous_2)
FN:167,(anonymous_3)
FN:168,(anonymous_4)
FN:175,(anonymous_5)
FN:186,handleError
FN:191,(anonymous_7)
FN:192,(anonymous_8)
FN:194,(anonymous_9)
FN:204,(anonymous_10)
FN:205,(anonymous_11)
FN:207,(anonymous_12)
FN:217,(anonymous_13)
FN:218,(anonymous_14)
FN:220,(anonymous_15)
FN:230,(anonymous_16)
FN:231,(anonymous_17)
FN:233,(anonymous_18)
FN:243,(anonymous_19)
FN:244,(anonymous_20)
FN:246,(anonymous_21)
FN:256,(anonymous_22)
FN:257,(anonymous_23)
FN:259,(anonymous_24)
FN:269,(anonymous_25)
FN:270,(anonymous_26)
FN:272,(anonymous_27)
FN:282,(anonymous_28)
FN:283,(anonymous_29)
FN:285,(anonymous_30)
FN:295,(anonymous_31)
FN:296,(anonymous_32)
FN:298,(anonymous_33)
FN:308,(anonymous_34)
FN:309,(anonymous_35)
FN:311,(anonymous_36)
FN:321,(anonymous_37)
FN:322,(anonymous_38)
FN:324,(anonymous_39)
FN:334,(anonymous_40)
FN:335,(anonymous_41)
FN:338,(anonymous_42)
FN:348,(anonymous_43)
FN:349,(anonymous_44)
FN:352,(anonymous_45)
FN:362,(anonymous_46)
FN:363,(anonymous_47)
FN:365,(anonymous_48)
FN:375,(anonymous_49)
FN:376,(anonymous_50)
FN:378,(anonymous_51)
FN:388,(anonymous_52)
FN:389,(anonymous_53)
FN:391,(anonymous_54)
FN:402,(anonymous_55)
FN:403,(anonymous_56)
FN:405,(anonymous_57)
FN:415,(anonymous_58)
FN:416,(anonymous_59)
FN:418,(anonymous_60)
FN:428,(anonymous_61)
FN:429,(anonymous_62)
FN:432,(anonymous_63)
FNF:64
FNH:57
FNDA:1,(anonymous_0)
FNDA:1,(anonymous_1)
FNDA:1,(anonymous_2)
FNDA:20,(anonymous_3)
FNDA:20,(anonymous_4)
FNDA:1,(anonymous_5)
FNDA:0,handleError
FNDA:4,(anonymous_7)
FNDA:4,(anonymous_8)
FNDA:4,(anonymous_9)
FNDA:5,(anonymous_10)
FNDA:5,(anonymous_11)
FNDA:5,(anonymous_12)
FNDA:0,(anonymous_13)
FNDA:0,(anonymous_14)
FNDA:0,(anonymous_15)
FNDA:2,(anonymous_16)
FNDA:2,(anonymous_17)
FNDA:2,(anonymous_18)
FNDA:1,(anonymous_19)
FNDA:1,(anonymous_20)
FNDA:1,(anonymous_21)
FNDA:0,(anonymous_22)
FNDA:0,(anonymous_23)
FNDA:0,(anonymous_24)
FNDA:13,(anonymous_25)
FNDA:13,(anonymous_26)
FNDA:13,(anonymous_27)
FNDA:6,(anonymous_28)
FNDA:6,(anonymous_29)
FNDA:6,(anonymous_30)
FNDA:1,(anonymous_31)
FNDA:1,(anonymous_32)
FNDA:1,(anonymous_33)
FNDA:10,(anonymous_34)
FNDA:10,(anonymous_35)
FNDA:10,(anonymous_36)
FNDA:4,(anonymous_37)
FNDA:4,(anonymous_38)
FNDA:4,(anonymous_39)
FNDA:4,(anonymous_40)
FNDA:4,(anonymous_41)
FNDA:4,(anonymous_42)
FNDA:3,(anonymous_43)
FNDA:3,(anonymous_44)
FNDA:3,(anonymous_45)
FNDA:1,(anonymous_46)
FNDA:1,(anonymous_47)
FNDA:1,(anonymous_48)
FNDA:1,(anonymous_49)
FNDA:1,(anonymous_50)
FNDA:1,(anonymous_51)
FNDA:8,(anonymous_52)
FNDA:8,(anonymous_53)
FNDA:8,(anonymous_54)
FNDA:1,(anonymous_55)
FNDA:1,(anonymous_56)
FNDA:1,(anonymous_57)
FNDA:1,(anonymous_58)
FNDA:1,(anonymous_59)
FNDA:1,(anonymous_60)
FNDA:48,(anonymous_61)
FNDA:48,(anonymous_62)
FNDA:48,(anonymous_63)
DA:1,1
DA:2,1
DA:5,1
DA:6,1
DA:7,1
DA:8,1
DA:166,1
DA:167,1
DA:168,20
DA:169,20
DA:170,0
DA:175,1
DA:176,1
DA:177,0
DA:179,1
DA:180,1
DA:187,0
DA:188,0
DA:191,1
DA:192,4
DA:193,4
DA:194,4
DA:195,4
DA:196,0
DA:198,4
DA:204,1
DA:205,5
DA:206,5
DA:207,5
DA:208,5
DA:209,0
DA:211,5
DA:217,1
DA:218,0
DA:219,0
DA:220,0
DA:221,0
DA:222,0
DA:224,0
DA:230,1
DA:231,2
DA:232,2
DA:233,2
DA:234,2
DA:235,0
DA:237,2
DA:243,1
DA:244,1
DA:245,1
DA:246,1
DA:247,1
DA:248,0
DA:250,1
DA:256,1
DA:257,0
DA:258,0
DA:259,0
DA:260,0
DA:261,0
DA:263,0
DA:269,1
DA:270,13
DA:271,13
DA:272,13
DA:273,13
DA:274,0
DA:276,13
DA:282,1
DA:283,6
DA:284,6
DA:285,6
DA:286,6
DA:287,0
DA:289,6
DA:295,1
DA:296,1
DA:297,1
DA:298,1
DA:299,1
DA:300,0
DA:302,1
DA:308,1
DA:309,10
DA:310,10
DA:311,10
DA:312,10
DA:313,0
DA:315,10
DA:321,1
DA:322,4
DA:323,4
DA:324,4
DA:325,4
DA:326,0
DA:328,4
DA:334,1
DA:335,4
DA:336,4
DA:338,4
DA:339,4
DA:340,0
DA:342,4
DA:348,1
DA:349,3
DA:350,3
DA:352,3
DA:353,3
DA:354,0
DA:356,3
DA:362,1
DA:363,1
DA:364,1
DA:365,1
DA:366,1
DA:367,0
DA:369,1
DA:375,1
DA:376,1
DA:377,1
DA:378,1
DA:379,1
DA:380,0
DA:382,1
DA:388,1
DA:389,8
DA:390,8
DA:391,8
DA:392,8
DA:393,0
DA:395,8
DA:402,1
DA:403,1
DA:404,1
DA:405,1
DA:406,1
DA:407,0
DA:409,1
DA:415,1
DA:416,1
DA:417,1
DA:418,1
DA:419,1
DA:420,0
DA:422,1
DA:428,1
DA:429,48
DA:430,48
DA:432,48
DA:433,48
DA:434,0
DA:436,48
LF:151
LH:118
BRDA:169,0,0,0
BRDA:169,0,1,20
BRDA:176,1,0,0
BRDA:176,1,1,1
BRDA:195,2,0,0
BRDA:195,2,1,4
BRDA:208,3,0,0
BRDA:208,3,1,5
BRDA:221,4,0,0
BRDA:221,4,1,0
BRDA:234,5,0,0
BRDA:234,5,1,2
BRDA:247,6,0,0
BRDA:247,6,1,1
BRDA:260,7,0,0
BRDA:260,7,1,0
BRDA:273,8,0,0
BRDA:273,8,1,13
BRDA:286,9,0,0
BRDA:286,9,1,6
BRDA:299,10,0,0
BRDA:299,10,1,1
BRDA:312,11,0,0
BRDA:312,11,1,10
BRDA:325,12,0,0
BRDA:325,12,1,4
BRDA:339,13,0,0
BRDA:339,13,1,4
BRDA:353,14,0,0
BRDA:353,14,1,3
BRDA:366,15,0,0
BRDA:366,15,1,1
BRDA:379,16,0,0
BRDA:379,16,1,1
BRDA:392,17,0,0
BRDA:392,17,1,8
BRDA:406,18,0,0
BRDA:406,18,1,1
BRDA:419,19,0,0
BRDA:419,19,1,1
BRDA:433,20,0,0
BRDA:433,20,1,48
BRF:42
BRH:19
end_of_record
